This is XeTeX, Version 3.141592653-2.6-0.999995 (TeX Live 2023) (preloaded format=xelatex 2024.1.5)  14 JAN 2026 04:51
entering extended mode
 \write18 enabled.
 %&-line parsing enabled.
**main.tex
(./main.tex
LaTeX2e <2022-11-01> patch level 1
L3 programming layer <2023-02-22>
(c:/texlive/2023/texmf-dist/tex/latex/extsizes/extarticle.cls
Document Class: extarticle 1996/10/08 v1.0 Non Standard LaTeX document class
(c:/texlive/2023/texmf-dist/tex/latex/extsizes/size14.clo
File: size14.clo 1999/11/11 v1.4a NON-Standard LaTeX file (size option)
)
(c:/texlive/2023/texmf-dist/tex/latex/base/exscale.sty
Package: exscale 2018/09/24 v2.1i Standard LaTeX package exscale
LaTeX Font Info:    Redeclaring symbol font `largesymbols' on input line 57.
LaTeX Font Info:    Overwriting symbol font `largesymbols' in version `normal'
(Font)                  OMX/cmex/m/n --> OMX/cmex/m/n on input line 57.
LaTeX Font Info:    Overwriting symbol font `largesymbols' in version `bold'
(Font)                  OMX/cmex/m/n --> OMX/cmex/m/n on input line 57.
\big@size=\dimen140
)
\c@part=\count181
\c@section=\count182
\c@subsection=\count183
\c@subsubsection=\count184
\c@paragraph=\count185
\c@subparagraph=\count186
\c@figure=\count187
\c@table=\count188
\abovecaptionskip=\skip48
\belowcaptionskip=\skip49
\bibindent=\dimen141
)
(c:/texlive/2023/texmf-dist/tex/generic/iftex/iftex.sty
Package: iftex 2022/02/03 v1.0f TeX engine tests
)
(c:/texlive/2023/texmf-dist/tex/latex/fontspec/fontspec.sty
(c:/texlive/2023/texmf-dist/tex/latex/l3packages/xparse/xparse.sty
(c:/texlive/2023/texmf-dist/tex/latex/l3kernel/expl3.sty
Package: expl3 2023-02-22 L3 programming layer (loader) 

(c:/texlive/2023/texmf-dist/tex/latex/l3backend/l3backend-xetex.def
File: l3backend-xetex.def 2023-01-16 L3 backend support: XeTeX
\g__graphics_track_int=\count189
\l__pdf_internal_box=\box51
\g__pdf_backend_object_int=\count190
\g__pdf_backend_annotation_int=\count191
\g__pdf_backend_link_int=\count192
))
Package: xparse 2023-02-02 L3 Experimental document command parser
)
Package: fontspec 2022/01/15 v2.8a Font selection for XeLaTeX and LuaLaTeX

(c:/texlive/2023/texmf-dist/tex/latex/fontspec/fontspec-xetex.sty
Package: fontspec-xetex 2022/01/15 v2.8a Font selection for XeLaTeX and LuaLaTe
X
\l__fontspec_script_int=\count193
\l__fontspec_language_int=\count194
\l__fontspec_strnum_int=\count195
\l__fontspec_tmp_int=\count196
\l__fontspec_tmpa_int=\count197
\l__fontspec_tmpb_int=\count198
\l__fontspec_tmpc_int=\count199
\l__fontspec_em_int=\count266
\l__fontspec_emdef_int=\count267
\l__fontspec_strong_int=\count268
\l__fontspec_strongdef_int=\count269
\l__fontspec_tmpa_dim=\dimen142
\l__fontspec_tmpb_dim=\dimen143
\l__fontspec_tmpc_dim=\dimen144

(c:/texlive/2023/texmf-dist/tex/latex/base/fontenc.sty
Package: fontenc 2021/04/29 v2.0v Standard LaTeX package
)
(c:/texlive/2023/texmf-dist/tex/latex/fontspec/fontspec.cfg)))
(c:/texlive/2023/texmf-dist/tex/latex/polyglossia/polyglossia.sty
Package: polyglossia 2023/02/11 v1.60 Modern multilingual typesetting with XeLa
TeX and LuaLaTeX

(c:/texlive/2023/texmf-dist/tex/latex/etoolbox/etoolbox.sty
Package: etoolbox 2020/10/05 v2.5k e-TeX tools for LaTeX (JAW)
\etb@tempcnta=\count270
)
(c:/texlive/2023/texmf-dist/tex/latex/makecmds/makecmds.sty
Package: makecmds 2009/09/03 v1.0a extra command making commands
)
(c:/texlive/2023/texmf-dist/tex/latex/xkeyval/xkeyval.sty
Package: xkeyval 2022/06/16 v2.9 package option processing (HA)

(c:/texlive/2023/texmf-dist/tex/generic/xkeyval/xkeyval.tex
(c:/texlive/2023/texmf-dist/tex/generic/xkeyval/xkvutils.tex
\XKV@toks=\toks16
\XKV@tempa@toks=\toks17

(c:/texlive/2023/texmf-dist/tex/generic/xkeyval/keyval.tex))
\XKV@depth=\count271
File: xkeyval.tex 2014/12/03 v2.7a key=value parser (HA)
))
(c:/texlive/2023/texmf-dist/tex/latex/l3packages/l3keys2e/l3keys2e.sty
Package: l3keys2e 2023-02-02 LaTeX2e option processing using LaTeX3 keys
)
\xpg@normalclass=\XeTeXcharclass1

(c:/texlive/2023/texmf-dist/tex/latex/polyglossia/gloss-latex.lde
Package: gloss-latex 2023/02/11 vv1.60 polyglossia: module for default language

The property list \polyglossia@langsetup contains the pairs (without outer
braces):
>  {latex/script}  =>  {latin}
>  {latex/lcscript}  =>  {latin}
>  {latex/scripttag}  =>  {}
>  {latex/language}  =>  {Latex}
>  {latex/langtag}  =>  {ENG}
>  {latex/bcp47}  =>  {}
>  {latex/hyphennames}  =>  {english}
>  {latex/direction}  =>  {LR}
>  {latex/hyphenmins}  =>  {2,3}
>  {latex/frenchspacing}  =>  {false}
>  {latex/indentfirst}  =>  {false}
>  {latex/fontsetup}  =>  {true}
>  {latex/envname}  =>  {latex}
>  {latex/babelname}  =>  {latex}
>  {latex/localnumeral}  =>  {polyglossia@C@localnumeral}
>  {latex/Localnumeral}  =>  {polyglossia@C@localnumeral}
>  {latex/DefineCommandsCmd}  =>  {use_none:n}.
)
Package polyglossia Info: Default language is latex.
)
(c:/texlive/2023/texmf-dist/tex/latex/polyglossia/gloss-russian.ldf
File: gloss-russian.ldf polyglossia: module for Russian

(c:/texlive/2023/texmf-dist/tex/latex/polyglossia/xpg-cyrillicnumbers.sty
Package: xpg-cyrillicnumbers 2019/11/15 v0.2 Formatting of Cyrillic alphabetic 
numbers
)
The property list \polyglossia@langsetup contains the pairs (without outer
braces):
>  {latex/script}  =>  {latin}
>  {latex/lcscript}  =>  {latin}
>  {latex/scripttag}  =>  {}
>  {latex/language}  =>  {Latex}
>  {latex/langtag}  =>  {ENG}
>  {latex/bcp47}  =>  {}
>  {latex/hyphennames}  =>  {english}
>  {latex/direction}  =>  {LR}
>  {latex/hyphenmins}  =>  {2,3}
>  {latex/frenchspacing}  =>  {false}
>  {latex/indentfirst}  =>  {false}
>  {latex/fontsetup}  =>  {true}
>  {latex/envname}  =>  {latex}
>  {latex/babelname}  =>  {latex}
>  {latex/localnumeral}  =>  {polyglossia@C@localnumeral}
>  {latex/Localnumeral}  =>  {polyglossia@C@localnumeral}
>  {latex/DefineCommandsCmd}  =>  {use_none:n}
>  {russian/script}  =>  {Cyrillic}
>  {russian/lcscript}  =>  {cyrillic}
>  {russian/scripttag}  =>  {cyrl}
>  {russian/language}  =>  {Russian}
>  {russian/langtag}  =>  {RUS}
>  {russian/bcp47}  =>  {ru}
>  {russian/hyphennames}  =>  {russian}
>  {russian/direction}  =>  {LR}
>  {russian/hyphenmins}  =>  {2,2}
>  {russian/frenchspacing}  =>  {true}
>  {russian/indentfirst}  =>  {true}
>  {russian/fontsetup}  =>  {true}
>  {russian/envname}  =>  {russian}
>  {russian/babelname}  =>  {russian}
>  {russian/localnumeral}  =>  {russiannumerals}
>  {russian/Localnumeral}  =>  {Russiannumerals}
>  {russian/DefineCommandsCmd}  =>  {xpg_define_language_commands:e}.
Package polyglossia Info: Option: Russian, numerals=arabic.

(c:/texlive/2023/texmf-dist/tex/latex/polyglossia/babelsh.def
File: babelsh.def 2022/06/21 Babel common definitions for shorthands
 Taken verbatim from babel files (2022/06/06 v3.76)
)
Package babel Info: Making " an active character on input line 99.
)
Package polyglossia Info: Default language is russian.

Package fontspec Info: Font family 'TimesNewRoman(0)' created for font 'Times
(fontspec)             New Roman' with options [Ligatures=TeX].
(fontspec)              
(fontspec)              This font family consists of the following NFSS
(fontspec)             series/shapes:
(fontspec)              
(fontspec)             - 'normal' (m/n) with NFSS spec.: <->"Times New
(fontspec)             Roman/OT:script=latn;language=dflt;mapping=tex-text;"
(fontspec)             - 'small caps'  (m/sc) with NFSS spec.: <->"Times New
(fontspec)             Roman/OT:script=latn;language=dflt;+smcp;mapping=tex-tex
t;"
(fontspec)             - 'bold' (b/n) with NFSS spec.: <->"Times New
(fontspec)             Roman/B/OT:script=latn;language=dflt;mapping=tex-text;"
(fontspec)             - 'bold small caps'  (b/sc) with NFSS spec.: <->"Times
(fontspec)             New
(fontspec)             Roman/B/OT:script=latn;language=dflt;+smcp;mapping=tex-t
ext;"
(fontspec)             - 'italic' (m/it) with NFSS spec.: <->"Times New
(fontspec)             Roman/I/OT:script=latn;language=dflt;mapping=tex-text;"
(fontspec)             - 'italic small caps'  (m/scit) with NFSS spec.:
(fontspec)             <->"Times New
(fontspec)             Roman/I/OT:script=latn;language=dflt;+smcp;mapping=tex-t
ext;"
(fontspec)             - 'bold italic' (b/it) with NFSS spec.: <->"Times New
(fontspec)             Roman/BI/OT:script=latn;language=dflt;mapping=tex-text;"

(fontspec)             - 'bold italic small caps'  (b/scit) with NFSS spec.:
(fontspec)             <->"Times New
(fontspec)             Roman/BI/OT:script=latn;language=dflt;+smcp;mapping=tex-
text;"


Package fontspec Info: Font family 'Arial(0)' created for font 'Arial' with
(fontspec)             options [Ligatures=TeX].
(fontspec)              
(fontspec)              This font family consists of the following NFSS
(fontspec)             series/shapes:
(fontspec)              
(fontspec)             - 'normal' (m/n) with NFSS spec.:
(fontspec)             <->"Arial/OT:script=latn;language=dflt;mapping=tex-text;
"
(fontspec)             - 'small caps'  (m/sc) with NFSS spec.:
(fontspec)             <->"Arial/OT:script=latn;language=dflt;+smcp;mapping=tex
-text;"
(fontspec)             - 'bold' (b/n) with NFSS spec.:
(fontspec)             <->"Arial/B/OT:script=latn;language=dflt;mapping=tex-tex
t;"
(fontspec)             - 'bold small caps'  (b/sc) with NFSS spec.:
(fontspec)             <->"Arial/B/OT:script=latn;language=dflt;+smcp;mapping=t
ex-text;"
(fontspec)             - 'italic' (m/it) with NFSS spec.:
(fontspec)             <->"Arial/I/OT:script=latn;language=dflt;mapping=tex-tex
t;"
(fontspec)             - 'italic small caps'  (m/scit) with NFSS spec.:
(fontspec)             <->"Arial/I/OT:script=latn;language=dflt;+smcp;mapping=t
ex-text;"
(fontspec)             - 'bold italic' (b/it) with NFSS spec.:
(fontspec)             <->"Arial/BI/OT:script=latn;language=dflt;mapping=tex-te
xt;"
(fontspec)             - 'bold italic small caps'  (b/scit) with NFSS spec.:
(fontspec)             <->"Arial/BI/OT:script=latn;language=dflt;+smcp;mapping=
tex-text;"


Package fontspec Info: Font family 'Consolas(0)' created for font 'Consolas'
(fontspec)             with options
(fontspec)             [WordSpace={1,0,0},HyphenChar=None,PunctuationSpace=Word
Space].
(fontspec)              
(fontspec)              This font family consists of the following NFSS
(fontspec)             series/shapes:
(fontspec)              
(fontspec)             - 'normal' (m/n) with NFSS spec.:
(fontspec)             <->"Consolas/OT:script=latn;language=dflt;"
(fontspec)             - 'small caps'  (m/sc) with NFSS spec.: 
(fontspec)             and font adjustment code:
(fontspec)             \fontdimen 2\font =1\fontdimen 2\font \fontdimen 3\font
(fontspec)             =0\fontdimen 3\font \fontdimen 4\font =0\fontdimen
(fontspec)             4\font \fontdimen 7\font =0\fontdimen 2\font
(fontspec)             \tex_hyphenchar:D \font =-1\scan_stop: 
(fontspec)             - 'bold' (b/n) with NFSS spec.:
(fontspec)             <->"Consolas/B/OT:script=latn;language=dflt;"
(fontspec)             - 'bold small caps'  (b/sc) with NFSS spec.: 
(fontspec)             and font adjustment code:
(fontspec)             \fontdimen 2\font =1\fontdimen 2\font \fontdimen 3\font
(fontspec)             =0\fontdimen 3\font \fontdimen 4\font =0\fontdimen
(fontspec)             4\font \fontdimen 7\font =0\fontdimen 2\font
(fontspec)             \tex_hyphenchar:D \font =-1\scan_stop: 
(fontspec)             - 'italic' (m/it) with NFSS spec.:
(fontspec)             <->"Consolas/I/OT:script=latn;language=dflt;"
(fontspec)             - 'italic small caps'  (m/scit) with NFSS spec.: 
(fontspec)             and font adjustment code:
(fontspec)             \fontdimen 2\font =1\fontdimen 2\font \fontdimen 3\font
(fontspec)             =0\fontdimen 3\font \fontdimen 4\font =0\fontdimen
(fontspec)             4\font \fontdimen 7\font =0\fontdimen 2\font
(fontspec)             \tex_hyphenchar:D \font =-1\scan_stop: 
(fontspec)             - 'bold italic' (b/it) with NFSS spec.:
(fontspec)             <->"Consolas/BI/OT:script=latn;language=dflt;"
(fontspec)             - 'bold italic small caps'  (b/scit) with NFSS spec.: 
(fontspec)             and font adjustment code:
(fontspec)             \fontdimen 2\font =1\fontdimen 2\font \fontdimen 3\font
(fontspec)             =0\fontdimen 3\font \fontdimen 4\font =0\fontdimen
(fontspec)             4\font \fontdimen 7\font =0\fontdimen 2\font
(fontspec)             \tex_hyphenchar:D \font =-1\scan_stop: 

 (./pioneer.sty
Package: pioneer 2025/01/07 Geoskan Pioneer Textbook Style

(c:/texlive/2023/texmf-dist/tex/latex/xcolor/xcolor.sty
Package: xcolor 2022/06/12 v2.14 LaTeX color extensions (UK)

(c:/texlive/2023/texmf-dist/tex/latex/graphics-cfg/color.cfg
File: color.cfg 2016/01/02 v1.6 sample color configuration
)
Package xcolor Info: Driver file: xetex.def on input line 227.

(c:/texlive/2023/texmf-dist/tex/latex/graphics-def/xetex.def
File: xetex.def 2022/09/22 v5.0n Graphics/color driver for xetex
)
(c:/texlive/2023/texmf-dist/tex/latex/graphics/mathcolor.ltx)
Package xcolor Info: Model `cmy' substituted by `cmy0' on input line 1353.
Package xcolor Info: Model `RGB' extended on input line 1369.
Package xcolor Info: Model `HTML' substituted by `rgb' on input line 1371.
Package xcolor Info: Model `Hsb' substituted by `hsb' on input line 1372.
Package xcolor Info: Model `tHsb' substituted by `hsb' on input line 1373.
Package xcolor Info: Model `HSB' substituted by `hsb' on input line 1374.
Package xcolor Info: Model `Gray' substituted by `gray' on input line 1375.
Package xcolor Info: Model `wave' substituted by `hsb' on input line 1376.
)
(c:/texlive/2023/texmf-dist/tex/latex/tcolorbox/tcolorbox.sty
Package: tcolorbox 2023/02/12 version 6.0.1 text color boxes

(c:/texlive/2023/texmf-dist/tex/latex/pgf/basiclayer/pgf.sty
(c:/texlive/2023/texmf-dist/tex/latex/pgf/utilities/pgfrcs.sty
(c:/texlive/2023/texmf-dist/tex/generic/pgf/utilities/pgfutil-common.tex
\pgfutil@everybye=\toks18
\pgfutil@tempdima=\dimen145
\pgfutil@tempdimb=\dimen146
)
(c:/texlive/2023/texmf-dist/tex/generic/pgf/utilities/pgfutil-latex.def
\pgfutil@abb=\box52
)
(c:/texlive/2023/texmf-dist/tex/generic/pgf/utilities/pgfrcs.code.tex
(c:/texlive/2023/texmf-dist/tex/generic/pgf/pgf.revision.tex)
Package: pgfrcs 2023-01-15 v3.1.10 (3.1.10)
))
Package: pgf 2023-01-15 v3.1.10 (3.1.10)

(c:/texlive/2023/texmf-dist/tex/latex/pgf/basiclayer/pgfcore.sty
(c:/texlive/2023/texmf-dist/tex/latex/graphics/graphicx.sty
Package: graphicx 2021/09/16 v1.2d Enhanced LaTeX Graphics (DPC,SPQR)

(c:/texlive/2023/texmf-dist/tex/latex/graphics/graphics.sty
Package: graphics 2022/03/10 v1.4e Standard LaTeX Graphics (DPC,SPQR)

(c:/texlive/2023/texmf-dist/tex/latex/graphics/trig.sty
Package: trig 2021/08/11 v1.11 sin cos tan (DPC)
)
(c:/texlive/2023/texmf-dist/tex/latex/graphics-cfg/graphics.cfg
File: graphics.cfg 2016/06/04 v1.11 sample graphics configuration
)
Package graphics Info: Driver file: xetex.def on input line 107.
)
\Gin@req@height=\dimen147
\Gin@req@width=\dimen148
)
(c:/texlive/2023/texmf-dist/tex/latex/pgf/systemlayer/pgfsys.sty
(c:/texlive/2023/texmf-dist/tex/generic/pgf/systemlayer/pgfsys.code.tex
Package: pgfsys 2023-01-15 v3.1.10 (3.1.10)

(c:/texlive/2023/texmf-dist/tex/generic/pgf/utilities/pgfkeys.code.tex
\pgfkeys@pathtoks=\toks19
\pgfkeys@temptoks=\toks20

(c:/texlive/2023/texmf-dist/tex/generic/pgf/utilities/pgfkeyslibraryfiltered.co
de.tex
\pgfkeys@tmptoks=\toks21
))
\pgf@x=\dimen149
\pgf@y=\dimen150
\pgf@xa=\dimen151
\pgf@ya=\dimen152
\pgf@xb=\dimen153
\pgf@yb=\dimen154
\pgf@xc=\dimen155
\pgf@yc=\dimen156
\pgf@xd=\dimen157
\pgf@yd=\dimen158
\w@pgf@writea=\write3
\r@pgf@reada=\read2
\c@pgf@counta=\count272
\c@pgf@countb=\count273
\c@pgf@countc=\count274
\c@pgf@countd=\count275
\t@pgf@toka=\toks22
\t@pgf@tokb=\toks23
\t@pgf@tokc=\toks24
\pgf@sys@id@count=\count276
 (c:/texlive/2023/texmf-dist/tex/generic/pgf/systemlayer/pgf.cfg
File: pgf.cfg 2023-01-15 v3.1.10 (3.1.10)
)
Driver file for pgf: pgfsys-xetex.def

(c:/texlive/2023/texmf-dist/tex/generic/pgf/systemlayer/pgfsys-xetex.def
File: pgfsys-xetex.def 2023-01-15 v3.1.10 (3.1.10)

(c:/texlive/2023/texmf-dist/tex/generic/pgf/systemlayer/pgfsys-dvipdfmx.def
File: pgfsys-dvipdfmx.def 2023-01-15 v3.1.10 (3.1.10)

(c:/texlive/2023/texmf-dist/tex/generic/pgf/systemlayer/pgfsys-common-pdf.def
File: pgfsys-common-pdf.def 2023-01-15 v3.1.10 (3.1.10)
)
\pgfsys@objnum=\count277
)))
(c:/texlive/2023/texmf-dist/tex/generic/pgf/systemlayer/pgfsyssoftpath.code.tex
File: pgfsyssoftpath.code.tex 2023-01-15 v3.1.10 (3.1.10)
\pgfsyssoftpath@smallbuffer@items=\count278
\pgfsyssoftpath@bigbuffer@items=\count279
)
(c:/texlive/2023/texmf-dist/tex/generic/pgf/systemlayer/pgfsysprotocol.code.tex
File: pgfsysprotocol.code.tex 2023-01-15 v3.1.10 (3.1.10)
)) (c:/texlive/2023/texmf-dist/tex/generic/pgf/basiclayer/pgfcore.code.tex
Package: pgfcore 2023-01-15 v3.1.10 (3.1.10)

(c:/texlive/2023/texmf-dist/tex/generic/pgf/math/pgfmath.code.tex
(c:/texlive/2023/texmf-dist/tex/generic/pgf/math/pgfmathutil.code.tex)
(c:/texlive/2023/texmf-dist/tex/generic/pgf/math/pgfmathparser.code.tex
\pgfmath@dimen=\dimen159
\pgfmath@count=\count280
\pgfmath@box=\box53
\pgfmath@toks=\toks25
\pgfmath@stack@operand=\toks26
\pgfmath@stack@operation=\toks27
)
(c:/texlive/2023/texmf-dist/tex/generic/pgf/math/pgfmathfunctions.code.tex)
(c:/texlive/2023/texmf-dist/tex/generic/pgf/math/pgfmathfunctions.basic.code.te
x)
(c:/texlive/2023/texmf-dist/tex/generic/pgf/math/pgfmathfunctions.trigonometric
.code.tex)
(c:/texlive/2023/texmf-dist/tex/generic/pgf/math/pgfmathfunctions.random.code.t
ex)
(c:/texlive/2023/texmf-dist/tex/generic/pgf/math/pgfmathfunctions.comparison.co
de.tex)
(c:/texlive/2023/texmf-dist/tex/generic/pgf/math/pgfmathfunctions.base.code.tex
)
(c:/texlive/2023/texmf-dist/tex/generic/pgf/math/pgfmathfunctions.round.code.te
x)
(c:/texlive/2023/texmf-dist/tex/generic/pgf/math/pgfmathfunctions.misc.code.tex
)
(c:/texlive/2023/texmf-dist/tex/generic/pgf/math/pgfmathfunctions.integerarithm
etics.code.tex)
(c:/texlive/2023/texmf-dist/tex/generic/pgf/math/pgfmathcalc.code.tex)
(c:/texlive/2023/texmf-dist/tex/generic/pgf/math/pgfmathfloat.code.tex
\c@pgfmathroundto@lastzeros=\count281
))
(c:/texlive/2023/texmf-dist/tex/generic/pgf/math/pgfint.code.tex)
(c:/texlive/2023/texmf-dist/tex/generic/pgf/basiclayer/pgfcorepoints.code.tex
File: pgfcorepoints.code.tex 2023-01-15 v3.1.10 (3.1.10)
\pgf@picminx=\dimen160
\pgf@picmaxx=\dimen161
\pgf@picminy=\dimen162
\pgf@picmaxy=\dimen163
\pgf@pathminx=\dimen164
\pgf@pathmaxx=\dimen165
\pgf@pathminy=\dimen166
\pgf@pathmaxy=\dimen167
\pgf@xx=\dimen168
\pgf@xy=\dimen169
\pgf@yx=\dimen170
\pgf@yy=\dimen171
\pgf@zx=\dimen172
\pgf@zy=\dimen173
)
(c:/texlive/2023/texmf-dist/tex/generic/pgf/basiclayer/pgfcorepathconstruct.cod
e.tex
File: pgfcorepathconstruct.code.tex 2023-01-15 v3.1.10 (3.1.10)
\pgf@path@lastx=\dimen174
\pgf@path@lasty=\dimen175
)
(c:/texlive/2023/texmf-dist/tex/generic/pgf/basiclayer/pgfcorepathusage.code.te
x
File: pgfcorepathusage.code.tex 2023-01-15 v3.1.10 (3.1.10)
\pgf@shorten@end@additional=\dimen176
\pgf@shorten@start@additional=\dimen177
)
(c:/texlive/2023/texmf-dist/tex/generic/pgf/basiclayer/pgfcorescopes.code.tex
File: pgfcorescopes.code.tex 2023-01-15 v3.1.10 (3.1.10)
\pgfpic=\box54
\pgf@hbox=\box55
\pgf@layerbox@main=\box56
\pgf@picture@serial@count=\count282
)
(c:/texlive/2023/texmf-dist/tex/generic/pgf/basiclayer/pgfcoregraphicstate.code
.tex
File: pgfcoregraphicstate.code.tex 2023-01-15 v3.1.10 (3.1.10)
\pgflinewidth=\dimen178
)
(c:/texlive/2023/texmf-dist/tex/generic/pgf/basiclayer/pgfcoretransformations.c
ode.tex
File: pgfcoretransformations.code.tex 2023-01-15 v3.1.10 (3.1.10)
\pgf@pt@x=\dimen179
\pgf@pt@y=\dimen180
\pgf@pt@temp=\dimen181
)
(c:/texlive/2023/texmf-dist/tex/generic/pgf/basiclayer/pgfcorequick.code.tex
File: pgfcorequick.code.tex 2023-01-15 v3.1.10 (3.1.10)
)
(c:/texlive/2023/texmf-dist/tex/generic/pgf/basiclayer/pgfcoreobjects.code.tex
File: pgfcoreobjects.code.tex 2023-01-15 v3.1.10 (3.1.10)
)
(c:/texlive/2023/texmf-dist/tex/generic/pgf/basiclayer/pgfcorepathprocessing.co
de.tex
File: pgfcorepathprocessing.code.tex 2023-01-15 v3.1.10 (3.1.10)
)
(c:/texlive/2023/texmf-dist/tex/generic/pgf/basiclayer/pgfcorearrows.code.tex
File: pgfcorearrows.code.tex 2023-01-15 v3.1.10 (3.1.10)
\pgfarrowsep=\dimen182
)
(c:/texlive/2023/texmf-dist/tex/generic/pgf/basiclayer/pgfcoreshade.code.tex
File: pgfcoreshade.code.tex 2023-01-15 v3.1.10 (3.1.10)
\pgf@max=\dimen183
\pgf@sys@shading@range@num=\count283
\pgf@shadingcount=\count284
)
(c:/texlive/2023/texmf-dist/tex/generic/pgf/basiclayer/pgfcoreimage.code.tex
File: pgfcoreimage.code.tex 2023-01-15 v3.1.10 (3.1.10)
)
(c:/texlive/2023/texmf-dist/tex/generic/pgf/basiclayer/pgfcoreexternal.code.tex
File: pgfcoreexternal.code.tex 2023-01-15 v3.1.10 (3.1.10)
\pgfexternal@startupbox=\box57
) (c:/texlive/2023/texmf-dist/tex/generic/pgf/basiclayer/pgfcorelayers.code.tex
File: pgfcorelayers.code.tex 2023-01-15 v3.1.10 (3.1.10)
)
(c:/texlive/2023/texmf-dist/tex/generic/pgf/basiclayer/pgfcoretransparency.code
.tex
File: pgfcoretransparency.code.tex 2023-01-15 v3.1.10 (3.1.10)
)
(c:/texlive/2023/texmf-dist/tex/generic/pgf/basiclayer/pgfcorepatterns.code.tex
File: pgfcorepatterns.code.tex 2023-01-15 v3.1.10 (3.1.10)
) (c:/texlive/2023/texmf-dist/tex/generic/pgf/basiclayer/pgfcorerdf.code.tex
File: pgfcorerdf.code.tex 2023-01-15 v3.1.10 (3.1.10)
))) (c:/texlive/2023/texmf-dist/tex/generic/pgf/modules/pgfmoduleshapes.code.te
x
File: pgfmoduleshapes.code.tex 2023-01-15 v3.1.10 (3.1.10)
\pgfnodeparttextbox=\box58
)
(c:/texlive/2023/texmf-dist/tex/generic/pgf/modules/pgfmoduleplot.code.tex
File: pgfmoduleplot.code.tex 2023-01-15 v3.1.10 (3.1.10)
)
(c:/texlive/2023/texmf-dist/tex/latex/pgf/compatibility/pgfcomp-version-0-65.st
y
Package: pgfcomp-version-0-65 2023-01-15 v3.1.10 (3.1.10)
\pgf@nodesepstart=\dimen184
\pgf@nodesepend=\dimen185
)
(c:/texlive/2023/texmf-dist/tex/latex/pgf/compatibility/pgfcomp-version-1-18.st
y
Package: pgfcomp-version-1-18 2023-01-15 v3.1.10 (3.1.10)
)) (c:/texlive/2023/texmf-dist/tex/latex/tools/verbatim.sty
Package: verbatim 2022-07-02 v1.5u LaTeX2e package for verbatim enhancements
\every@verbatim=\toks28
\verbatim@line=\toks29
\verbatim@in@stream=\read3
)
(c:/texlive/2023/texmf-dist/tex/latex/environ/environ.sty
Package: environ 2014/05/04 v0.3 A new way to define environments

(c:/texlive/2023/texmf-dist/tex/latex/trimspaces/trimspaces.sty
Package: trimspaces 2009/09/17 v1.1 Trim spaces around a token list
)
\@envbody=\toks30
)
\tcb@titlebox=\box59
\tcb@upperbox=\box60
\tcb@lowerbox=\box61
\tcb@phantombox=\box62
\c@tcbbreakpart=\count285
\c@tcblayer=\count286
\c@tcolorbox@number=\count287
\tcb@temp=\box63
\tcb@temp=\box64
\tcb@temp=\box65
\tcb@temp=\box66
)
(c:/texlive/2023/texmf-dist/tex/latex/fontawesome5/fontawesome5.sty
Package: fontawesome5 2022/05/02 v5.15.4 Font Awesome 5

(c:/texlive/2023/texmf-dist/tex/latex/fontawesome5/fontawesome5-utex-helper.sty
Package: fontawesome5-utex-helper 2022/05/02 v5.15.4 uTeX helper for fontawesom
e5
LaTeX Font Info:    Trying to load font information for TU+fontawesomefree on i
nput line 69.
(c:/texlive/2023/texmf-dist/tex/latex/fontawesome5/tufontawesomefree.fd)
LaTeX Font Info:    Trying to load font information for TU+fontawesomebrands on
 input line 70.

(c:/texlive/2023/texmf-dist/tex/latex/fontawesome5/tufontawesomebrands.fd)))
(c:/texlive/2023/texmf-dist/tex/latex/fancyhdr/fancyhdr.sty
Package: fancyhdr 2022/11/09 v4.1 Extensive control of page headers and footers

\f@nch@headwidth=\skip50
\f@nch@O@elh=\skip51
\f@nch@O@erh=\skip52
\f@nch@O@olh=\skip53
\f@nch@O@orh=\skip54
\f@nch@O@elf=\skip55
\f@nch@O@erf=\skip56
\f@nch@O@olf=\skip57
\f@nch@O@orf=\skip58
)
(c:/texlive/2023/texmf-dist/tex/latex/titlesec/titlesec.sty
Package: titlesec 2021/07/05 v2.14 Sectioning titles
\ttl@box=\box67
\beforetitleunit=\skip59
\aftertitleunit=\skip60
\ttl@plus=\dimen186
\ttl@minus=\dimen187
\ttl@toksa=\toks31
\titlewidth=\dimen188
\titlewidthlast=\dimen189
\titlewidthfirst=\dimen190
)
(c:/texlive/2023/texmf-dist/tex/latex/geometry/geometry.sty
Package: geometry 2020/01/02 v5.9 Page Geometry

(c:/texlive/2023/texmf-dist/tex/generic/iftex/ifvtex.sty
Package: ifvtex 2019/10/25 v1.7 ifvtex legacy package. Use iftex instead.
)
\Gm@cnth=\count288
\Gm@cntv=\count289
\c@Gm@tempcnt=\count290
\Gm@bindingoffset=\dimen191
\Gm@wd@mp=\dimen192
\Gm@odd@mp=\dimen193
\Gm@even@mp=\dimen194
\Gm@layoutwidth=\dimen195
\Gm@layoutheight=\dimen196
\Gm@layouthoffset=\dimen197
\Gm@layoutvoffset=\dimen198
\Gm@dimlist=\toks32
)
(c:/texlive/2023/texmf-dist/tex/latex/minted/minted.sty
Package: minted 2022/12/12 v2.7 Yet another Pygments shim for LaTeX

(c:/texlive/2023/texmf-dist/tex/latex/kvoptions/kvoptions.sty
Package: kvoptions 2022-06-15 v3.15 Key value format for package options (HO)

(c:/texlive/2023/texmf-dist/tex/generic/ltxcmds/ltxcmds.sty
Package: ltxcmds 2020-05-10 v1.25 LaTeX kernel commands for general use (HO)
)
(c:/texlive/2023/texmf-dist/tex/latex/kvsetkeys/kvsetkeys.sty
Package: kvsetkeys 2022-10-05 v1.19 Key value parser (HO)
))
(c:/texlive/2023/texmf-dist/tex/latex/fvextra/fvextra.sty
Package: fvextra 2022/11/30 v1.5 fvextra - extensions and patches for fancyvrb

(c:/texlive/2023/texmf-dist/tex/latex/fancyvrb/fancyvrb.sty
Package: fancyvrb 2023/01/19 4.5a verbatim text (tvz,hv)
\FV@CodeLineNo=\count291
\FV@InFile=\read4
\FV@TabBox=\box68
\c@FancyVerbLine=\count292
\FV@StepNumber=\count293
\FV@OutFile=\write4
)
(c:/texlive/2023/texmf-dist/tex/latex/upquote/upquote.sty
Package: upquote 2012/04/19 v1.3 upright-quote and grave-accent glyphs in verba
tim

(c:/texlive/2023/texmf-dist/tex/latex/base/textcomp.sty
Package: textcomp 2020/02/02 v2.0n Standard LaTeX package
))
(c:/texlive/2023/texmf-dist/tex/latex/lineno/lineno.sty
Package: lineno 2023/01/19 line numbers on paragraphs v5.1
Invalid UTF-8 byte or sequence at line 290 replaced by U+FFFD.
\linenopenalty=\count294
\output=\toks33
\linenoprevgraf=\count295
\linenumbersep=\dimen199
\linenumberwidth=\dimen256
\c@linenumber=\count296
\c@pagewiselinenumber=\count297
\c@LN@truepage=\count298
\c@internallinenumber=\count299
\c@internallinenumbers=\count300
\quotelinenumbersep=\dimen257
\bframerule=\dimen258
\bframesep=\dimen259
\bframebox=\box69
LaTeX Info: Redefining \\ on input line 3131.
)
\c@FV@TrueTabGroupLevel=\count301
\c@FV@TrueTabCounter=\count302
\FV@TabBox@Group=\box70
\FV@TmpLength=\skip61
\c@FV@HighlightLinesStart=\count303
\c@FV@HighlightLinesStop=\count304
\FV@LoopCount=\count305
\FV@NCharsBox=\box71
\FV@BreakIndent=\dimen260
\FV@BreakIndentNChars=\count306
\FV@BreakSymbolSepLeft=\dimen261
\FV@BreakSymbolSepLeftNChars=\count307
\FV@BreakSymbolSepRight=\dimen262
\FV@BreakSymbolSepRightNChars=\count308
\FV@BreakSymbolIndentLeft=\dimen263
\FV@BreakSymbolIndentLeftNChars=\count309
\FV@BreakSymbolIndentRight=\dimen264
\FV@BreakSymbolIndentRightNChars=\count310
\c@FancyVerbLineBreakLast=\count311
\FV@LineBox=\box72
\FV@LineIndentBox=\box73
\c@FV@BreakBufferDepth=\count312
\FV@LineWidth=\dimen265
)
(c:/texlive/2023/texmf-dist/tex/latex/base/ifthen.sty
Package: ifthen 2022/04/13 v1.1d Standard LaTeX ifthen package (DPC)
)
(c:/texlive/2023/texmf-dist/tex/latex/tools/calc.sty
Package: calc 2017/05/25 v4.3 Infix arithmetic (KKT,FJ)
\calc@Acount=\count313
\calc@Bcount=\count314
\calc@Adimen=\dimen266
\calc@Bdimen=\dimen267
\calc@Askip=\skip62
\calc@Bskip=\skip63
LaTeX Info: Redefining \setlength on input line 80.
LaTeX Info: Redefining \addtolength on input line 81.
\calc@Ccount=\count315
\calc@Cskip=\skip64
)
(c:/texlive/2023/texmf-dist/tex/latex/tools/shellesc.sty
Package: shellesc 2019/11/08 v1.0c unified shell escape interface for LaTeX
Package shellesc Info: Unrestricted shell escape enabled on input line 75.
)
(c:/texlive/2023/texmf-dist/tex/latex/ifplatform/ifplatform.sty
Package: ifplatform 2017/10/13 v0.4a Testing for the operating system

(c:/texlive/2023/texmf-dist/tex/generic/pdftexcmds/pdftexcmds.sty
Package: pdftexcmds 2020-06-27 v0.33 Utility functions of pdfTeX for LuaTeX (HO
)

(c:/texlive/2023/texmf-dist/tex/generic/infwarerr/infwarerr.sty
Package: infwarerr 2019/12/03 v1.5 Providing info/warning/error messages (HO)
)
Package pdftexcmds Info: \pdf@primitive is available.
Package pdftexcmds Info: \pdf@ifprimitive is available.
Package pdftexcmds Info: \pdfdraftmode not found.
)
(c:/texlive/2023/texmf-dist/tex/generic/catchfile/catchfile.sty
Package: catchfile 2019/12/09 v1.8 Catch the contents of a file (HO)

(c:/texlive/2023/texmf-dist/tex/generic/etexcmds/etexcmds.sty
Package: etexcmds 2019/12/15 v1.7 Avoid name clashes with e-TeX commands (HO)
))
(c:/texlive/2023/texmf-dist/tex/generic/iftex/ifluatex.sty
Package: ifluatex 2019/10/25 v1.5 ifluatex legacy package. Use iftex instead.
))
(c:/texlive/2023/texmf-dist/tex/generic/xstring/xstring.sty
(c:/texlive/2023/texmf-dist/tex/generic/xstring/xstring.tex
\integerpart=\count316
\decimalpart=\count317
)
Package: xstring 2023/01/14 v1.85 String manipulations (CT)
)
(c:/texlive/2023/texmf-dist/tex/latex/framed/framed.sty
Package: framed 2011/10/22 v 0.96: framed or shaded text with page breaks
\OuterFrameSep=\skip65
\fb@frw=\dimen268
\fb@frh=\dimen269
\FrameRule=\dimen270
\FrameSep=\dimen271
)
(c:/texlive/2023/texmf-dist/tex/latex/float/float.sty
Package: float 2001/11/08 v1.3d Float enhancements (AL)
\c@float@type=\count318
\float@exts=\toks34
\float@box=\box74
\@float@everytoks=\toks35
\@floatcapt=\box75
)
\minted@appexistsfile=\read5
\minted@bgbox=\box76
\minted@code=\write5
\c@minted@FancyVerbLineTemp=\count319
\c@minted@pygmentizecounter=\count320
\@float@every@listing=\toks36
\c@listing=\count321
)
runsystem(if not exist _minted-main mkdir _minted-main)...executed.


(c:/texlive/2023/texmf-dist/tex/latex/pgf/frontendlayer/tikz.sty
(c:/texlive/2023/texmf-dist/tex/latex/pgf/utilities/pgffor.sty
(c:/texlive/2023/texmf-dist/tex/latex/pgf/utilities/pgfkeys.sty
(c:/texlive/2023/texmf-dist/tex/generic/pgf/utilities/pgfkeys.code.tex))
(c:/texlive/2023/texmf-dist/tex/latex/pgf/math/pgfmath.sty
(c:/texlive/2023/texmf-dist/tex/generic/pgf/math/pgfmath.code.tex))
(c:/texlive/2023/texmf-dist/tex/generic/pgf/utilities/pgffor.code.tex
Package: pgffor 2023-01-15 v3.1.10 (3.1.10)
\pgffor@iter=\dimen272
\pgffor@skip=\dimen273
\pgffor@stack=\toks37
\pgffor@toks=\toks38
))
(c:/texlive/2023/texmf-dist/tex/generic/pgf/frontendlayer/tikz/tikz.code.tex
Package: tikz 2023-01-15 v3.1.10 (3.1.10)

(c:/texlive/2023/texmf-dist/tex/generic/pgf/libraries/pgflibraryplothandlers.co
de.tex
File: pgflibraryplothandlers.code.tex 2023-01-15 v3.1.10 (3.1.10)
\pgf@plot@mark@count=\count322
\pgfplotmarksize=\dimen274
)
\tikz@lastx=\dimen275
\tikz@lasty=\dimen276
\tikz@lastxsaved=\dimen277
\tikz@lastysaved=\dimen278
\tikz@lastmovetox=\dimen279
\tikz@lastmovetoy=\dimen280
\tikzleveldistance=\dimen281
\tikzsiblingdistance=\dimen282
\tikz@figbox=\box77
\tikz@figbox@bg=\box78
\tikz@tempbox=\box79
\tikz@tempbox@bg=\box80
\tikztreelevel=\count323
\tikznumberofchildren=\count324
\tikznumberofcurrentchild=\count325
\tikz@fig@count=\count326

(c:/texlive/2023/texmf-dist/tex/generic/pgf/modules/pgfmodulematrix.code.tex
File: pgfmodulematrix.code.tex 2023-01-15 v3.1.10 (3.1.10)
\pgfmatrixcurrentrow=\count327
\pgfmatrixcurrentcolumn=\count328
\pgf@matrix@numberofcolumns=\count329
)
\tikz@expandcount=\count330

(c:/texlive/2023/texmf-dist/tex/generic/pgf/frontendlayer/tikz/libraries/tikzli
brarytopaths.code.tex
File: tikzlibrarytopaths.code.tex 2023-01-15 v3.1.10 (3.1.10)
)))
(c:/texlive/2023/texmf-dist/tex/latex/tikz-3dplot/tikz-3dplot.sty
(c:/texlive/2023/texmf-dist/tex/generic/pgf/frontendlayer/tikz/libraries/tikzli
brarycalc.code.tex
File: tikzlibrarycalc.code.tex 2023-01-15 v3.1.10 (3.1.10)
)
(c:/texlive/2023/texmf-dist/tex/generic/pgf/frontendlayer/tikz/libraries/tikzli
brary3d.code.tex
File: tikzlibrary3d.code.tex 2023-01-15 v3.1.10 (3.1.10)
)
(c:/texlive/2023/texmf-dist/tex/generic/pgf/frontendlayer/tikz/libraries/tikzli
braryarrows.code.tex
File: tikzlibraryarrows.code.tex 2023-01-15 v3.1.10 (3.1.10)

(c:/texlive/2023/texmf-dist/tex/generic/pgf/libraries/pgflibraryarrows.code.tex
File: pgflibraryarrows.code.tex 2023-01-15 v3.1.10 (3.1.10)
\arrowsize=\dimen283
)))
(c:/texlive/2023/texmf-dist/tex/generic/pgf/libraries/pgflibraryarrows.meta.cod
e.tex
File: pgflibraryarrows.meta.code.tex 2023-01-15 v3.1.10 (3.1.10)
\pgfarrowinset=\dimen284
\pgfarrowlength=\dimen285
\pgfarrowwidth=\dimen286
\pgfarrowlinewidth=\dimen287
)
(c:/texlive/2023/texmf-dist/tex/generic/pgf/frontendlayer/tikz/libraries/tikzli
braryquotes.code.tex
File: tikzlibraryquotes.code.tex 2023-01-15 v3.1.10 (3.1.10)
)
(c:/texlive/2023/texmf-dist/tex/generic/pgf/frontendlayer/tikz/libraries/tikzli
braryshapes.geometric.code.tex
File: tikzlibraryshapes.geometric.code.tex 2023-01-15 v3.1.10 (3.1.10)

(c:/texlive/2023/texmf-dist/tex/generic/pgf/libraries/shapes/pgflibraryshapes.g
eometric.code.tex
File: pgflibraryshapes.geometric.code.tex 2023-01-15 v3.1.10 (3.1.10)
)) (c:/texlive/2023/texmf-dist/tex/latex/enumitem/enumitem.sty
Package: enumitem 2019/06/20 v3.9 Customized lists
\enitkv@toks@=\toks39
\labelindent=\skip66
\enit@outerparindent=\dimen288
\enit@toks=\toks40
\enit@inbox=\box81
\enit@count@id=\count331
\enitdp@description=\count332
) (c:/texlive/2023/texmf-dist/tex/latex/tcolorbox/tcbskins.code.tex
Library (tcolorbox): 'tcbskins.code.tex' version '6.0.1'
(c:/texlive/2023/texmf-dist/tex/latex/tikzfill/tikzfill.image.sty
Package: tikzfill.image 2022/07/20 v1.0.0 Image filling library for TikZ

(c:/texlive/2023/texmf-dist/tex/latex/tikzfill/tikzfill-common.sty
Package: tikzfill-common 2022/07/20 v1.0.0 Auxiliary code for tikzfill
)
(c:/texlive/2023/texmf-dist/tex/latex/tikzfill/tikzlibraryfill.image.code.tex
File: tikzlibraryfill.image.code.tex 2022/07/20 v1.0.0 Image filling library
\l__tikzfill_img_box=\box82
)) (c:/texlive/2023/texmf-dist/tex/latex/tcolorbox/tcbskinsjigsaw.code.tex
Library (tcolorbox): 'tcbskinsjigsaw.code.tex' version '6.0.1'
)) (c:/texlive/2023/texmf-dist/tex/latex/tcolorbox/tcbbreakable.code.tex
Library (tcolorbox): 'tcbbreakable.code.tex' version '6.0.1'
(c:/texlive/2023/texmf-dist/tex/latex/pdfcol/pdfcol.sty
Package: pdfcol 2022-09-21 v1.7 Handle new color stacks for pdfTeX (HO)
Package pdfcol Info: Interface disabled because of missing PDF mode of pdfTeX.
)
Package pdfcol Info: pdfTeX's color stacks are not available.
\tcb@testbox=\box83
\tcb@totalupperbox=\box84
\tcb@totallowerbox=\box85
))
(c:/texlive/2023/texmf-dist/tex/latex/tools/indentfirst.sty
Package: indentfirst 1995/11/23 v1.03 Indent first paragraph (DPC)
)
(c:/texlive/2023/texmf-dist/tex/latex/accsupp/accsupp.sty
Package: accsupp 2019/12/05 v0.6 Accessibility support by marked content (HO)

(c:/texlive/2023/texmf-dist/tex/generic/pdfescape/pdfescape.sty
Package: pdfescape 2019/12/09 v1.15 Implements pdfTeX's escape features (HO)
)
(c:/texlive/2023/texmf-dist/tex/latex/accsupp/accsupp-dvipdfm.def
File: accsupp-dvipdfm.def 2019/12/05 v0.6 accsupp driver for dvipdfm (HO)
))
(c:/texlive/2023/texmf-dist/tex/latex/hyperref/hyperref.sty
Package: hyperref 2023-02-07 v7.00v Hypertext links for LaTeX

(c:/texlive/2023/texmf-dist/tex/generic/kvdefinekeys/kvdefinekeys.sty
Package: kvdefinekeys 2019-12-19 v1.6 Define keys (HO)
)
(c:/texlive/2023/texmf-dist/tex/latex/hycolor/hycolor.sty
Package: hycolor 2020-01-27 v1.10 Color options for hyperref/bookmark (HO)
)
(c:/texlive/2023/texmf-dist/tex/latex/letltxmacro/letltxmacro.sty
Package: letltxmacro 2019/12/03 v1.6 Let assignment for LaTeX macros (HO)
)
(c:/texlive/2023/texmf-dist/tex/latex/auxhook/auxhook.sty
Package: auxhook 2019-12-17 v1.6 Hooks for auxiliary files (HO)
)
(c:/texlive/2023/texmf-dist/tex/latex/hyperref/nameref.sty
Package: nameref 2022-05-17 v2.50 Cross-referencing by name of section

(c:/texlive/2023/texmf-dist/tex/latex/refcount/refcount.sty
Package: refcount 2019/12/15 v3.6 Data extraction from label references (HO)
)
(c:/texlive/2023/texmf-dist/tex/generic/gettitlestring/gettitlestring.sty
Package: gettitlestring 2019/12/15 v1.6 Cleanup title references (HO)
)
\c@section@level=\count333
)
\@linkdim=\dimen289
\Hy@linkcounter=\count334
\Hy@pagecounter=\count335

(c:/texlive/2023/texmf-dist/tex/latex/hyperref/pd1enc.def
File: pd1enc.def 2023-02-07 v7.00v Hyperref: PDFDocEncoding definition (HO)
)
(c:/texlive/2023/texmf-dist/tex/generic/intcalc/intcalc.sty
Package: intcalc 2019/12/15 v1.3 Expandable calculations with integers (HO)
)
\Hy@SavedSpaceFactor=\count336

(c:/texlive/2023/texmf-dist/tex/latex/hyperref/puenc.def
File: puenc.def 2023-02-07 v7.00v Hyperref: PDF Unicode definition (HO)
)
Package hyperref Info: Hyper figures OFF on input line 4177.
Package hyperref Info: Link nesting OFF on input line 4182.
Package hyperref Info: Hyper index ON on input line 4185.
Package hyperref Info: Plain pages OFF on input line 4192.
Package hyperref Info: Backreferencing OFF on input line 4197.
Package hyperref Info: Implicit mode ON; LaTeX internals redefined.
Package hyperref Info: Bookmarks ON on input line 4425.
\c@Hy@tempcnt=\count337

(c:/texlive/2023/texmf-dist/tex/latex/url/url.sty
\Urlmuskip=\muskip16
Package: url 2013/09/16  ver 3.4  Verb mode for urls, etc.
)
LaTeX Info: Redefining \url on input line 4763.
\XeTeXLinkMargin=\dimen290

(c:/texlive/2023/texmf-dist/tex/generic/bitset/bitset.sty
Package: bitset 2019/12/09 v1.3 Handle bit-vector datatype (HO)

(c:/texlive/2023/texmf-dist/tex/generic/bigintcalc/bigintcalc.sty
Package: bigintcalc 2019/12/15 v1.5 Expandable calculations on big integers (HO
)
))
\Fld@menulength=\count338
\Field@Width=\dimen291
\Fld@charsize=\dimen292
Package hyperref Info: Hyper figures OFF on input line 6042.
Package hyperref Info: Link nesting OFF on input line 6047.
Package hyperref Info: Hyper index ON on input line 6050.
Package hyperref Info: backreferencing OFF on input line 6057.
Package hyperref Info: Link coloring OFF on input line 6062.
Package hyperref Info: Link coloring with OCG OFF on input line 6067.
Package hyperref Info: PDF/A mode OFF on input line 6072.

(c:/texlive/2023/texmf-dist/tex/latex/base/atbegshi-ltx.sty
Package: atbegshi-ltx 2021/01/10 v1.0c Emulation of the original atbegshi
package with kernel methods
)
\Hy@abspage=\count339
\c@Item=\count340
\c@Hfootnote=\count341
)
Package hyperref Info: Driver (autodetected): hxetex.

(c:/texlive/2023/texmf-dist/tex/latex/hyperref/hxetex.def
File: hxetex.def 2023-02-07 v7.00v Hyperref driver for XeTeX

(c:/texlive/2023/texmf-dist/tex/generic/stringenc/stringenc.sty
Package: stringenc 2019/11/29 v1.12 Convert strings between diff. encodings (HO
)
)
\pdfm@box=\box86
\c@Hy@AnnotLevel=\count342
\HyField@AnnotCount=\count343
\Fld@listcount=\count344
\c@bookmark@seq@number=\count345

(c:/texlive/2023/texmf-dist/tex/latex/rerunfilecheck/rerunfilecheck.sty
Package: rerunfilecheck 2022-07-10 v1.10 Rerun checks for auxiliary files (HO)

(c:/texlive/2023/texmf-dist/tex/latex/base/atveryend-ltx.sty
Package: atveryend-ltx 2020/08/19 v1.0a Emulation of the original atveryend pac
kage
with kernel methods
)
(c:/texlive/2023/texmf-dist/tex/generic/uniquecounter/uniquecounter.sty
Package: uniquecounter 2019/12/15 v1.4 Provide unlimited unique counter (HO)
)
Package uniquecounter Info: New unique counter `rerunfilecheck' on input line 2
85.
)
\Hy@SectionHShift=\skip67
)
(c:/texlive/2023/texmf-dist/tex/latex/amsmath/amsmath.sty
Package: amsmath 2022/04/08 v2.17n AMS math features
\@mathmargin=\skip68

For additional information on amsmath, use the `?' option.
(c:/texlive/2023/texmf-dist/tex/latex/amsmath/amstext.sty
Package: amstext 2021/08/26 v2.01 AMS text

(c:/texlive/2023/texmf-dist/tex/latex/amsmath/amsgen.sty
File: amsgen.sty 1999/11/30 v2.0 generic functions
\@emptytoks=\toks41
\ex@=\dimen293
))
(c:/texlive/2023/texmf-dist/tex/latex/amsmath/amsbsy.sty
Package: amsbsy 1999/11/29 v1.2d Bold Symbols
\pmbraise@=\dimen294
)
(c:/texlive/2023/texmf-dist/tex/latex/amsmath/amsopn.sty
Package: amsopn 2022/04/08 v2.04 operator names
)
\inf@bad=\count346
LaTeX Info: Redefining \frac on input line 234.
\uproot@=\count347
\leftroot@=\count348
LaTeX Info: Redefining \overline on input line 399.
LaTeX Info: Redefining \colon on input line 410.
\classnum@=\count349
\DOTSCASE@=\count350
LaTeX Info: Redefining \ldots on input line 496.
LaTeX Info: Redefining \dots on input line 499.
LaTeX Info: Redefining \cdots on input line 620.
\Mathstrutbox@=\box87
\strutbox@=\box88
LaTeX Info: Redefining \big on input line 722.
LaTeX Info: Redefining \Big on input line 723.
LaTeX Info: Redefining \bigg on input line 724.
LaTeX Info: Redefining \Bigg on input line 725.
\big@size=\dimen295
LaTeX Font Info:    Redeclaring font encoding OML on input line 743.
LaTeX Font Info:    Redeclaring font encoding OMS on input line 744.
\macc@depth=\count351
LaTeX Info: Redefining \bmod on input line 905.
LaTeX Info: Redefining \pmod on input line 910.
LaTeX Info: Redefining \smash on input line 940.
LaTeX Info: Redefining \relbar on input line 970.
LaTeX Info: Redefining \Relbar on input line 971.
\c@MaxMatrixCols=\count352
\dotsspace@=\muskip17
\c@parentequation=\count353
\dspbrk@lvl=\count354
\tag@help=\toks42
\row@=\count355
\column@=\count356
\maxfields@=\count357
\andhelp@=\toks43
\eqnshift@=\dimen296
\alignsep@=\dimen297
\tagshift@=\dimen298
\tagwidth@=\dimen299
\totwidth@=\dimen300
\lineht@=\dimen301
\@envbody=\toks44
\multlinegap=\skip69
\multlinetaggap=\skip70
\mathdisplay@stack=\toks45
LaTeX Info: Redefining \[ on input line 2953.
LaTeX Info: Redefining \] on input line 2954.
)
\linenoamsmath@ams@eqpen=\count358

(c:/texlive/2023/texmf-dist/tex/latex/tocloft/tocloft.sty
Package: tocloft 2017/08/31 v2.3i parameterised ToC, etc., typesetting
Package tocloft Info: The document has section divisions on input line 51.
\cftparskip=\skip71
\cftbeforetoctitleskip=\skip72
\cftaftertoctitleskip=\skip73
\cftbeforepartskip=\skip74
\cftpartnumwidth=\skip75
\cftpartindent=\skip76
\cftbeforesecskip=\skip77
\cftsecindent=\skip78
\cftsecnumwidth=\skip79
\cftbeforesubsecskip=\skip80
\cftsubsecindent=\skip81
\cftsubsecnumwidth=\skip82
\cftbeforesubsubsecskip=\skip83
\cftsubsubsecindent=\skip84
\cftsubsubsecnumwidth=\skip85
\cftbeforeparaskip=\skip86
\cftparaindent=\skip87
\cftparanumwidth=\skip88
\cftbeforesubparaskip=\skip89
\cftsubparaindent=\skip90
\cftsubparanumwidth=\skip91
\cftbeforeloftitleskip=\skip92
\cftafterloftitleskip=\skip93
\cftbeforefigskip=\skip94
\cftfigindent=\skip95
\cftfignumwidth=\skip96
\c@lofdepth=\count359
\c@lotdepth=\count360
\cftbeforelottitleskip=\skip97
\cftafterlottitleskip=\skip98
\cftbeforetabskip=\skip99
\cfttabindent=\skip100
\cfttabnumwidth=\skip101
)
Package hyperref Info: Option `colorlinks' set `true' on input line 37.
runsystem(for ^%i in (pygmentize.exe pygmentize.bat pygmentize.cmd) do set > ma
in.aex <nul: /p x=^%~$PATH:i>> main.aex)...executed.

runsystem(del main.aex)...executed.

 (./main.aux

Package fontspec Info: Font family 'TimesNewRoman(1)' created for font 'Times
(fontspec)             New Roman' with options
(fontspec)             [Ligatures=TeX,Script=Cyrillic].
(fontspec)              
(fontspec)              This font family consists of the following NFSS
(fontspec)             series/shapes:
(fontspec)              
(fontspec)             - 'normal' (m/n) with NFSS spec.: <->"Times New
(fontspec)             Roman/OT:script=cyrl;language=dflt;mapping=tex-text;"
(fontspec)             - 'small caps'  (m/sc) with NFSS spec.: <->"Times New
(fontspec)             Roman/OT:script=cyrl;language=dflt;+smcp;mapping=tex-tex
t;"
(fontspec)             - 'bold' (b/n) with NFSS spec.: <->"Times New
(fontspec)             Roman/B/OT:script=cyrl;language=dflt;mapping=tex-text;"
(fontspec)             - 'bold small caps'  (b/sc) with NFSS spec.: <->"Times
(fontspec)             New
(fontspec)             Roman/B/OT:script=cyrl;language=dflt;+smcp;mapping=tex-t
ext;"
(fontspec)             - 'italic' (m/it) with NFSS spec.: <->"Times New
(fontspec)             Roman/I/OT:script=cyrl;language=dflt;mapping=tex-text;"
(fontspec)             - 'italic small caps'  (m/scit) with NFSS spec.:
(fontspec)             <->"Times New
(fontspec)             Roman/I/OT:script=cyrl;language=dflt;+smcp;mapping=tex-t
ext;"
(fontspec)             - 'bold italic' (b/it) with NFSS spec.: <->"Times New
(fontspec)             Roman/BI/OT:script=cyrl;language=dflt;mapping=tex-text;"

(fontspec)             - 'bold italic small caps'  (b/scit) with NFSS spec.:
(fontspec)             <->"Times New
(fontspec)             Roman/BI/OT:script=cyrl;language=dflt;+smcp;mapping=tex-
text;"

)
\openout1 = `main.aux'.

LaTeX Font Info:    Checking defaults for OML/cmm/m/it on input line 42.
LaTeX Font Info:    ... okay on input line 42.
LaTeX Font Info:    Checking defaults for OMS/cmsy/m/n on input line 42.
LaTeX Font Info:    ... okay on input line 42.
LaTeX Font Info:    Checking defaults for OT1/cmr/m/n on input line 42.
LaTeX Font Info:    ... okay on input line 42.
LaTeX Font Info:    Checking defaults for T1/cmr/m/n on input line 42.
LaTeX Font Info:    ... okay on input line 42.
LaTeX Font Info:    Checking defaults for TS1/cmr/m/n on input line 42.
LaTeX Font Info:    Trying to load font information for TS1+cmr on input line 4
2.

(c:/texlive/2023/texmf-dist/tex/latex/base/ts1cmr.fd
File: ts1cmr.fd 2022/07/10 v2.5l Standard LaTeX font definitions
)
LaTeX Font Info:    ... okay on input line 42.
LaTeX Font Info:    Checking defaults for TU/lmr/m/n on input line 42.
LaTeX Font Info:    ... okay on input line 42.
LaTeX Font Info:    Checking defaults for OMX/cmex/m/n on input line 42.
LaTeX Font Info:    ... okay on input line 42.
LaTeX Font Info:    Checking defaults for U/cmr/m/n on input line 42.
LaTeX Font Info:    ... okay on input line 42.
LaTeX Font Info:    Checking defaults for PD1/pdf/m/n on input line 42.
LaTeX Font Info:    ... okay on input line 42.
LaTeX Font Info:    Checking defaults for PU/pdf/m/n on input line 42.
LaTeX Font Info:    ... okay on input line 42.

Package fontspec Info: Adjusting the maths setup (use [no-math] to avoid
(fontspec)             this).

\symlegacymaths=\mathgroup4
LaTeX Font Info:    Overwriting symbol font `legacymaths' in version `bold'
(Font)                  OT1/cmr/m/n --> OT1/cmr/bx/n on input line 42.
LaTeX Font Info:    Redeclaring math accent \acute on input line 42.
LaTeX Font Info:    Redeclaring math accent \grave on input line 42.
LaTeX Font Info:    Redeclaring math accent \ddot on input line 42.
LaTeX Font Info:    Redeclaring math accent \tilde on input line 42.
LaTeX Font Info:    Redeclaring math accent \bar on input line 42.
LaTeX Font Info:    Redeclaring math accent \breve on input line 42.
LaTeX Font Info:    Redeclaring math accent \check on input line 42.
LaTeX Font Info:    Redeclaring math accent \hat on input line 42.
LaTeX Font Info:    Redeclaring math accent \dot on input line 42.
LaTeX Font Info:    Redeclaring math accent \mathring on input line 42.
LaTeX Font Info:    Redeclaring math symbol \Gamma on input line 42.
LaTeX Font Info:    Redeclaring math symbol \Delta on input line 42.
LaTeX Font Info:    Redeclaring math symbol \Theta on input line 42.
LaTeX Font Info:    Redeclaring math symbol \Lambda on input line 42.
LaTeX Font Info:    Redeclaring math symbol \Xi on input line 42.
LaTeX Font Info:    Redeclaring math symbol \Pi on input line 42.
LaTeX Font Info:    Redeclaring math symbol \Sigma on input line 42.
LaTeX Font Info:    Redeclaring math symbol \Upsilon on input line 42.
LaTeX Font Info:    Redeclaring math symbol \Phi on input line 42.
LaTeX Font Info:    Redeclaring math symbol \Psi on input line 42.
LaTeX Font Info:    Redeclaring math symbol \Omega on input line 42.
LaTeX Font Info:    Redeclaring math symbol \mathdollar on input line 42.
LaTeX Font Info:    Redeclaring symbol font `operators' on input line 42.
LaTeX Font Info:    Encoding `OT1' has changed to `TU' for symbol font
(Font)              `operators' in the math version `normal' on input line 42.
LaTeX Font Info:    Overwriting symbol font `operators' in version `normal'
(Font)                  OT1/cmr/m/n --> TU/TimesNewRoman(0)/m/n on input line 4
2.
LaTeX Font Info:    Encoding `OT1' has changed to `TU' for symbol font
(Font)              `operators' in the math version `bold' on input line 42.
LaTeX Font Info:    Overwriting symbol font `operators' in version `bold'
(Font)                  OT1/cmr/bx/n --> TU/TimesNewRoman(0)/m/n on input line 
42.
LaTeX Font Info:    Overwriting symbol font `operators' in version `normal'
(Font)                  TU/TimesNewRoman(0)/m/n --> TU/TimesNewRoman(0)/m/n on 
input line 42.
LaTeX Font Info:    Overwriting math alphabet `\mathit' in version `normal'
(Font)                  OT1/cmr/m/it --> TU/TimesNewRoman(0)/m/it on input line
 42.
LaTeX Font Info:    Overwriting math alphabet `\mathbf' in version `normal'
(Font)                  OT1/cmr/bx/n --> TU/TimesNewRoman(0)/b/n on input line 
42.
LaTeX Font Info:    Overwriting math alphabet `\mathsf' in version `normal'
(Font)                  OT1/cmss/m/n --> TU/Arial(0)/m/n on input line 42.
LaTeX Font Info:    Overwriting math alphabet `\mathtt' in version `normal'
(Font)                  OT1/cmtt/m/n --> TU/Consolas(0)/m/n on input line 42.
LaTeX Font Info:    Overwriting symbol font `operators' in version `bold'
(Font)                  TU/TimesNewRoman(0)/m/n --> TU/TimesNewRoman(0)/b/n on 
input line 42.
LaTeX Font Info:    Overwriting math alphabet `\mathit' in version `bold'
(Font)                  OT1/cmr/bx/it --> TU/TimesNewRoman(0)/b/it on input lin
e 42.
LaTeX Font Info:    Overwriting math alphabet `\mathsf' in version `bold'
(Font)                  OT1/cmss/bx/n --> TU/Arial(0)/b/n on input line 42.
LaTeX Font Info:    Overwriting math alphabet `\mathtt' in version `bold'
(Font)                  OT1/cmtt/m/n --> TU/Consolas(0)/b/n on input line 42.
The property list \__xpg_alias contains the pairs (without outer braces):
>  {latex/target}  =>  {latex}
>  {russian/target}  =>  {russian}
>  {ru/target}  =>  {russian}
>  {ru-luna1918/target}  =>  {russian}
>  {ru-luna1918/options}  =>  {spelling=modern}
>  {ru-petr1708/target}  =>  {russian}
>  {ru-petr1708/options}  =>  {spelling=old}.

*geometry* driver: auto-detecting
*geometry* detected driver: xetex
*geometry* verbose mode - [ preamble ] result:
* driver: xetex
* paper: a4paper
* layout: <same size as paper>
* layoutoffset:(h,v)=(0.0pt,0.0pt)
* modes: 
* h-part:(L,W,R)=(56.9055pt, 497.92325pt, 42.67912pt)
* v-part:(T,H,B)=(56.9055pt, 731.23584pt, 56.9055pt)
* \paperwidth=597.50787pt
* \paperheight=845.04684pt
* \textwidth=497.92325pt
* \textheight=731.23584pt
* \oddsidemargin=-15.36449pt
* \evensidemargin=-15.36449pt
* \topmargin=-65.36449pt
* \headheight=25.0pt
* \headsep=25.0pt
* \topskip=14.0pt
* \footskip=30.0pt
* \marginparwidth=15.0pt
* \marginparsep=10.0pt
* \columnsep=10.0pt
* \skip\footins=12.0pt plus 4.0pt minus 2.0pt
* \hoffset=0.0pt
* \voffset=0.0pt
* \mag=1000
* \@twocolumnfalse
* \@twosidefalse
* \@mparswitchfalse
* \@reversemarginfalse
* (1in=72.27pt=25.4mm, 1cm=28.453pt)

Package hyperref Info: Link coloring ON on input line 42.
(./main.out) (./main.out)
\@outlinefile=\write6
\openout6 = `main.out'.

 [1

] (./main.toc [1] [2]

Package fontspec Info: Font family 'Consolas(1)' created for font 'Consolas'
(fontspec)             with options
(fontspec)             [WordSpace={1,0,0},HyphenChar=None,PunctuationSpace=Word
Space,Script=Cyrillic].
(fontspec)              
(fontspec)              This font family consists of the following NFSS
(fontspec)             series/shapes:
(fontspec)              
(fontspec)             - 'normal' (m/n) with NFSS spec.:
(fontspec)             <->"Consolas/OT:script=cyrl;language=dflt;"
(fontspec)             - 'small caps'  (m/sc) with NFSS spec.: 
(fontspec)             and font adjustment code:
(fontspec)             \fontdimen 2\font =1\fontdimen 2\font \fontdimen 3\font
(fontspec)             =0\fontdimen 3\font \fontdimen 4\font =0\fontdimen
(fontspec)             4\font \fontdimen 7\font =0\fontdimen 2\font
(fontspec)             \tex_hyphenchar:D \font =-1\scan_stop: 
(fontspec)             - 'bold' (b/n) with NFSS spec.:
(fontspec)             <->"Consolas/B/OT:script=cyrl;language=dflt;"
(fontspec)             - 'bold small caps'  (b/sc) with NFSS spec.: 
(fontspec)             and font adjustment code:
(fontspec)             \fontdimen 2\font =1\fontdimen 2\font \fontdimen 3\font
(fontspec)             =0\fontdimen 3\font \fontdimen 4\font =0\fontdimen
(fontspec)             4\font \fontdimen 7\font =0\fontdimen 2\font
(fontspec)             \tex_hyphenchar:D \font =-1\scan_stop: 
(fontspec)             - 'italic' (m/it) with NFSS spec.:
(fontspec)             <->"Consolas/I/OT:script=cyrl;language=dflt;"
(fontspec)             - 'italic small caps'  (m/scit) with NFSS spec.: 
(fontspec)             and font adjustment code:
(fontspec)             \fontdimen 2\font =1\fontdimen 2\font \fontdimen 3\font
(fontspec)             =0\fontdimen 3\font \fontdimen 4\font =0\fontdimen
(fontspec)             4\font \fontdimen 7\font =0\fontdimen 2\font
(fontspec)             \tex_hyphenchar:D \font =-1\scan_stop: 
(fontspec)             - 'bold italic' (b/it) with NFSS spec.:
(fontspec)             <->"Consolas/BI/OT:script=cyrl;language=dflt;"
(fontspec)             - 'bold italic small caps'  (b/scit) with NFSS spec.: 
(fontspec)             and font adjustment code:
(fontspec)             \fontdimen 2\font =1\fontdimen 2\font \fontdimen 3\font
(fontspec)             =0\fontdimen 3\font \fontdimen 4\font =0\fontdimen
(fontspec)             4\font \fontdimen 7\font =0\fontdimen 2\font
(fontspec)             \tex_hyphenchar:D \font =-1\scan_stop: 

)
\tf@toc=\write7
\openout7 = `main.toc'.

 [3]
(./chapters/intro/intro.tex
Underfull \hbox (badness 1694) in paragraph at lines 19--20
[]\TU/TimesNewRoman(1)/b/n/14.4 Алгоритмическое мышление: \TU/TimesNewRoman(1)/
m/n/14.4 Развитие способности декомпозировать
 []

[4

] [5]) [6] (./chapters/getting_started/getting_started.tex
Underfull \hbox (badness 1412) in paragraph at lines 23--24
[]\TU/TimesNewRoman(1)/b/n/14.4 Обращение с аккумуляторами: \TU/TimesNewRoman(1
)/m/n/14.4 Используйте только исправные LiPo-
 []

[7

] [8] [9]
\openout4 = `main.pyg'.

 (./_minted-main/friendly.pygstyle)
(./_minted-main/99A8CBDD0C92F6F9686D16D18BCE136812EF69830CF6272999B391879F99BE8
E.pygtex)) [10] (./chapters/rc_control/rc_control.tex
Underfull \hbox (badness 1478) in paragraph at lines 19--20
\TU/TimesNewRoman(1)/m/n/14.4 чателей при включении. Если на экране отображаетс
я предупреждение
 []

File: images/rc_setting_main.png Graphic file (type bmp)
<images/rc_setting_main.png>
[11

] [12]
File: images/rc_setting_aux.png Graphic file (type bmp)
<images/rc_setting_aux.png>
 [13]
File: images/rc_setting_system.png Graphic file (type bmp)
<images/rc_setting_system.png>
 [14]
File: images/FS-A8S_bind.png Graphic file (type bmp)
<images/FS-A8S_bind.png>
 [15]
File: images/rc_sticks_overview.png Graphic file (type bmp)
<images/rc_sticks_overview.png>
 [16] [17]
File: images/rc_control_1.png Graphic file (type bmp)
<images/rc_control_1.png>
File: images/rc_control_2.png Graphic file (type bmp)
<images/rc_control_2.png>
 [18]
Underfull \hbox (badness 1661) in paragraph at lines 202--203
[]\TU/TimesNewRoman(1)/b/n/14.4 Стик вправо: \TU/TimesNewRoman(1)/m/n/14.4 Нос 
квадрокоптера поворачивается вправо (по часовой
 []

File: images/rc_control_3.png Graphic file (type bmp)
<images/rc_control_3.png>
[19]
File: images/rc_control_4.png Graphic file (type bmp)
<images/rc_control_4.png>
File: images/rc_control_5.png Graphic file (type bmp)
<images/rc_control_5.png>
 [20]) [21] (./chapters/lua/intro.tex
Underfull \hbox (badness 10000) in paragraph at lines 24--25
[]\TU/TimesNewRoman(1)/m/n/14.4 символ или слово, выполняющее действие:
 []

[22

]
Underfull \hbox (badness 10000) in paragraph at lines 30--31
[]\TU/TimesNewRoman(1)/m/n/14.4 распаковывает таблицу в список аргументов:
 []

\openout4 = `main.pyg'.


(./_minted-main/51CBFFECD9CA8E036DD2D02851D9BB4A12EF69830CF6272999B391879F99BE8
E.pygtex) [23]) (./chapters/lua/variables.tex
\openout4 = `main.pyg'.


(./_minted-main/4A4874E8DEB0BDB7AA5F4B6DC7B321CD12EF69830CF6272999B391879F99BE8
E.pygtex) [24]
\openout4 = `main.pyg'.


(./_minted-main/E1457202153401A512A0CB8F94B7154712EF69830CF6272999B391879F99BE8
E.pygtex)
Underfull \hbox (badness 10000) in paragraph at lines 52--53
[]\TU/TimesNewRoman(1)/m/n/14.4 Объявите [][]\TU/Consolas(1)/m/n/14.4 local con
fig = nil []\TU/TimesNewRoman(1)/m/n/14.4 и затем присвойте
 []

[25]) (./chapters/lua/arithmetic.tex
\openout4 = `main.pyg'.


(./_minted-main/7A93E9FE11549CE0132AEB3D4223B93B12EF69830CF6272999B391879F99BE8
E.pygtex)
Underfull \hbox (badness 10000) in paragraph at lines 22--25
[] []\TU/TimesNewRoman(1)/b/n/14.4 Пояснения.[] \TU/TimesNewRoman(1)/m/n/14.4 -
 [][]\TU/Consolas(1)/m/n/14.4 math.sqrt []\TU/TimesNewRoman(1)/m/n/14.4 возвращ
ает корень квадратный; [][]\TU/Consolas(1)/m/n/14.4 math.pi
 []


Underfull \hbox (badness 10000) in paragraph at lines 22--25
[]\TU/TimesNewRoman(1)/m/n/14.4 — число $\OML/cmm/m/it/14.4 $\TU/TimesNewRoman
(1)/m/n/14.4 . - [][]\TU/Consolas(1)/m/n/14.4 math.max []\TU/TimesNewRoman(1)/m
/n/14.4 и [][]\TU/Consolas(1)/m/n/14.4 math.min []\TU/TimesNewRoman(1)/m/n/14.4
 ограничивают значения:
 []


Underfull \hbox (badness 1331) in paragraph at lines 22--25
[][]\TU/Consolas(1)/m/n/14.4 v = math.max(0, math.min(1, v))[]\TU/TimesNewRoman
(1)/m/n/14.4 . - Деление на ноль следует избегать:
 []

[26]) (./chapters/lua/logic.tex
\openout4 = `main.pyg'.


(./_minted-main/AC396BA179F3F7F5BCE17B6722C7438A12EF69830CF6272999B391879F99BE8
E.pygtex) [27]
Overfull \hbox (10.3341pt too wide) in paragraph at lines 29--30
[]\TU/TimesNewRoman(1)/m/n/14.4 Составьте логическое выражение: [][]\TU/Consola
s(1)/m/n/14.4 t.enabled == true or t.mode=="auto"[]\TU/TimesNewRoman(1)/m/n/14.
4 . 
 []


Underfull \hbox (badness 10000) in paragraph at lines 35--36
[]\TU/TimesNewRoman(1)/m/n/14.4 Напишите логическую функцию «входит ли символ [
][]\TU/Consolas(1)/m/n/14.4 c []\TU/TimesNewRoman(1)/m/n/14.4 в набор
 []

) (./chapters/lua/conditions.tex
\openout4 = `main.pyg'.


(./_minted-main/F252AE452FB852CE4F9BFC71FB223E3612EF69830CF6272999B391879F99BE8
E.pygtex)
Overfull \hbox (37.57149pt too wide) in paragraph at lines 2--12
[]\TU/TimesNewRoman(1)/m/n/14.4 Ветвления выполняются через [][]\TU/Consolas(1)
/m/n/14.4 if ... then ... elseif ... else ... end[]\TU/TimesNewRoman(1)/m/n/14.
4 .
 []

[28]
\openout4 = `main.pyg'.


(./_minted-main/279D2400BB97C2C2D515969B1A838D5512EF69830CF6272999B391879F99BE8
E.pygtex)
Underfull \hbox (badness 1320) in paragraph at lines 20--23
[] []\TU/TimesNewRoman(1)/b/n/14.4 Пояснения.[] \TU/TimesNewRoman(1)/m/n/14.4 -
 «Охранное» условие позволяет быстро завершить ветку при
 []


Underfull \hbox (badness 1019) in paragraph at lines 27--28
[]\TU/TimesNewRoman(1)/m/n/14.4 Составьте ветвление: [][]\TU/Consolas(1)/m/n/14
.4 temp<0 []\TU/TimesNewRoman(1)/m/n/14.4 → [][]\TU/Consolas(1)/m/n/14.4 "cold"
[]\TU/TimesNewRoman(1)/m/n/14.4 , [][]\TU/Consolas(1)/m/n/14.4 0<=temp<20 []\TU
/TimesNewRoman(1)/m/n/14.4 → [][]\TU/Consolas(1)/m/n/14.4 "cool"[]\TU/TimesNewR
oman(1)/m/n/14.4 , иначе
 []


Underfull \hbox (badness 10000) in paragraph at lines 34--35
[]\TU/TimesNewRoman(1)/m/n/14.4 Напишите проверку «строка [][]\TU/Consolas(1)/m
/n/14.4 name []\TU/TimesNewRoman(1)/m/n/14.4 начинается с [][]\TU/Consolas(1)/m
/n/14.4 "P"[]\TU/TimesNewRoman(1)/m/n/14.4 » (используйте
 []

[29]) (./chapters/lua/loops.tex
\openout4 = `main.pyg'.


(./_minted-main/351E41EA14D7C60B5016FEA002745AE012EF69830CF6272999B391879F99BE8
E.pygtex)
\openout4 = `main.pyg'.


(./_minted-main/325EAE8F0C3663229461835AA0A6834712EF69830CF6272999B391879F99BE8
E.pygtex)
\openout4 = `main.pyg'.


(./_minted-main/BF8A9154C0F266302C9F6E9C8B11F0F412EF69830CF6272999B391879F99BE8
E.pygtex) [30]
Overfull \hbox (10.06805pt too wide) in paragraph at lines 51--52
[]\TU/TimesNewRoman(1)/m/n/14.4 Создайте таблицу [][]\TU/Consolas(1)/m/n/14.4 s
quares []\TU/TimesNewRoman(1)/m/n/14.4 с полями [][]\TU/Consolas(1)/m/n/14.4 ["
1"]=1, ["2"]=4, ..., ["10"]=100[]\TU/TimesNewRoman(1)/m/n/14.4 . 
 []

) (./chapters/lua/platform.tex
Underfull \hbox (badness 10000) in paragraph at lines 2--6
[]\TU/TimesNewRoman(1)/m/n/14.4 - [][]\TU/Consolas(1)/m/n/14.4 Ledbar.new(N) []
\TU/TimesNewRoman(1)/m/n/14.4 создаёт объект управления светодиодами (ис-
 []


Underfull \hbox (badness 10000) in paragraph at lines 2--6
\TU/TimesNewRoman(1)/m/n/14.4 пользуем [][]\TU/Consolas(1)/m/n/14.4 N=25[]\TU/T
imesNewRoman(1)/m/n/14.4 ). - [][]\TU/Consolas(1)/m/n/14.4 leds:set(i, r, g, b)
 []\TU/TimesNewRoman(1)/m/n/14.4 задаёт цвет по индексу [][]\TU/Consolas(1)/m/n
/14.4 i
 []


Underfull \hbox (badness 10000) in paragraph at lines 2--6
[]\TU/TimesNewRoman(1)/m/n/14.4 ([][]\TU/Consolas(1)/m/n/14.4 r,g,b []\TU/Times
NewRoman(1)/m/n/14.4 в [][]\TU/Consolas(1)/m/n/14.4 [0.0,1.0][]\TU/TimesNewRoma
n(1)/m/n/14.4 ). - [][]\TU/Consolas(1)/m/n/14.4 Timer.new(period, fn) []\TU/Tim
esNewRoman(1)/m/n/14.4 создаёт периодиче-
 []


Underfull \hbox (badness 10000) in paragraph at lines 2--6
\TU/TimesNewRoman(1)/m/n/14.4 ский таймер; [][]\TU/Consolas(1)/m/n/14.4 Timer.c
allLater(delay, fn) []\TU/TimesNewRoman(1)/m/n/14.4 — отложенный вызов. -
 []

[31]
\openout4 = `main.pyg'.


(./_minted-main/6AF20876689DA451EDE4BDD43DD78F5512EF69830CF6272999B391879F99BE8
E.pygtex)
\openout4 = `main.pyg'.


(./_minted-main/F5B99275B3E1CDCE9613C612BD4EAF7912EF69830CF6272999B391879F99BE8
E.pygtex)
\openout4 = `main.pyg'.


(./_minted-main/5A9A6B031AB626A1B69960A54E29A86712EF69830CF6272999B391879F99BE8
E.pygtex)
\openout4 = `main.pyg'.


(./_minted-main/0845C47EA894B2107AA16C2FFAEA7BA712EF69830CF6272999B391879F99BE8
E.pygtex) [32]) [33] (./chapters/leds/00_section.tex)
(./chapters/leds/01_goals.tex) (./chapters/leds/02_intro.tex)
(./chapters/leds/03_glossary.tex [34

]
Underfull \hbox (badness 1137) in paragraph at lines 14--15
[]\TU/TimesNewRoman(1)/m/n/14.4 три числа [][]\TU/Consolas(1)/m/n/14.4 R[]\TU/T
imesNewRoman(1)/m/n/14.4 , [][]\TU/Consolas(1)/m/n/14.4 G[]\TU/TimesNewRoman(1)
/m/n/14.4 , [][]\TU/Consolas(1)/m/n/14.4 B[]\TU/TimesNewRoman(1)/m/n/14.4 , зад
ающие яркости каналов; каждое в
 []


Underfull \hbox (badness 5832) in paragraph at lines 15--16
[]\TU/TimesNewRoman(1)/m/n/14.4 порядковый номер «лампочки» в линейке; использу
ем
 []

) (./chapters/leds/04_hardware.tex [35]) (./chapters/leds/05_buffer.tex
\openout4 = `main.pyg'.


(./_minted-main/6F1EC26946616570B15E3AD1322B7FBB12EF69830CF6272999B391879F99BE8
E.pygtex) [36]) (./chapters/leds/06_rgb.tex) (./chapters/leds/07_addressing.tex
\openout4 = `main.pyg'.


(./_minted-main/A96273047358C5BB10A4652BEFC0DA8C12EF69830CF6272999B391879F99BE8
E.pygtex) [37]) (./chapters/leds/08_ledbar_api.tex
Underfull \hbox (badness 1024) in paragraph at lines 3--4
[]\TU/TimesNewRoman(1)/m/n/14.4 Для управления светодиодами в системе Geoskan P
ioneer используется
 []

\openout4 = `main.pyg'.


(./_minted-main/1C2F59AFE4CC22A15A1D790B6A7815BE12EF69830CF6272999B391879F99BE8
E.pygtex) [38]) (./chapters/leds/09_timers.tex
\openout4 = `main.pyg'.


(./_minted-main/C50E4893900161E1F9DADC4C72822EB412EF69830CF6272999B391879F99BE8
E.pygtex)
\openout4 = `main.pyg'.


(./_minted-main/50E01F2D0D1AFD0A3447C687074DE2D012EF69830CF6272999B391879F99BE8
E.pygtex)) (./chapters/leds/10_events.tex [39]
\openout4 = `main.pyg'.


(./_minted-main/915E6E4A140CB93F6827A82CE877F88412EF69830CF6272999B391879F99BE8
E.pygtex)
\openout4 = `main.pyg'.


(./_minted-main/7D4E7F96ACE2137B59F40ED6DE67101512EF69830CF6272999B391879F99BE8
E.pygtex)) (./chapters/leds/11_approaches.tex [40])
(./chapters/leds/12_examples.tex
\openout4 = `main.pyg'.


(./_minted-main/B1E4422AAF511E00896BDF5358DAFA3412EF69830CF6272999B391879F99BE8
E.pygtex) [41]
\openout4 = `main.pyg'.


(./_minted-main/FEFF4657A143E17F9F22838E12C4CBE012EF69830CF6272999B391879F99BE8
E.pygtex) [42]) (./chapters/leds/13_random_color_example.tex
\openout4 = `main.pyg'.


(./_minted-main/699B720343D7F9B55435A8FAB4B6FE7012EF69830CF6272999B391879F99BE8
E.pygtex) [43]) (./chapters/leds/14_quiz.tex [44]
Underfull \hbox (badness 10000) in paragraph at lines 10--11
[]\TU/TimesNewRoman(1)/m/n/14.4 Чем должно быть начальное значение счётчика в ц
икле?
 []


Underfull \hbox (badness 7308) in paragraph at lines 16--17
[]\TU/TimesNewRoman(1)/m/n/14.4 Каким вызовом передать RGB-таблицу в [][]\TU/Co
nsolas(1)/m/n/14.4 leds:set []\TU/TimesNewRoman(1)/m/n/14.4 при объявленном
 []

[45] [46] [47]) (./chapters/leds/99_summary.tex)
(./chapters/leds/15_labs_base.tex [48] [49]) (./chapters/leds/16_labs_algo.tex
[50]) (./chapters/leds/17_labs_events.tex [51]) [52]
(./chapters/missions/part1/00_section.tex)
(./chapters/missions/part1/01_goals.tex)
(./chapters/missions/part1/02_intro.tex)
(./chapters/missions/part1/03_glossary.tex
Underfull \hbox (badness 3601) in paragraph at lines 4--5
[]\TU/TimesNewRoman(1)/m/n/14.4 сигналы от платформы: \TU/Consolas(1)/m/n/14.4 
TAKEOFF_COMPLETE \TU/TimesNewRoman(1)/m/n/14.4 (взлёт завер-
 []


Underfull \hbox (badness 10000) in paragraph at lines 4--5
\TU/TimesNewRoman(1)/m/n/14.4 шён), \TU/Consolas(1)/m/n/14.4 POINT_REACHED \TU/
TimesNewRoman(1)/m/n/14.4 (точка достигнута), \TU/Consolas(1)/m/n/14.4 COPTER_L
ANDED \TU/TimesNewRoman(1)/m/n/14.4 (посад-
 []


Underfull \hbox (badness 4543) in paragraph at lines 4--5
\TU/TimesNewRoman(1)/m/n/14.4 ка), \TU/Consolas(1)/m/n/14.4 SHOCK \TU/TimesNewR
oman(1)/m/n/14.4 (удар/столкновение), \TU/Consolas(1)/m/n/14.4 LOW_VOLTAGE2 \TU
/TimesNewRoman(1)/m/n/14.4 (низкое напряжение),
 []

[53

]) (./chapters/missions/part1/04_interfaces.tex
Underfull \hbox (badness 5711) in paragraph at lines 9--10
[]\TU/TimesNewRoman(1)/m/n/14.4 Считывание RC: \TU/Consolas(1)/m/n/14.4 Sensors
.rc() \TU/TimesNewRoman(1)/m/n/14.4 — получение массива каналов ра-
 []


Underfull \hbox (badness 10000) in paragraph at lines 9--10
\TU/TimesNewRoman(1)/m/n/14.4 диоуправления; для тумблера \TU/Consolas(1)/m/n/1
4.4 SwA \TU/TimesNewRoman(1)/m/n/14.4 обычно анализируют 8-й канал
 []

[54]
Underfull \hbox (badness 4291) in paragraph at lines 10--11
[]\TU/TimesNewRoman(1)/m/n/14.4 Обработчик событий: \TU/Consolas(1)/m/n/14.4 fu
nction callback(event) \TU/TimesNewRoman(1)/m/n/14.4 — функция, вы-
 []


Underfull \hbox (badness 10000) in paragraph at lines 10--11
\TU/TimesNewRoman(1)/m/n/14.4 зываемая платформой при наступлении \TU/Consolas(
1)/m/n/14.4 Ev.* \TU/TimesNewRoman(1)/m/n/14.4 (\TU/Consolas(1)/m/n/14.4 TAKEOF
F_COMPLETE\TU/TimesNewRoman(1)/m/n/14.4 ,
 []


Underfull \hbox (badness 10000) in paragraph at lines 10--11
\TU/Consolas(1)/m/n/14.4 POINT_REACHED\TU/TimesNewRoman(1)/m/n/14.4 , \TU/Conso
las(1)/m/n/14.4 COPTER_LANDED\TU/TimesNewRoman(1)/m/n/14.4 , \TU/Consolas(1)/m/
n/14.4 SHOCK\TU/TimesNewRoman(1)/m/n/14.4 , \TU/Consolas(1)/m/n/14.4 LOW_VOLTAG
E2\TU/TimesNewRoman(1)/m/n/14.4 ). Внутри
 []

) (./chapters/missions/part1/05_leds_debug.tex)
(./chapters/missions/part1/06_flight_api.tex
Underfull \hbox (badness 3668) in paragraph at lines 7--8
[]\TU/Consolas(1)/m/n/14.4 ap.push(Ev.MCE_PREFLIGHT) \TU/TimesNewRoman(1)/m/n/1
4.4 — \TU/TimesNewRoman(1)/b/n/14.4 Обязательная команда перед
 []

[55]) (./chapters/missions/part1/07_stages_intro.tex [56])
(./chapters/missions/part1/08_example_engines.tex
\openout4 = `main.pyg'.


(./_minted-main/AFE21B7D1BDFFC29F587D397E46B78DB12EF69830CF6272999B391879F99BE8
E.pygtex)) (./chapters/missions/part1/09_example_takeoff_landing.tex
\openout4 = `main.pyg'.


(./_minted-main/988D967D8EC9E9DD7D30F912CB55A35612EF69830CF6272999B391879F99BE8
E.pygtex)) (./chapters/missions/part1/10_example_straight.tex
\openout4 = `main.pyg'.


(./_minted-main/57D76E27285647B41261C3923EF460DE12EF69830CF6272999B391879F99BE8
E.pygtex) [57]) (./chapters/missions/part1/11_example_points.tex
Underfull \hbox (badness 10000) in paragraph at lines 20--1
[]\TU/TimesNewRoman(1)/b/n/14.4 Пояснение. \TU/TimesNewRoman(1)/m/n/14.4 После 
взлёта выполняем полёт к точке
 []

\openout4 = `main.pyg'.


(./_minted-main/5BE5E212CF2632E6902253A0D18CCA8C12EF69830CF6272999B391879F99BE8
E.pygtex)) (./chapters/missions/part1/12_example_triangle.tex
Underfull \hbox (badness 10000) in paragraph at lines 28--1
[]\TU/TimesNewRoman(1)/b/n/14.4 Пояснение. \TU/TimesNewRoman(1)/m/n/14.4 Идиома
тичный «пошаговый» обход точек: каждое
 []

[58]
\openout4 = `main.pyg'.


(./_minted-main/FBB40D984C9448C3E7AAE6639E1EB74F12EF69830CF6272999B391879F99BE8
E.pygtex)) (./chapters/missions/part1/13_example_square.tex
Underfull \hbox (badness 3312) in paragraph at lines 28--1
[]\TU/TimesNewRoman(1)/b/n/14.4 Пояснение. \TU/TimesNewRoman(1)/m/n/14.4 Вершин
ы равностороннего треугольника расположены на
 []

\openout4 = `main.pyg'.


(./_minted-main/CE4DD054B1B40F612F6206E8CB0FE6FA12EF69830CF6272999B391879F99BE8
E.pygtex) [59]) (./chapters/missions/part1/14_example_circle_yaw.tex
\openout4 = `main.pyg'.


(./_minted-main/7CD5E99C4F6CB4FD961CFF72CD4297AC12EF69830CF6272999B391879F99BE8
E.pygtex) [60]) (./chapters/missions/part1/15_geometry_circle.tex
\openout4 = `main.pyg'.


(./_minted-main/29E402F4B306138956C38F82C18E8D4012EF69830CF6272999B391879F99BE8
E.pygtex)) (./chapters/missions/part1/16_architecture.tex [61])
(./chapters/missions/part1/17_lesson12.tex
\openout4 = `main.pyg'.


(./_minted-main/754614B6011EC38400284F851AED067612EF69830CF6272999B391879F99BE8
E.pygtex) [62] [63]) (./chapters/missions/part1/18_lesson14.tex
\openout4 = `main.pyg'.


(./_minted-main/2745C3866EFB5D7E54B7552D38B40CF112EF69830CF6272999B391879F99BE8
E.pygtex) [64] [65]) (./chapters/missions/part1/19_rc_initiation.tex
Underfull \hbox (badness 1331) in paragraph at lines 84--1
[]\TU/TimesNewRoman(1)/b/n/14.4 Комментарий. \TU/TimesNewRoman(1)/m/n/14.4 Реал
изована непрерывная подача команды на полёт по
 []

\openout4 = `main.pyg'.


(./_minted-main/50CC03C067CB76A76E6A83E41D051BD612EF69830CF6272999B391879F99BE8
E.pygtex)) (./chapters/missions/part1/20_local_points_leds.tex
\openout4 = `main.pyg'.


(./_minted-main/6FFD34F464517CE3AAEE61A61666034B12EF69830CF6272999B391879F99BE8
E.pygtex) [66]) (./chapters/missions/part1/21_recommendations.tex [67])
[68] (./chapters/missions/part2/01_quiz.tex
Underfull \hbox (badness 10000) in paragraph at lines 7--7
[]\TU/Consolas(1)/m/n/14.4 function callback(event) if event==Ev.TAKEOFF_COMPLE
TE
 []

[69

] [70] [71]) (./chapters/missions/part2/02_summary.tex)
(./chapters/missions/part2/03_labs_basic.tex
Underfull \hbox (badness 10000) in paragraph at lines 5--6
[]\TU/TimesNewRoman(1)/m/n/14.4 Требуется реализовать алгоритм, обеспечивающий 
устойчивый по-
 []


Underfull \hbox (badness 10000) in paragraph at lines 5--6
\TU/TimesNewRoman(1)/m/n/14.4 лёт по окружности: выполнить \TU/Consolas(1)/m/n/
14.4 ap.push(Ev.MCE_PREFLIGHT)
 []


Underfull \hbox (badness 10000) in paragraph at lines 5--6
\TU/TimesNewRoman(1)/m/n/14.4 и \TU/Consolas(1)/m/n/14.4 ap.push(Ev.MCE_TAKEOFF
)\TU/TimesNewRoman(1)/m/n/14.4 , запускать обновление точки че-
 []


Underfull \hbox (badness 10000) in paragraph at lines 5--6
\TU/TimesNewRoman(1)/m/n/14.4 рез \TU/Consolas(1)/m/n/14.4 Timer.new(0.1, fn) \
TU/TimesNewRoman(1)/m/n/14.4 после \TU/Consolas(1)/m/n/14.4 Ev.TAKEOFF_COMPLETE
\TU/TimesNewRoman(1)/m/n/14.4 , вы-
 []


Underfull \hbox (badness 10000) in paragraph at lines 5--6
\TU/TimesNewRoman(1)/m/n/14.4 числять \TU/Consolas(1)/m/n/14.4 x=r*cos(theta)\T
U/TimesNewRoman(1)/m/n/14.4 , \TU/Consolas(1)/m/n/14.4 y=r*sin(theta) \TU/Times
NewRoman(1)/m/n/14.4 с переводом граду-
 []


Underfull \hbox (badness 10000) in paragraph at lines 5--6
\TU/TimesNewRoman(1)/m/n/14.4 сов в радианы; при необходимости сопровождать кур
с вызовом
 []


Underfull \hbox (badness 10000) in paragraph at lines 5--6
\TU/Consolas(1)/m/n/14.4 ap.updateYaw(angle*math.pi/180)\TU/TimesNewRoman(1)/m/
n/14.4 ; использовать индикацию
 []


Underfull \hbox (badness 6188) in paragraph at lines 5--6
\TU/Consolas(1)/m/n/14.4 Ledbar.new(25) \TU/TimesNewRoman(1)/m/n/14.4 для этапо
в; по \TU/Consolas(1)/m/n/14.4 Ev.SHOCK \TU/TimesNewRoman(1)/m/n/14.4 — останов
 таймеров и
 []


Underfull \hbox (badness 4686) in paragraph at lines 11--12
\TU/TimesNewRoman(1)/m/n/14.4 рут по \TU/Consolas(1)/m/n/14.4 Ev.TAKEOFF_COMPLE
TE \TU/TimesNewRoman(1)/m/n/14.4 и переходить к следующей точке по
 []

[72]
Underfull \hbox (badness 1072) in paragraph at lines 17--18
[]\TU/TimesNewRoman(1)/m/n/14.4 Требуется реализовать два состояния (\TU/Consol
as(1)/m/n/14.4 FIRST\TU/TimesNewRoman(1)/m/n/14.4 , \TU/Consolas(1)/m/n/14.4 SE
COND\TU/TimesNewRoman(1)/m/n/14.4 ) для обхода двух
 []


Underfull \hbox (badness 2229) in paragraph at lines 35--36
[]\TU/TimesNewRoman(1)/m/n/14.4 Требуется считывать \TU/Consolas(1)/m/n/14.4 Se
nsors.rc()\TU/TimesNewRoman(1)/m/n/14.4 , анализировать \TU/Consolas(1)/m/n/14.
4 rc_chans[8]\TU/TimesNewRoman(1)/m/n/14.4 ; при
 []


Underfull \hbox (badness 10000) in paragraph at lines 41--42
[]\TU/TimesNewRoman(1)/m/n/14.4 Требуется немедленно остановить все таймеры мис
сии, вклю-
 []


Underfull \hbox (badness 7081) in paragraph at lines 41--42
\TU/TimesNewRoman(1)/m/n/14.4 чить красный цвет на всех \TU/Consolas(1)/m/n/14.
4 0..24 \TU/TimesNewRoman(1)/m/n/14.4 индексах линейки и выполнить
 []

[73]) (./chapters/missions/part2/04_labs_advanced.tex
Underfull \hbox (badness 10000) in paragraph at lines 4--5
[]\TU/TimesNewRoman(1)/m/n/14.4 Требуется сопоставить цвета состояниям миссии (
подготов-
 []

[74]
Underfull \hbox (badness 10000) in paragraph at lines 34--35
[]\TU/TimesNewRoman(1)/m/n/14.4 Требуется реализовать формулу \TU/Consolas(1)/m
/n/14.4 r=r0*(1+0.2*sin(k*theta)) \TU/TimesNewRoman(1)/m/n/14.4 при
 []


Underfull \hbox (badness 1521) in paragraph at lines 40--41
[]\TU/TimesNewRoman(1)/m/n/14.4 Требуется обход 8 точек окружности, измерение и
нтервалов \TU/Consolas(1)/m/n/14.4 dt \TU/TimesNewRoman(1)/m/n/14.4 между
 []

[75]) [76] (./chapters/appendix/appendix.tex
Underfull \hbox (badness 10000) in paragraph at lines 5--6
[]\TU/Consolas(1)/m/n/14.4 Ev.MCE_TAKEOFF \TU/TimesNewRoman(1)/m/n/14.4 — коман
да взлёта; завершение сигналом
 []


Underfull \hbox (badness 10000) in paragraph at lines 15--16
[]\TU/Consolas(1)/m/n/14.4 ap.push(Ev.MCE_PREFLIGHT)\TU/TimesNewRoman(1)/m/n/14
.4 , \TU/Consolas(1)/m/n/14.4 ap.push(Ev.MCE_TAKEOFF)\TU/TimesNewRoman(1)/m/n/1
4.4 ,
 []


Underfull \hbox (badness 10000) in paragraph at lines 30--31
[]\TU/TimesNewRoman(1)/m/n/14.4 Распаковка: \TU/Consolas(1)/m/n/14.4 local unpa
ck = table.unpack\TU/TimesNewRoman(1)/m/n/14.4 ; передача RGB:
 []

[77

])
The property list \polyglossia@langsetup contains the pairs (without outer
braces):
>  {latex/script}  =>  {latin}
>  {latex/lcscript}  =>  {latin}
>  {latex/scripttag}  =>  {}
>  {latex/language}  =>  {Latex}
>  {latex/langtag}  =>  {ENG}
>  {latex/bcp47}  =>  {}
>  {latex/hyphennames}  =>  {english}
>  {latex/direction}  =>  {LR}
>  {latex/hyphenmins}  =>  {2,3}
>  {latex/frenchspacing}  =>  {false}
>  {latex/indentfirst}  =>  {false}
>  {latex/fontsetup}  =>  {true}
>  {latex/envname}  =>  {latex}
>  {latex/babelname}  =>  {latex}
>  {latex/localnumeral}  =>  {polyglossia@C@localnumeral}
>  {latex/Localnumeral}  =>  {polyglossia@C@localnumeral}
>  {latex/DefineCommandsCmd}  =>  {use_none:n}
>  {russian/script}  =>  {Cyrillic}
>  {russian/lcscript}  =>  {cyrillic}
>  {russian/scripttag}  =>  {cyrl}
>  {russian/language}  =>  {Russian}
>  {russian/langtag}  =>  {RUS}
>  {russian/bcp47}  =>  {ru}
>  {russian/hyphennames}  =>  {russian}
>  {russian/direction}  =>  {LR}
>  {russian/hyphenmins}  =>  {2,2}
>  {russian/frenchspacing}  =>  {true}
>  {russian/indentfirst}  =>  {true}
>  {russian/fontsetup}  =>  {true}
>  {russian/envname}  =>  {russian}
>  {russian/babelname}  =>  {russian}
>  {russian/localnumeral}  =>  {russiannumerals}
>  {russian/Localnumeral}  =>  {Russiannumerals}
>  {russian/DefineCommandsCmd}  =>  {xpg_define_language_commands:e}.
The property list \__xpg_alias contains the pairs (without outer braces):
>  {latex/target}  =>  {latex}
>  {russian/target}  =>  {russian}
>  {ru/target}  =>  {russian}
>  {ru-luna1918/target}  =>  {russian}
>  {ru-luna1918/options}  =>  {spelling=modern}
>  {ru-petr1708/target}  =>  {russian}
>  {ru-petr1708/options}  =>  {spelling=old}.
 [78] (./main.aux)
Package rerunfilecheck Info: File `main.out' has not changed.
(rerunfilecheck)             Checksum: 4208AA51EC9704133CCC68287C88602B;18839.
runsystem(del main.pyg)...executed.

 ) 
Here is how much of TeX's memory you used:
 36344 strings out of 476683
 796839 string characters out of 5807576
 1890012 words of memory out of 5000000
 55635 multiletter control sequences out of 15000+600000
 516120 words of font info for 136 fonts, out of 8000000 for 9000
 1348 hyphenation exceptions out of 8191
 114i,14n,118p,731b,1415s stack positions out of 10000i,1000n,20000p,200000b,200000s

Output written on main.pdf (79 pages).
