\BOOKMARK [1][-]{section.1}{\376\377\004\022\004\062\004\065\004\064\004\065\004\075\004\070\004\065\000\040\004\070\000\040\004\101\004\102\004\100\004\103\004\072\004\102\004\103\004\100\004\060\000\040\004\072\004\103\004\100\004\101\004\060}{}% 1
\BOOKMARK [1][-]{section.2}{\376\377\004\037\004\076\004\064\004\063\004\076\004\102\004\076\004\062\004\072\004\060\000\040\004\072\000\040\004\100\004\060\004\061\004\076\004\102\004\065}{}% 2
\BOOKMARK [2][-]{subsection.2.1}{\376\377\004\042\004\065\004\105\004\075\004\070\004\072\004\060\000\040\004\061\004\065\004\067\004\076\004\077\004\060\004\101\004\075\004\076\004\101\004\102\004\070}{section.2}% 3
\BOOKMARK [2][-]{subsection.2.2}{\376\377\004\030\004\075\004\101\004\102\004\100\004\103\004\074\004\065\004\075\004\102\004\060\004\100\004\070\004\071\000\040\004\100\004\060\004\067\004\100\004\060\004\061\004\076\004\102\004\107\004\070\004\072\004\060}{section.2}% 4
\BOOKMARK [3][-]{subsubsection.2.2.1}{\376\377\004\040\004\060\004\061\004\076\004\102\004\060\000\040\004\101\000\040\004\072\004\062\004\060\004\064\004\100\004\076\004\072\004\076\004\077\004\102\004\065\004\100\004\076\004\074\000:\000\040\000P\000i\000o\000n\000e\000e\000r\000\040\000S\000t\000a\000t\000i\000o\000n}{subsection.2.2}% 5
\BOOKMARK [3][-]{subsubsection.2.2.2}{\376\377\004\030\004\067\004\103\004\107\004\065\004\075\004\070\004\065\000\040\004\101\004\070\004\075\004\102\004\060\004\072\004\101\004\070\004\101\004\060\000\040\000L\000u\000a}{subsection.2.2}% 6
\BOOKMARK [2][-]{subsection.2.3}{\376\377\004\037\004\076\004\064\004\072\004\073\004\116\004\107\004\065\004\075\004\070\004\065\000\040\004\072\004\062\004\060\004\064\004\100\004\076\004\072\004\076\004\077\004\102\004\065\004\100\004\060}{section.2}% 7
\BOOKMARK [2][-]{subsection.2.4}{\376\377\004\022\004\060\004\110\004\060\000\040\004\077\004\065\004\100\004\062\004\060\004\117\000\040\004\077\004\100\004\076\004\063\004\100\004\060\004\074\004\074\004\060}{section.2}% 8
\BOOKMARK [1][-]{section.3}{\376\377\004\020\004\077\004\077\004\060\004\100\004\060\004\102\004\103\004\100\004\060\000\040\004\103\004\077\004\100\004\060\004\062\004\073\004\065\004\075\004\070\004\117}{}% 9
\BOOKMARK [2][-]{subsection.3.1}{\376\377\004\035\004\060\004\101\004\102\004\100\004\076\004\071\004\072\004\060\000\040\004\077\004\103\004\073\004\114\004\102\004\060}{section.3}% 10
\BOOKMARK [3][-]{subsubsection.3.1.1}{\376\377\004\035\004\060\004\101\004\102\004\100\004\076\004\071\004\072\004\070\000\040\004\062\004\072\004\073\004\060\004\064\004\072\004\070\000\040\000F\000U\000N\000C\000T\000I\000O\000N}{subsection.3.1}% 11
\BOOKMARK [3][-]{subsubsection.3.1.2}{\376\377\004\035\004\060\004\101\004\102\004\100\004\076\004\071\004\072\004\060\000\040\004\062\004\072\004\073\004\060\004\064\004\072\004\070\000\040\000S\000Y\000S\000T\000E\000M}{subsection.3.1}% 12
\BOOKMARK [2][-]{subsection.3.2}{\376\377\004\041\004\062\004\117\004\067\004\114\000\040\004\077\004\103\004\073\004\114\004\102\004\060\000\040\004\101\000\040\004\077\004\100\004\070\004\065\004\074\004\075\004\070\004\072\004\076\004\074}{section.3}% 13
\BOOKMARK [3][-]{subsubsection.3.2.1}{\376\377\004\037\004\100\004\076\004\106\004\065\004\064\004\103\004\100\004\060\000\040\004\077\004\100\004\070\004\062\004\117\004\067\004\072\004\070}{subsection.3.2}% 14
\BOOKMARK [3][-]{subsubsection.3.2.2}{\376\377\004\022\004\076\004\067\004\074\004\076\004\066\004\075\004\113\004\065\000\040\004\077\004\100\004\076\004\061\004\073\004\065\004\074\004\113\000\040\004\070\000\040\004\070\004\105\000\040\004\100\004\065\004\110\004\065\004\075\004\070\004\065}{subsection.3.2}% 15
\BOOKMARK [2][-]{subsection.3.3}{\376\377\004\041\004\102\004\070\004\072\004\070\000\040\004\070\000\040\004\102\004\103\004\074\004\061\004\073\004\065\004\100\004\113}{section.3}% 16
\BOOKMARK [3][-]{subsubsection.3.3.1}{\376\377\004\040\004\065\004\066\004\070\004\074\004\113\000\040\004\103\004\077\004\100\004\060\004\062\004\073\004\065\004\075\004\070\004\117\000\040\000\050\004\042\004\103\004\074\004\061\004\073\004\065\004\100\004\113\000\051}{subsection.3.3}% 17
\BOOKMARK [2][-]{subsection.3.4}{\376\377\004\043\004\077\004\100\004\060\004\062\004\073\004\065\004\075\004\070\004\065}{section.3}% 18
\BOOKMARK [3][-]{subsubsection.3.4.1}{\376\377\004\043\004\077\004\100\004\060\004\062\004\073\004\065\004\075\004\070\004\065\000\040\004\062\004\113\004\101\004\076\004\102\004\076\004\071\000\040\000\050\004\023\004\060\004\067\000\040\000/\000\040\000T\000h\000r\000o\000t\000t\000l\000e\000\051}{subsection.3.4}% 19
\BOOKMARK [3][-]{subsubsection.3.4.2}{\376\377\004\022\004\100\004\060\004\111\004\065\004\075\004\070\004\065\000\040\004\077\004\076\000\040\004\072\004\103\004\100\004\101\004\103\000\040\000\050\004\040\004\113\004\101\004\072\004\060\004\075\004\070\004\065\000\040\000/\000\040\000Y\000a\000w\000\051}{subsection.3.4}% 20
\BOOKMARK [3][-]{subsubsection.3.4.3}{\376\377\004\042\004\060\004\075\004\063\004\060\004\066\000\040\000\050\000P\000i\000t\000c\000h\000\051\000\040\040\024\000\040\004\024\004\062\004\070\004\066\004\065\004\075\004\070\004\065\000\040\004\062\004\077\004\065\004\100\004\065\004\064\000/\004\075\004\060\004\067\004\060\004\064}{subsection.3.4}% 21
\BOOKMARK [3][-]{subsubsection.3.4.4}{\376\377\004\032\004\100\004\065\004\075\000\040\000\050\000R\000o\000l\000l\000\051\000\040\040\024\000\040\004\024\004\062\004\070\004\066\004\065\004\075\004\070\004\065\000\040\004\062\004\073\004\065\004\062\004\076\000/\004\062\004\077\004\100\004\060\004\062\004\076}{subsection.3.4}% 22
\BOOKMARK [1][-]{section.4}{\376\377\004\057\004\067\004\113\004\072\000\040\000L\000u\000a}{}% 23
\BOOKMARK [2][-]{subsection.4.1}{\376\377\004\022\004\062\004\065\004\064\004\065\004\075\004\070\004\065}{section.4}% 24
\BOOKMARK [2][-]{subsection.4.2}{\376\377\004\042\004\076\004\073\004\072\004\076\004\062\004\113\004\071\000\040\004\101\004\073\004\076\004\062\004\060\004\100\004\114}{section.4}% 25
\BOOKMARK [2][-]{subsection.4.3}{\376\377\004\030\004\101\004\102\004\076\004\100\004\070\004\117\000\040\004\070\000\040\004\075\004\060\004\067\004\075\004\060\004\107\004\065\004\075\004\070\004\065}{section.4}% 26
\BOOKMARK [2][-]{subsection.4.4}{\376\377\000L\000u\000a\000\040\004\062\000\040\004\075\004\060\004\110\004\065\004\074\000\040\004\072\004\103\004\100\004\101\004\065}{section.4}% 27
\BOOKMARK [2][-]{subsection.4.5}{\376\377\004\021\004\060\004\067\004\076\004\062\004\113\004\065\000\040\004\072\004\076\004\075\004\101\004\102\004\100\004\103\004\072\004\106\004\070\004\070\000\040\000L\000u\000a}{section.4}% 28
\BOOKMARK [2][-]{subsection.4.6}{\376\377\004\037\004\065\004\100\004\065\004\074\004\065\004\075\004\075\004\113\004\065}{section.4}% 29
\BOOKMARK [2][-]{subsection.4.7}{\376\377\004\020\004\100\004\070\004\104\004\074\004\065\004\102\004\070\004\107\004\065\004\101\004\072\004\070\004\065\000\040\004\076\004\077\004\065\004\100\004\060\004\106\004\070\004\070}{section.4}% 30
\BOOKMARK [2][-]{subsection.4.8}{\376\377\004\033\004\076\004\063\004\070\004\107\004\065\004\101\004\072\004\070\004\065\000\040\004\076\004\077\004\065\004\100\004\060\004\106\004\070\004\070}{section.4}% 31
\BOOKMARK [2][-]{subsection.4.9}{\376\377\004\043\004\101\004\073\004\076\004\062\004\070\004\117}{section.4}% 32
\BOOKMARK [2][-]{subsection.4.10}{\376\377\004\046\004\070\004\072\004\073\004\113}{section.4}% 33
\BOOKMARK [2][-]{subsection.4.11}{\376\377\004\040\004\060\004\061\004\076\004\102\004\060\000\040\004\101\000\040\004\074\004\076\004\064\004\103\004\073\004\117\004\074\004\070\000\040\004\077\004\073\004\060\004\102\004\104\004\076\004\100\004\074\004\113}{section.4}% 34
\BOOKMARK [2][-]{subsection.4.12}{\376\377\004\042\004\070\004\077\004\070\004\107\004\075\004\113\004\065\000\040\004\076\004\110\004\070\004\061\004\072\004\070\000\040\004\075\004\076\004\062\004\070\004\107\004\072\004\060}{section.4}% 35
\BOOKMARK [2][-]{subsection.4.13}{\376\377\004\037\004\100\004\070\004\074\004\065\004\100\004\113\000,\000\040\004\070\004\101\004\077\004\076\004\073\004\114\004\067\004\103\004\065\004\074\004\113\004\065\000\040\004\064\004\060\004\073\004\065\004\065}{section.4}% 36
\BOOKMARK [1][-]{section.5}{\376\377\004\037\004\100\004\076\004\063\004\100\004\060\004\074\004\074\004\070\004\100\004\076\004\062\004\060\004\075\004\070\004\065\000\040\004\101\004\062\004\065\004\102\004\076\004\064\004\070\004\076\004\064\004\076\004\062}{}% 37
\BOOKMARK [2][-]{subsection.5.1}{\376\377\004\022\004\062\004\065\004\064\004\065\004\075\004\070\004\065}{section.5}% 38
\BOOKMARK [2][-]{subsection.5.2}{\376\377\004\042\004\076\004\073\004\072\004\076\004\062\004\113\004\071\000\040\004\101\004\073\004\076\004\062\004\060\004\100\004\114}{section.5}% 39
\BOOKMARK [2][-]{subsection.5.3}{\376\377\004\020\004\077\004\077\004\060\004\100\004\060\004\102\004\075\004\060\004\117\000\040\004\107\004\060\004\101\004\102\004\114\000\040\004\070\000\040\004\074\004\076\004\064\004\103\004\073\004\114\000\040\000L\000e\000d\000b\000a\000r}{section.5}% 40
\BOOKMARK [3][-]{subsubsection.5.3.1}{\376\377\004\044\004\070\004\067\004\070\004\107\004\065\004\101\004\072\004\060\004\117\000\040\004\100\004\065\004\060\004\073\004\070\004\067\004\060\004\106\004\070\004\117}{subsection.5.3}% 41
\BOOKMARK [2][-]{subsection.5.4}{\376\377\004\036\004\101\004\076\004\061\004\065\004\075\004\075\004\076\004\101\004\102\004\070\000\040\004\060\004\064\004\100\004\065\004\101\004\060\004\106\004\070\004\070\000\040\000\050\004\021\004\103\004\104\004\065\004\100\000\040\004\064\004\100\004\060\004\071\004\062\004\065\004\100\004\060\000\051}{section.5}% 42
\BOOKMARK [2][-]{subsection.5.5}{\376\377\004\042\004\065\004\076\004\100\004\070\004\117\000\040\004\070\000\040\004\070\004\075\004\102\004\065\004\100\004\104\004\065\004\071\004\101\004\113\000\040\000A\000P\000I}{section.5}% 43
\BOOKMARK [2][-]{subsection.5.6}{\376\377\000R\000G\000B\000-\004\074\004\076\004\064\004\065\004\073\004\114\000\040\004\070\000\040\004\064\004\070\004\060\004\077\004\060\004\067\004\076\004\075\004\113}{section.5}% 44
\BOOKMARK [2][-]{subsection.5.7}{\376\377\004\020\004\064\004\100\004\065\004\101\004\060\004\106\004\070\004\117\000:\000\040\004\063\004\064\004\065\000\040\004\072\004\060\004\072\004\076\004\071\000\040\004\101\004\062\004\065\004\102\004\076\004\064\004\070\004\076\004\064\000?}{section.5}% 45
\BOOKMARK [2][-]{subsection.5.8}{\376\377\004\034\004\076\004\064\004\103\004\073\004\114\000\040\000L\000e\000d\000b\000a\000r}{section.5}% 46
\BOOKMARK [2][-]{subsection.5.9}{\376\377\004\042\004\060\004\071\004\074\004\065\004\100\004\113}{section.5}% 47
\BOOKMARK [2][-]{subsection.5.10}{\376\377\004\041\004\076\004\061\004\113\004\102\004\070\004\071\004\075\004\060\004\117\000\040\004\074\004\076\004\064\004\065\004\073\004\114}{section.5}% 48
\BOOKMARK [2][-]{subsection.5.11}{\376\377\004\020\004\075\004\060\004\073\004\070\004\067\000\040\004\077\004\076\004\064\004\105\004\076\004\064\004\076\004\062\000\040\004\072\000\040\004\077\004\100\004\076\004\063\004\100\004\060\004\074\004\074\004\070\004\100\004\076\004\062\004\060\004\075\004\070\004\116}{section.5}% 49
\BOOKMARK [3][-]{subsubsection.5.11.1}{\376\377\0001\000.\000\040\004\021\004\073\004\076\004\072\004\070\004\100\004\103\004\116\004\111\004\065\004\065\000\040\004\062\004\113\004\077\004\076\004\073\004\075\004\065\004\075\004\070\004\065\000\040\000\050\000S\000l\000e\000e\000p\000\051}{subsection.5.11}% 50
\BOOKMARK [3][-]{subsubsection.5.11.2}{\376\377\0002\000.\000\040\004\020\004\101\004\070\004\075\004\105\004\100\004\076\004\075\004\075\004\113\004\065\000\040\004\102\004\060\004\071\004\074\004\065\004\100\004\113}{subsection.5.11}% 51
\BOOKMARK [3][-]{subsubsection.5.11.3}{\376\377\0003\000.\000\040\004\032\004\076\004\075\004\065\004\107\004\075\004\113\004\071\000\040\004\060\004\062\004\102\004\076\004\074\004\060\004\102\000\040\000\050\000S\000t\000a\000t\000e\000\040\000M\000a\000c\000h\000i\000n\000e\000\051}{subsection.5.11}% 52
\BOOKMARK [2][-]{subsection.5.12}{\376\377\004\037\004\100\004\070\004\074\004\065\004\100\004\113\000\040\004\072\004\076\004\064\004\060}{section.5}% 53
\BOOKMARK [2][-]{subsection.5.13}{\376\377\004\037\004\100\004\076\004\062\004\065\004\100\004\072\004\060\000\040\004\067\004\075\004\060\004\075\004\070\004\071}{section.5}% 54
\BOOKMARK [2][-]{subsection.5.14}{\376\377\004\027\004\060\004\064\004\060\004\075\004\070\004\117\000\040\004\064\004\073\004\117\000\040\004\073\004\060\004\061\004\076\004\100\004\060\004\102\004\076\004\100\004\075\004\076\004\071\000\040\004\100\004\060\004\061\004\076\004\102\004\113}{section.5}% 55
\BOOKMARK [2][-]{subsection.5.15}{\376\377\004\021\004\060\004\067\004\076\004\062\004\113\004\065\000\040\004\060\004\073\004\063\004\076\004\100\004\070\004\102\004\074\004\113}{section.5}% 56
\BOOKMARK [2][-]{subsection.5.16}{\376\377\004\020\004\073\004\063\004\076\004\100\004\070\004\102\004\074\004\070\004\107\004\065\004\101\004\072\004\070\004\065\000\040\004\067\004\060\004\064\004\060\004\107\004\070}{section.5}% 57
\BOOKMARK [2][-]{subsection.5.17}{\376\377\004\040\004\060\004\061\004\076\004\102\004\060\000\040\004\101\000\040\004\101\004\076\004\061\004\113\004\102\004\070\004\117\004\074\004\070}{section.5}% 58
\BOOKMARK [1][-]{section.6}{\376\377\004\020\004\062\004\102\004\076\004\075\004\076\004\074\004\075\004\113\004\065\000\040\004\061\004\065\004\101\004\077\004\070\004\073\004\076\004\102\004\075\004\113\004\065\000\040\004\074\004\070\004\101\004\101\004\070\004\070}{}% 59
\BOOKMARK [2][-]{subsection.6.1}{\376\377\004\022\004\062\004\065\004\064\004\065\004\075\004\070\004\065}{section.6}% 60
\BOOKMARK [2][-]{subsection.6.2}{\376\377\004\042\004\076\004\073\004\072\004\076\004\062\004\113\004\071\000\040\004\101\004\073\004\076\004\062\004\060\004\100\004\114}{section.6}% 61
\BOOKMARK [2][-]{subsection.6.3}{\376\377\004\041\004\076\004\061\004\113\004\102\004\070\004\071\004\075\004\060\004\117\000\040\004\074\004\076\004\064\004\065\004\073\004\114\000\040\004\070\000\040\004\070\004\075\004\102\004\065\004\100\004\104\004\065\004\071\004\101\004\113\000\040\004\103\004\077\004\100\004\060\004\062\004\073\004\065\004\075\004\070\004\117}{section.6}% 62
\BOOKMARK [2][-]{subsection.6.4}{\376\377\004\041\004\062\004\065\004\102\004\076\004\064\004\070\004\076\004\064\004\113\000\040\004\064\004\073\004\117\000\040\004\076\004\102\004\073\004\060\004\064\004\072\004\070\000\040\004\074\004\070\004\101\004\101\004\070\004\070}{section.6}% 63
\BOOKMARK [2][-]{subsection.6.5}{\376\377\004\041\004\077\004\100\004\060\004\062\004\076\004\107\004\075\004\070\004\072\000\040\004\104\004\103\004\075\004\072\004\106\004\070\004\071\000\040\004\077\004\076\004\073\004\121\004\102\004\060}{section.6}% 64
\BOOKMARK [3][-]{subsubsection.6.5.1}{\376\377\004\042\004\060\004\071\004\074\004\065\004\100\004\113\000\040\004\070\000\040\004\101\004\076\004\061\004\113\004\102\004\070\004\117}{subsection.6.5}% 65
\BOOKMARK [2][-]{subsection.6.6}{\376\377\004\043\004\107\004\065\004\061\004\075\004\113\004\065\000\040\004\101\004\102\004\103\004\077\004\065\004\075\004\070\000\040\004\077\004\076\004\073\004\121\004\102\004\060}{section.6}% 66
\BOOKMARK [2][-]{subsection.6.7}{\376\377\004\023\004\065\004\076\004\074\004\065\004\102\004\100\004\070\004\117\000\040\004\102\004\100\004\060\004\065\004\072\004\102\004\076\004\100\004\070\004\071\000:\000\040\004\076\004\072\004\100\004\103\004\066\004\075\004\076\004\101\004\102\004\114}{section.6}% 67
\BOOKMARK [2][-]{subsection.6.8}{\376\377\004\020\004\100\004\105\004\070\004\102\004\065\004\072\004\102\004\103\004\100\004\075\004\113\004\065\000\040\004\077\004\076\004\064\004\105\004\076\004\064\004\113}{section.6}% 68
\BOOKMARK [3][-]{subsubsection.6.8.1}{\376\377\004\037\004\100\004\070\004\074\004\065\004\100\000\040\004\101\004\102\004\100\004\103\004\072\004\102\004\103\004\100\004\113\000\040\004\077\004\100\004\076\004\063\004\100\004\060\004\074\004\074\004\113}{subsection.6.8}% 69
\BOOKMARK [2][-]{subsection.6.9}{\376\377\004\040\004\060\004\067\004\061\004\076\004\100\000\040\004\077\004\100\004\070\004\074\004\065\004\100\004\076\004\062\000\040\004\074\004\070\004\101\004\101\004\070\004\071}{section.6}% 70
\BOOKMARK [2][-]{subsection.6.10}{\376\377\004\040\004\065\004\072\004\076\004\074\004\065\004\075\004\064\004\060\004\106\004\070\004\070\000\040\004\077\004\076\000\040\004\100\004\060\004\067\004\100\004\060\004\061\004\076\004\102\004\072\004\065\000\040\004\074\004\070\004\101\004\101\004\070\004\071}{section.6}% 71
\BOOKMARK [2][-]{subsection.6.11}{\376\377\004\037\004\100\004\076\004\062\004\065\004\100\004\072\004\060\000\040\004\067\004\075\004\060\004\075\004\070\004\071}{section.6}% 72
\BOOKMARK [2][-]{subsection.6.12}{\376\377\004\027\004\060\004\064\004\060\004\075\004\070\004\117\000\040\004\064\004\073\004\117\000\040\004\073\004\060\004\061\004\076\004\100\004\060\004\102\004\076\004\100\004\075\004\076\004\071\000\040\004\100\004\060\004\061\004\076\004\102\004\113}{section.6}% 73
\BOOKMARK [3][-]{subsubsection.6.12.1}{\376\377\004\021\004\060\004\067\004\076\004\062\004\113\004\065\000\040\004\074\004\070\004\101\004\101\004\070\004\070}{subsection.6.12}% 74
\BOOKMARK [3][-]{subsubsection.6.12.2}{\376\377\004\037\004\100\004\076\004\064\004\062\004\070\004\075\004\103\004\102\004\113\004\065\000\040\004\067\004\060\004\064\004\060\004\075\004\070\004\117}{subsection.6.12}% 75
\BOOKMARK [1][-]{section.7}{\376\377\004\037\004\100\004\070\004\073\004\076\004\066\004\065\004\075\004\070\004\065\000:\000\040\004\101\004\077\004\100\004\060\004\062\004\076\004\107\004\075\004\070\004\072\000\040\004\077\004\073\004\060\004\102\004\104\004\076\004\100\004\074\004\113}{}% 76
\BOOKMARK [2][-]{subsection.7.1}{\376\377\004\032\004\073\004\116\004\107\004\065\004\062\004\113\004\065\000\040\004\101\004\076\004\061\004\113\004\102\004\070\004\117\000\040\000E\000v\000.\000*}{section.7}% 77
\BOOKMARK [2][-]{subsection.7.2}{\376\377\004\036\004\101\004\075\004\076\004\062\004\075\004\113\004\065\000\040\004\104\004\103\004\075\004\072\004\106\004\070\004\070\000\040\004\103\004\077\004\100\004\060\004\062\004\073\004\065\004\075\004\070\004\117}{section.7}% 78
\BOOKMARK [2][-]{subsection.7.3}{\376\377\004\042\004\060\004\071\004\074\004\065\004\100\004\113\000\040\004\070\000\040\004\075\004\065\004\061\004\073\004\076\004\072\004\070\004\100\004\103\004\116\004\111\004\070\004\065\000\040\004\062\004\113\004\067\004\076\004\062\004\113}{section.7}% 79
\BOOKMARK [2][-]{subsection.7.4}{\376\377\004\030\004\064\004\070\004\076\004\074\004\113\000\040\000L\000u\000a}{section.7}% 80
