\BOOKMARK [1][-]{section.1}{\376\377\004\057\004\067\004\113\004\072\000\040\000L\000u\000a}{}% 1
\BOOKMARK [2][-]{subsection.1.1}{\376\377\004\022\004\062\004\065\004\064\004\065\004\075\004\070\004\065}{section.1}% 2
\BOOKMARK [2][-]{subsection.1.2}{\376\377\004\042\004\076\004\073\004\072\004\076\004\062\004\113\004\071\000\040\004\101\004\073\004\076\004\062\004\060\004\100\004\114}{section.1}% 3
\BOOKMARK [2][-]{subsection.1.3}{\376\377\004\030\004\101\004\102\004\076\004\100\004\070\004\117\000\040\004\070\000\040\004\075\004\060\004\067\004\075\004\060\004\107\004\065\004\075\004\070\004\065}{section.1}% 4
\BOOKMARK [2][-]{subsection.1.4}{\376\377\000L\000u\000a\000\040\004\062\000\040\004\075\004\060\004\110\004\065\004\074\000\040\004\072\004\103\004\100\004\101\004\065}{section.1}% 5
\BOOKMARK [2][-]{subsection.1.5}{\376\377\004\021\004\060\004\067\004\076\004\062\004\113\004\065\000\040\004\072\004\076\004\075\004\101\004\102\004\100\004\103\004\072\004\106\004\070\004\070\000\040\000L\000u\000a}{section.1}% 6
\BOOKMARK [2][-]{subsection.1.6}{\376\377\004\037\004\065\004\100\004\065\004\074\004\065\004\075\004\075\004\113\004\065}{section.1}% 7
\BOOKMARK [2][-]{subsection.1.7}{\376\377\004\020\004\100\004\070\004\104\004\074\004\065\004\102\004\070\004\107\004\065\004\101\004\072\004\070\004\065\000\040\004\076\004\077\004\065\004\100\004\060\004\106\004\070\004\070}{section.1}% 8
\BOOKMARK [2][-]{subsection.1.8}{\376\377\004\033\004\076\004\063\004\070\004\107\004\065\004\101\004\072\004\070\004\065\000\040\004\076\004\077\004\065\004\100\004\060\004\106\004\070\004\070}{section.1}% 9
\BOOKMARK [2][-]{subsection.1.9}{\376\377\004\043\004\101\004\073\004\076\004\062\004\070\004\117}{section.1}% 10
\BOOKMARK [2][-]{subsection.1.10}{\376\377\004\046\004\070\004\072\004\073\004\113}{section.1}% 11
\BOOKMARK [2][-]{subsection.1.11}{\376\377\004\040\004\060\004\061\004\076\004\102\004\060\000\040\004\101\000\040\004\074\004\076\004\064\004\103\004\073\004\117\004\074\004\070\000\040\004\077\004\073\004\060\004\102\004\104\004\076\004\100\004\074\004\113}{section.1}% 12
\BOOKMARK [2][-]{subsection.1.12}{\376\377\004\037\004\100\004\070\004\074\004\065\004\100\004\113\000,\000\040\004\070\004\101\004\077\004\076\004\073\004\114\004\067\004\103\004\065\004\074\004\113\004\065\000\040\004\064\004\060\004\073\004\065\004\065}{section.1}% 13
\BOOKMARK [1][-]{section.2}{\376\377\004\037\004\100\004\076\004\063\004\100\004\060\004\074\004\074\004\070\004\100\004\076\004\062\004\060\004\075\004\070\004\065\000\040\004\101\004\062\004\065\004\102\004\076\004\064\004\070\004\076\004\064\004\076\004\062}{}% 14
\BOOKMARK [2][-]{subsection.2.1}{\376\377\004\022\004\062\004\065\004\064\004\065\004\075\004\070\004\065}{section.2}% 15
\BOOKMARK [2][-]{subsection.2.2}{\376\377\004\042\004\076\004\073\004\072\004\076\004\062\004\113\004\071\000\040\004\101\004\073\004\076\004\062\004\060\004\100\004\114}{section.2}% 16
\BOOKMARK [2][-]{subsection.2.3}{\376\377\004\020\004\077\004\077\004\060\004\100\004\060\004\102\004\075\004\060\004\117\000\040\004\107\004\060\004\101\004\102\004\114\000\040\004\070\000\040\004\074\004\076\004\064\004\103\004\073\004\114\000\040\000L\000e\000d\000b\000a\000r}{section.2}% 17
\BOOKMARK [2][-]{subsection.2.4}{\376\377\004\044\004\070\004\067\004\070\004\107\004\065\004\101\004\072\004\060\004\117\000\040\004\100\004\065\004\060\004\073\004\070\004\067\004\060\004\106\004\070\004\117}{section.2}% 18
\BOOKMARK [2][-]{subsection.2.5}{\376\377\004\036\004\101\004\076\004\061\004\065\004\075\004\075\004\076\004\101\004\102\004\070\000\040\004\060\004\064\004\100\004\065\004\101\004\060\004\106\004\070\004\070\000\040\000\050\004\021\004\103\004\104\004\065\004\100\000\040\004\064\004\100\004\060\004\071\004\062\004\065\004\100\004\060\000\051}{section.2}% 19
\BOOKMARK [2][-]{subsection.2.6}{\376\377\004\042\004\065\004\076\004\100\004\070\004\117\000\040\004\070\000\040\004\070\004\075\004\102\004\065\004\100\004\104\004\065\004\071\004\101\004\113\000\040\000A\000P\000I}{section.2}% 20
\BOOKMARK [2][-]{subsection.2.7}{\376\377\000R\000G\000B\000-\004\074\004\076\004\064\004\065\004\073\004\114\000\040\004\070\000\040\004\064\004\070\004\060\004\077\004\060\004\067\004\076\004\075\004\113}{section.2}% 21
\BOOKMARK [2][-]{subsection.2.8}{\376\377\004\020\004\064\004\100\004\065\004\101\004\060\004\106\004\070\004\117\000\040\004\070\000\040\004\061\004\103\004\104\004\065\004\100}{section.2}% 22
\BOOKMARK [2][-]{subsection.2.9}{\376\377\004\034\004\076\004\064\004\103\004\073\004\114\000\040\000L\000e\000d\000b\000a\000r}{section.2}% 23
\BOOKMARK [2][-]{subsection.2.10}{\376\377\004\042\004\060\004\071\004\074\004\065\004\100\004\113}{section.2}% 24
\BOOKMARK [2][-]{subsection.2.11}{\376\377\004\041\004\076\004\061\004\113\004\102\004\070\004\071\004\075\004\060\004\117\000\040\004\074\004\076\004\064\004\065\004\073\004\114}{section.2}% 25
\BOOKMARK [2][-]{subsection.2.12}{\376\377\004\020\004\075\004\060\004\073\004\070\004\067\000\040\004\077\004\076\004\064\004\105\004\076\004\064\004\076\004\062\000\040\004\072\000\040\004\077\004\100\004\076\004\063\004\100\004\060\004\074\004\074\004\070\004\100\004\076\004\062\004\060\004\075\004\070\004\116}{section.2}% 26
\BOOKMARK [2][-]{subsection.2.13}{\376\377\004\032\004\076\004\075\004\065\004\107\004\075\004\113\004\071\000\040\004\060\004\062\004\102\004\076\004\074\004\060\004\102}{section.2}% 27
\BOOKMARK [2][-]{subsection.2.14}{\376\377\004\021\004\073\004\076\004\072\004\070\004\100\004\103\004\116\004\111\004\065\004\065\000\040\004\062\004\113\004\077\004\076\004\073\004\075\004\065\004\075\004\070\004\065}{section.2}% 28
\BOOKMARK [2][-]{subsection.2.15}{\376\377\004\020\004\101\004\070\004\075\004\105\004\100\004\076\004\075\004\075\004\113\004\065\000\040\004\102\004\060\004\071\004\074\004\065\004\100\004\113}{section.2}% 29
\BOOKMARK [2][-]{subsection.2.16}{\376\377\004\037\004\100\004\070\004\074\004\065\004\100\004\113\000\040\004\072\004\076\004\064\004\060}{section.2}% 30
\BOOKMARK [2][-]{subsection.2.17}{\376\377\004\037\004\100\004\076\004\062\004\065\004\100\004\072\004\060\000\040\004\067\004\075\004\060\004\075\004\070\004\071}{section.2}% 31
\BOOKMARK [2][-]{subsection.2.18}{\376\377\004\027\004\060\004\064\004\060\004\075\004\070\004\117\000\040\004\064\004\073\004\117\000\040\004\073\004\060\004\061\004\076\004\100\004\060\004\102\004\076\004\100\004\075\004\076\004\071\000\040\004\100\004\060\004\061\004\076\004\102\004\113}{section.2}% 32
\BOOKMARK [2][-]{subsection.2.19}{\376\377\004\021\004\060\004\067\004\076\004\062\004\113\004\065\000\040\004\060\004\073\004\063\004\076\004\100\004\070\004\102\004\074\004\113}{section.2}% 33
\BOOKMARK [2][-]{subsection.2.20}{\376\377\004\020\004\073\004\063\004\076\004\100\004\070\004\102\004\074\004\070\004\107\004\065\004\101\004\072\004\070\004\065\000\040\004\067\004\060\004\064\004\060\004\107\004\070}{section.2}% 34
\BOOKMARK [2][-]{subsection.2.21}{\376\377\004\040\004\060\004\061\004\076\004\102\004\060\000\040\004\101\000\040\004\101\004\076\004\061\004\113\004\102\004\070\004\117\004\074\004\070}{section.2}% 35
\BOOKMARK [1][-]{section.3}{\376\377\004\020\004\062\004\102\004\076\004\075\004\076\004\074\004\075\004\113\004\065\000\040\004\061\004\065\004\101\004\077\004\070\004\073\004\076\004\102\004\075\004\113\004\065\000\040\004\074\004\070\004\101\004\101\004\070\004\070}{}% 36
\BOOKMARK [2][-]{subsection.3.1}{\376\377\004\022\004\062\004\065\004\064\004\065\004\075\004\070\004\065}{section.3}% 37
\BOOKMARK [2][-]{subsection.3.2}{\376\377\004\042\004\076\004\073\004\072\004\076\004\062\004\113\004\071\000\040\004\101\004\073\004\076\004\062\004\060\004\100\004\114}{section.3}% 38
\BOOKMARK [2][-]{subsection.3.3}{\376\377\004\041\004\076\004\061\004\113\004\102\004\070\004\071\004\075\004\060\004\117\000\040\004\074\004\076\004\064\004\065\004\073\004\114\000\040\004\070\000\040\004\070\004\075\004\102\004\065\004\100\004\104\004\065\004\071\004\101\004\113\000\040\004\103\004\077\004\100\004\060\004\062\004\073\004\065\004\075\004\070\004\117}{section.3}% 39
\BOOKMARK [2][-]{subsection.3.4}{\376\377\004\041\004\062\004\065\004\102\004\076\004\064\004\070\004\076\004\064\004\113\000\040\004\064\004\073\004\117\000\040\004\076\004\102\004\073\004\060\004\064\004\072\004\070\000\040\004\074\004\070\004\101\004\101\004\070\004\070}{section.3}% 40
\BOOKMARK [2][-]{subsection.3.5}{\376\377\004\041\004\077\004\100\004\060\004\062\004\076\004\107\004\075\004\070\004\072\000\040\004\104\004\103\004\075\004\072\004\106\004\070\004\071\000\040\004\077\004\076\004\073\004\121\004\102\004\060}{section.3}% 41
\BOOKMARK [2][-]{subsection.3.6}{\376\377\004\043\004\107\004\065\004\061\004\075\004\113\004\065\000\040\004\101\004\102\004\103\004\077\004\065\004\075\004\070\000\040\004\077\004\076\004\073\004\121\004\102\004\060}{section.3}% 42
\BOOKMARK [2][-]{subsection.3.7}{\376\377\004\023\004\065\004\076\004\074\004\065\004\102\004\100\004\070\004\117\000\040\004\102\004\100\004\060\004\065\004\072\004\102\004\076\004\100\004\070\004\071\000:\000\040\004\076\004\072\004\100\004\103\004\066\004\075\004\076\004\101\004\102\004\114}{section.3}% 43
\BOOKMARK [2][-]{subsection.3.8}{\376\377\004\020\004\100\004\105\004\070\004\102\004\065\004\072\004\102\004\103\004\100\004\075\004\113\004\065\000\040\004\077\004\076\004\064\004\105\004\076\004\064\004\113}{section.3}% 44
\BOOKMARK [2][-]{subsection.3.9}{\376\377\004\040\004\060\004\067\004\061\004\076\004\100\000\040\004\077\004\100\004\070\004\074\004\065\004\100\004\076\004\062\000\040\004\074\004\070\004\101\004\101\004\070\004\071}{section.3}% 45
\BOOKMARK [2][-]{subsection.3.10}{\376\377\004\040\004\065\004\072\004\076\004\074\004\065\004\075\004\064\004\060\004\106\004\070\004\070\000\040\004\077\004\076\000\040\004\100\004\060\004\067\004\100\004\060\004\061\004\076\004\102\004\072\004\065\000\040\004\074\004\070\004\101\004\101\004\070\004\071}{section.3}% 46
\BOOKMARK [2][-]{subsection.3.11}{\376\377\004\037\004\100\004\076\004\062\004\065\004\100\004\072\004\060\000\040\004\067\004\075\004\060\004\075\004\070\004\071}{section.3}% 47
\BOOKMARK [2][-]{subsection.3.12}{\376\377\004\027\004\060\004\064\004\060\004\075\004\070\004\117\000\040\004\064\004\073\004\117\000\040\004\073\004\060\004\061\004\076\004\100\004\060\004\102\004\076\004\100\004\075\004\076\004\071\000\040\004\100\004\060\004\061\004\076\004\102\004\113}{section.3}% 48
\BOOKMARK [3][-]{subsubsection.3.12.1}{\376\377\004\021\004\060\004\067\004\076\004\062\004\113\004\065\000\040\004\074\004\070\004\101\004\101\004\070\004\070}{subsection.3.12}% 49
\BOOKMARK [3][-]{subsubsection.3.12.2}{\376\377\004\037\004\100\004\076\004\064\004\062\004\070\004\075\004\103\004\102\004\113\004\065\000\040\004\067\004\060\004\064\004\060\004\075\004\070\004\117}{subsection.3.12}% 50
