This is XeTeX, Version 3.141592653-2.6-0.999995 (TeX Live 2023) (preloaded format=xelatex 2024.1.5)  5 JAN 2026 10:46
entering extended mode
 \write18 enabled.
 %&-line parsing enabled.
**main.tex
(./main.tex
LaTeX2e <2022-11-01> patch level 1
L3 programming layer <2023-02-22>
(c:/texlive/2023/texmf-dist/tex/latex/extsizes/extarticle.cls
Document Class: extarticle 1996/10/08 v1.0 Non Standard LaTeX document class
(c:/texlive/2023/texmf-dist/tex/latex/extsizes/size14.clo
File: size14.clo 1999/11/11 v1.4a NON-Standard LaTeX file (size option)
)
(c:/texlive/2023/texmf-dist/tex/latex/base/exscale.sty
Package: exscale 2018/09/24 v2.1i Standard LaTeX package exscale
LaTeX Font Info:    Redeclaring symbol font `largesymbols' on input line 57.
LaTeX Font Info:    Overwriting symbol font `largesymbols' in version `normal'
(Font)                  OMX/cmex/m/n --> OMX/cmex/m/n on input line 57.
LaTeX Font Info:    Overwriting symbol font `largesymbols' in version `bold'
(Font)                  OMX/cmex/m/n --> OMX/cmex/m/n on input line 57.
\big@size=\dimen140
)
\c@part=\count181
\c@section=\count182
\c@subsection=\count183
\c@subsubsection=\count184
\c@paragraph=\count185
\c@subparagraph=\count186
\c@figure=\count187
\c@table=\count188
\abovecaptionskip=\skip48
\belowcaptionskip=\skip49
\bibindent=\dimen141
)
(c:/texlive/2023/texmf-dist/tex/generic/iftex/iftex.sty
Package: iftex 2022/02/03 v1.0f TeX engine tests
)
(c:/texlive/2023/texmf-dist/tex/latex/fontspec/fontspec.sty
(c:/texlive/2023/texmf-dist/tex/latex/l3packages/xparse/xparse.sty
(c:/texlive/2023/texmf-dist/tex/latex/l3kernel/expl3.sty
Package: expl3 2023-02-22 L3 programming layer (loader) 

(c:/texlive/2023/texmf-dist/tex/latex/l3backend/l3backend-xetex.def
File: l3backend-xetex.def 2023-01-16 L3 backend support: XeTeX
\g__graphics_track_int=\count189
\l__pdf_internal_box=\box51
\g__pdf_backend_object_int=\count190
\g__pdf_backend_annotation_int=\count191
\g__pdf_backend_link_int=\count192
))
Package: xparse 2023-02-02 L3 Experimental document command parser
)
Package: fontspec 2022/01/15 v2.8a Font selection for XeLaTeX and LuaLaTeX

(c:/texlive/2023/texmf-dist/tex/latex/fontspec/fontspec-xetex.sty
Package: fontspec-xetex 2022/01/15 v2.8a Font selection for XeLaTeX and LuaLaTe
X
\l__fontspec_script_int=\count193
\l__fontspec_language_int=\count194
\l__fontspec_strnum_int=\count195
\l__fontspec_tmp_int=\count196
\l__fontspec_tmpa_int=\count197
\l__fontspec_tmpb_int=\count198
\l__fontspec_tmpc_int=\count199
\l__fontspec_em_int=\count266
\l__fontspec_emdef_int=\count267
\l__fontspec_strong_int=\count268
\l__fontspec_strongdef_int=\count269
\l__fontspec_tmpa_dim=\dimen142
\l__fontspec_tmpb_dim=\dimen143
\l__fontspec_tmpc_dim=\dimen144

(c:/texlive/2023/texmf-dist/tex/latex/base/fontenc.sty
Package: fontenc 2021/04/29 v2.0v Standard LaTeX package
)
(c:/texlive/2023/texmf-dist/tex/latex/fontspec/fontspec.cfg)))
(c:/texlive/2023/texmf-dist/tex/latex/polyglossia/polyglossia.sty
Package: polyglossia 2023/02/11 v1.60 Modern multilingual typesetting with XeLa
TeX and LuaLaTeX

(c:/texlive/2023/texmf-dist/tex/latex/etoolbox/etoolbox.sty
Package: etoolbox 2020/10/05 v2.5k e-TeX tools for LaTeX (JAW)
\etb@tempcnta=\count270
)
(c:/texlive/2023/texmf-dist/tex/latex/makecmds/makecmds.sty
Package: makecmds 2009/09/03 v1.0a extra command making commands
)
(c:/texlive/2023/texmf-dist/tex/latex/xkeyval/xkeyval.sty
Package: xkeyval 2022/06/16 v2.9 package option processing (HA)

(c:/texlive/2023/texmf-dist/tex/generic/xkeyval/xkeyval.tex
(c:/texlive/2023/texmf-dist/tex/generic/xkeyval/xkvutils.tex
\XKV@toks=\toks16
\XKV@tempa@toks=\toks17

(c:/texlive/2023/texmf-dist/tex/generic/xkeyval/keyval.tex))
\XKV@depth=\count271
File: xkeyval.tex 2014/12/03 v2.7a key=value parser (HA)
))
(c:/texlive/2023/texmf-dist/tex/latex/l3packages/l3keys2e/l3keys2e.sty
Package: l3keys2e 2023-02-02 LaTeX2e option processing using LaTeX3 keys
)
\xpg@normalclass=\XeTeXcharclass1

(c:/texlive/2023/texmf-dist/tex/latex/polyglossia/gloss-latex.lde
Package: gloss-latex 2023/02/11 vv1.60 polyglossia: module for default language

The property list \polyglossia@langsetup contains the pairs (without outer
braces):
>  {latex/script}  =>  {latin}
>  {latex/lcscript}  =>  {latin}
>  {latex/scripttag}  =>  {}
>  {latex/language}  =>  {Latex}
>  {latex/langtag}  =>  {ENG}
>  {latex/bcp47}  =>  {}
>  {latex/hyphennames}  =>  {english}
>  {latex/direction}  =>  {LR}
>  {latex/hyphenmins}  =>  {2,3}
>  {latex/frenchspacing}  =>  {false}
>  {latex/indentfirst}  =>  {false}
>  {latex/fontsetup}  =>  {true}
>  {latex/envname}  =>  {latex}
>  {latex/babelname}  =>  {latex}
>  {latex/localnumeral}  =>  {polyglossia@C@localnumeral}
>  {latex/Localnumeral}  =>  {polyglossia@C@localnumeral}
>  {latex/DefineCommandsCmd}  =>  {use_none:n}.
)
Package polyglossia Info: Default language is latex.
)
(c:/texlive/2023/texmf-dist/tex/latex/polyglossia/gloss-russian.ldf
File: gloss-russian.ldf polyglossia: module for Russian

(c:/texlive/2023/texmf-dist/tex/latex/polyglossia/xpg-cyrillicnumbers.sty
Package: xpg-cyrillicnumbers 2019/11/15 v0.2 Formatting of Cyrillic alphabetic 
numbers
)
The property list \polyglossia@langsetup contains the pairs (without outer
braces):
>  {latex/script}  =>  {latin}
>  {latex/lcscript}  =>  {latin}
>  {latex/scripttag}  =>  {}
>  {latex/language}  =>  {Latex}
>  {latex/langtag}  =>  {ENG}
>  {latex/bcp47}  =>  {}
>  {latex/hyphennames}  =>  {english}
>  {latex/direction}  =>  {LR}
>  {latex/hyphenmins}  =>  {2,3}
>  {latex/frenchspacing}  =>  {false}
>  {latex/indentfirst}  =>  {false}
>  {latex/fontsetup}  =>  {true}
>  {latex/envname}  =>  {latex}
>  {latex/babelname}  =>  {latex}
>  {latex/localnumeral}  =>  {polyglossia@C@localnumeral}
>  {latex/Localnumeral}  =>  {polyglossia@C@localnumeral}
>  {latex/DefineCommandsCmd}  =>  {use_none:n}
>  {russian/script}  =>  {Cyrillic}
>  {russian/lcscript}  =>  {cyrillic}
>  {russian/scripttag}  =>  {cyrl}
>  {russian/language}  =>  {Russian}
>  {russian/langtag}  =>  {RUS}
>  {russian/bcp47}  =>  {ru}
>  {russian/hyphennames}  =>  {russian}
>  {russian/direction}  =>  {LR}
>  {russian/hyphenmins}  =>  {2,2}
>  {russian/frenchspacing}  =>  {true}
>  {russian/indentfirst}  =>  {true}
>  {russian/fontsetup}  =>  {true}
>  {russian/envname}  =>  {russian}
>  {russian/babelname}  =>  {russian}
>  {russian/localnumeral}  =>  {russiannumerals}
>  {russian/Localnumeral}  =>  {Russiannumerals}
>  {russian/DefineCommandsCmd}  =>  {xpg_define_language_commands:e}.
Package polyglossia Info: Option: Russian, numerals=arabic.

(c:/texlive/2023/texmf-dist/tex/latex/polyglossia/babelsh.def
File: babelsh.def 2022/06/21 Babel common definitions for shorthands
 Taken verbatim from babel files (2022/06/06 v3.76)
)
Package babel Info: Making " an active character on input line 99.
)
Package polyglossia Info: Default language is russian.

Package fontspec Info: Font family 'TimesNewRoman(0)' created for font 'Times
(fontspec)             New Roman' with options [Ligatures=TeX].
(fontspec)              
(fontspec)              This font family consists of the following NFSS
(fontspec)             series/shapes:
(fontspec)              
(fontspec)             - 'normal' (m/n) with NFSS spec.: <->"Times New
(fontspec)             Roman/OT:script=latn;language=dflt;mapping=tex-text;"
(fontspec)             - 'small caps'  (m/sc) with NFSS spec.: <->"Times New
(fontspec)             Roman/OT:script=latn;language=dflt;+smcp;mapping=tex-tex
t;"
(fontspec)             - 'bold' (b/n) with NFSS spec.: <->"Times New
(fontspec)             Roman/B/OT:script=latn;language=dflt;mapping=tex-text;"
(fontspec)             - 'bold small caps'  (b/sc) with NFSS spec.: <->"Times
(fontspec)             New
(fontspec)             Roman/B/OT:script=latn;language=dflt;+smcp;mapping=tex-t
ext;"
(fontspec)             - 'italic' (m/it) with NFSS spec.: <->"Times New
(fontspec)             Roman/I/OT:script=latn;language=dflt;mapping=tex-text;"
(fontspec)             - 'italic small caps'  (m/scit) with NFSS spec.:
(fontspec)             <->"Times New
(fontspec)             Roman/I/OT:script=latn;language=dflt;+smcp;mapping=tex-t
ext;"
(fontspec)             - 'bold italic' (b/it) with NFSS spec.: <->"Times New
(fontspec)             Roman/BI/OT:script=latn;language=dflt;mapping=tex-text;"

(fontspec)             - 'bold italic small caps'  (b/scit) with NFSS spec.:
(fontspec)             <->"Times New
(fontspec)             Roman/BI/OT:script=latn;language=dflt;+smcp;mapping=tex-
text;"


Package fontspec Info: Font family 'Arial(0)' created for font 'Arial' with
(fontspec)             options [Ligatures=TeX].
(fontspec)              
(fontspec)              This font family consists of the following NFSS
(fontspec)             series/shapes:
(fontspec)              
(fontspec)             - 'normal' (m/n) with NFSS spec.:
(fontspec)             <->"Arial/OT:script=latn;language=dflt;mapping=tex-text;
"
(fontspec)             - 'small caps'  (m/sc) with NFSS spec.:
(fontspec)             <->"Arial/OT:script=latn;language=dflt;+smcp;mapping=tex
-text;"
(fontspec)             - 'bold' (b/n) with NFSS spec.:
(fontspec)             <->"Arial/B/OT:script=latn;language=dflt;mapping=tex-tex
t;"
(fontspec)             - 'bold small caps'  (b/sc) with NFSS spec.:
(fontspec)             <->"Arial/B/OT:script=latn;language=dflt;+smcp;mapping=t
ex-text;"
(fontspec)             - 'italic' (m/it) with NFSS spec.:
(fontspec)             <->"Arial/I/OT:script=latn;language=dflt;mapping=tex-tex
t;"
(fontspec)             - 'italic small caps'  (m/scit) with NFSS spec.:
(fontspec)             <->"Arial/I/OT:script=latn;language=dflt;+smcp;mapping=t
ex-text;"
(fontspec)             - 'bold italic' (b/it) with NFSS spec.:
(fontspec)             <->"Arial/BI/OT:script=latn;language=dflt;mapping=tex-te
xt;"
(fontspec)             - 'bold italic small caps'  (b/scit) with NFSS spec.:
(fontspec)             <->"Arial/BI/OT:script=latn;language=dflt;+smcp;mapping=
tex-text;"


Package fontspec Info: Font family 'Consolas(0)' created for font 'Consolas'
(fontspec)             with options
(fontspec)             [WordSpace={1,0,0},HyphenChar=None,PunctuationSpace=Word
Space].
(fontspec)              
(fontspec)              This font family consists of the following NFSS
(fontspec)             series/shapes:
(fontspec)              
(fontspec)             - 'normal' (m/n) with NFSS spec.:
(fontspec)             <->"Consolas/OT:script=latn;language=dflt;"
(fontspec)             - 'small caps'  (m/sc) with NFSS spec.: 
(fontspec)             and font adjustment code:
(fontspec)             \fontdimen 2\font =1\fontdimen 2\font \fontdimen 3\font
(fontspec)             =0\fontdimen 3\font \fontdimen 4\font =0\fontdimen
(fontspec)             4\font \fontdimen 7\font =0\fontdimen 2\font
(fontspec)             \tex_hyphenchar:D \font =-1\scan_stop: 
(fontspec)             - 'bold' (b/n) with NFSS spec.:
(fontspec)             <->"Consolas/B/OT:script=latn;language=dflt;"
(fontspec)             - 'bold small caps'  (b/sc) with NFSS spec.: 
(fontspec)             and font adjustment code:
(fontspec)             \fontdimen 2\font =1\fontdimen 2\font \fontdimen 3\font
(fontspec)             =0\fontdimen 3\font \fontdimen 4\font =0\fontdimen
(fontspec)             4\font \fontdimen 7\font =0\fontdimen 2\font
(fontspec)             \tex_hyphenchar:D \font =-1\scan_stop: 
(fontspec)             - 'italic' (m/it) with NFSS spec.:
(fontspec)             <->"Consolas/I/OT:script=latn;language=dflt;"
(fontspec)             - 'italic small caps'  (m/scit) with NFSS spec.: 
(fontspec)             and font adjustment code:
(fontspec)             \fontdimen 2\font =1\fontdimen 2\font \fontdimen 3\font
(fontspec)             =0\fontdimen 3\font \fontdimen 4\font =0\fontdimen
(fontspec)             4\font \fontdimen 7\font =0\fontdimen 2\font
(fontspec)             \tex_hyphenchar:D \font =-1\scan_stop: 
(fontspec)             - 'bold italic' (b/it) with NFSS spec.:
(fontspec)             <->"Consolas/BI/OT:script=latn;language=dflt;"
(fontspec)             - 'bold italic small caps'  (b/scit) with NFSS spec.: 
(fontspec)             and font adjustment code:
(fontspec)             \fontdimen 2\font =1\fontdimen 2\font \fontdimen 3\font
(fontspec)             =0\fontdimen 3\font \fontdimen 4\font =0\fontdimen
(fontspec)             4\font \fontdimen 7\font =0\fontdimen 2\font
(fontspec)             \tex_hyphenchar:D \font =-1\scan_stop: 


(c:/texlive/2023/texmf-dist/tex/latex/upquote/upquote.sty
Package: upquote 2012/04/19 v1.3 upright-quote and grave-accent glyphs in verba
tim

(c:/texlive/2023/texmf-dist/tex/latex/base/textcomp.sty
Package: textcomp 2020/02/02 v2.0n Standard LaTeX package
))
(c:/texlive/2023/texmf-dist/tex/latex/tools/indentfirst.sty
Package: indentfirst 1995/11/23 v1.03 Indent first paragraph (DPC)
)
(c:/texlive/2023/texmf-dist/tex/latex/accsupp/accsupp.sty
Package: accsupp 2019/12/05 v0.6 Accessibility support by marked content (HO)

(c:/texlive/2023/texmf-dist/tex/generic/pdfescape/pdfescape.sty
Package: pdfescape 2019/12/09 v1.15 Implements pdfTeX's escape features (HO)

(c:/texlive/2023/texmf-dist/tex/generic/ltxcmds/ltxcmds.sty
Package: ltxcmds 2020-05-10 v1.25 LaTeX kernel commands for general use (HO)
)
(c:/texlive/2023/texmf-dist/tex/generic/pdftexcmds/pdftexcmds.sty
Package: pdftexcmds 2020-06-27 v0.33 Utility functions of pdfTeX for LuaTeX (HO
)

(c:/texlive/2023/texmf-dist/tex/generic/infwarerr/infwarerr.sty
Package: infwarerr 2019/12/03 v1.5 Providing info/warning/error messages (HO)
)
Package pdftexcmds Info: \pdf@primitive is available.
Package pdftexcmds Info: \pdf@ifprimitive is available.
Package pdftexcmds Info: \pdfdraftmode not found.
))
(c:/texlive/2023/texmf-dist/tex/latex/kvoptions/kvoptions.sty
Package: kvoptions 2022-06-15 v3.15 Key value format for package options (HO)

(c:/texlive/2023/texmf-dist/tex/latex/kvsetkeys/kvsetkeys.sty
Package: kvsetkeys 2022-10-05 v1.19 Key value parser (HO)
))
(c:/texlive/2023/texmf-dist/tex/latex/accsupp/accsupp-dvipdfm.def
File: accsupp-dvipdfm.def 2019/12/05 v0.6 accsupp driver for dvipdfm (HO)
))
(c:/texlive/2023/texmf-dist/tex/latex/minted/minted.sty
Package: minted 2022/12/12 v2.7 Yet another Pygments shim for LaTeX

(c:/texlive/2023/texmf-dist/tex/latex/fvextra/fvextra.sty
Package: fvextra 2022/11/30 v1.5 fvextra - extensions and patches for fancyvrb

(c:/texlive/2023/texmf-dist/tex/latex/fancyvrb/fancyvrb.sty
Package: fancyvrb 2023/01/19 4.5a verbatim text (tvz,hv)
\FV@CodeLineNo=\count272
\FV@InFile=\read2
\FV@TabBox=\box52
\c@FancyVerbLine=\count273
\FV@StepNumber=\count274
\FV@OutFile=\write3
)
(c:/texlive/2023/texmf-dist/tex/latex/lineno/lineno.sty
Package: lineno 2023/01/19 line numbers on paragraphs v5.1
Invalid UTF-8 byte or sequence at line 290 replaced by U+FFFD.
\linenopenalty=\count275
\output=\toks18
\linenoprevgraf=\count276
\linenumbersep=\dimen145
\linenumberwidth=\dimen146
\c@linenumber=\count277
\c@pagewiselinenumber=\count278
\c@LN@truepage=\count279
\c@internallinenumber=\count280
\c@internallinenumbers=\count281
\quotelinenumbersep=\dimen147
\bframerule=\dimen148
\bframesep=\dimen149
\bframebox=\box53
LaTeX Info: Redefining \\ on input line 3131.
)
\c@FV@TrueTabGroupLevel=\count282
\c@FV@TrueTabCounter=\count283
\FV@TabBox@Group=\box54
\FV@TmpLength=\skip50
\c@FV@HighlightLinesStart=\count284
\c@FV@HighlightLinesStop=\count285
\FV@LoopCount=\count286
\FV@NCharsBox=\box55
\FV@BreakIndent=\dimen150
\FV@BreakIndentNChars=\count287
\FV@BreakSymbolSepLeft=\dimen151
\FV@BreakSymbolSepLeftNChars=\count288
\FV@BreakSymbolSepRight=\dimen152
\FV@BreakSymbolSepRightNChars=\count289
\FV@BreakSymbolIndentLeft=\dimen153
\FV@BreakSymbolIndentLeftNChars=\count290
\FV@BreakSymbolIndentRight=\dimen154
\FV@BreakSymbolIndentRightNChars=\count291
\c@FancyVerbLineBreakLast=\count292
\FV@LineBox=\box56
\FV@LineIndentBox=\box57
\c@FV@BreakBufferDepth=\count293
\FV@LineWidth=\dimen155
)
(c:/texlive/2023/texmf-dist/tex/latex/base/ifthen.sty
Package: ifthen 2022/04/13 v1.1d Standard LaTeX ifthen package (DPC)
)
(c:/texlive/2023/texmf-dist/tex/latex/tools/calc.sty
Package: calc 2017/05/25 v4.3 Infix arithmetic (KKT,FJ)
\calc@Acount=\count294
\calc@Bcount=\count295
\calc@Adimen=\dimen156
\calc@Bdimen=\dimen157
\calc@Askip=\skip51
\calc@Bskip=\skip52
LaTeX Info: Redefining \setlength on input line 80.
LaTeX Info: Redefining \addtolength on input line 81.
\calc@Ccount=\count296
\calc@Cskip=\skip53
)
(c:/texlive/2023/texmf-dist/tex/latex/tools/shellesc.sty
Package: shellesc 2019/11/08 v1.0c unified shell escape interface for LaTeX
Package shellesc Info: Unrestricted shell escape enabled on input line 75.
)
(c:/texlive/2023/texmf-dist/tex/latex/ifplatform/ifplatform.sty
Package: ifplatform 2017/10/13 v0.4a Testing for the operating system

(c:/texlive/2023/texmf-dist/tex/generic/catchfile/catchfile.sty
Package: catchfile 2019/12/09 v1.8 Catch the contents of a file (HO)

(c:/texlive/2023/texmf-dist/tex/generic/etexcmds/etexcmds.sty
Package: etexcmds 2019/12/15 v1.7 Avoid name clashes with e-TeX commands (HO)
))
(c:/texlive/2023/texmf-dist/tex/generic/iftex/ifluatex.sty
Package: ifluatex 2019/10/25 v1.5 ifluatex legacy package. Use iftex instead.
))
(c:/texlive/2023/texmf-dist/tex/generic/xstring/xstring.sty
(c:/texlive/2023/texmf-dist/tex/generic/xstring/xstring.tex
\integerpart=\count297
\decimalpart=\count298
)
Package: xstring 2023/01/14 v1.85 String manipulations (CT)
)
(c:/texlive/2023/texmf-dist/tex/latex/framed/framed.sty
Package: framed 2011/10/22 v 0.96: framed or shaded text with page breaks
\OuterFrameSep=\skip54
\fb@frw=\dimen158
\fb@frh=\dimen159
\FrameRule=\dimen160
\FrameSep=\dimen161
)
(c:/texlive/2023/texmf-dist/tex/latex/float/float.sty
Package: float 2001/11/08 v1.3d Float enhancements (AL)
\c@float@type=\count299
\float@exts=\toks19
\float@box=\box58
\@float@everytoks=\toks20
\@floatcapt=\box59
)
\minted@appexistsfile=\read3
\minted@bgbox=\box60
\minted@code=\write4
\c@minted@FancyVerbLineTemp=\count300
\c@minted@pygmentizecounter=\count301
\@float@every@listing=\toks21
\c@listing=\count302
)
runsystem(if not exist _minted-main mkdir _minted-main)...executed.


(c:/texlive/2023/texmf-dist/tex/latex/xcolor/xcolor.sty
Package: xcolor 2022/06/12 v2.14 LaTeX color extensions (UK)

(c:/texlive/2023/texmf-dist/tex/latex/graphics-cfg/color.cfg
File: color.cfg 2016/01/02 v1.6 sample color configuration
)
Package xcolor Info: Driver file: xetex.def on input line 227.

(c:/texlive/2023/texmf-dist/tex/latex/graphics-def/xetex.def
File: xetex.def 2022/09/22 v5.0n Graphics/color driver for xetex
)
(c:/texlive/2023/texmf-dist/tex/latex/graphics/mathcolor.ltx)
Package xcolor Info: Model `cmy' substituted by `cmy0' on input line 1353.
Package xcolor Info: Model `RGB' extended on input line 1369.
Package xcolor Info: Model `HTML' substituted by `rgb' on input line 1371.
Package xcolor Info: Model `Hsb' substituted by `hsb' on input line 1372.
Package xcolor Info: Model `tHsb' substituted by `hsb' on input line 1373.
Package xcolor Info: Model `HSB' substituted by `hsb' on input line 1374.
Package xcolor Info: Model `Gray' substituted by `gray' on input line 1375.
Package xcolor Info: Model `wave' substituted by `hsb' on input line 1376.
)
(c:/texlive/2023/texmf-dist/tex/latex/geometry/geometry.sty
Package: geometry 2020/01/02 v5.9 Page Geometry

(c:/texlive/2023/texmf-dist/tex/generic/iftex/ifvtex.sty
Package: ifvtex 2019/10/25 v1.7 ifvtex legacy package. Use iftex instead.
)
\Gm@cnth=\count303
\Gm@cntv=\count304
\c@Gm@tempcnt=\count305
\Gm@bindingoffset=\dimen162
\Gm@wd@mp=\dimen163
\Gm@odd@mp=\dimen164
\Gm@even@mp=\dimen165
\Gm@layoutwidth=\dimen166
\Gm@layoutheight=\dimen167
\Gm@layouthoffset=\dimen168
\Gm@layoutvoffset=\dimen169
\Gm@dimlist=\toks22
)
(c:/texlive/2023/texmf-dist/tex/latex/hyperref/hyperref.sty
Package: hyperref 2023-02-07 v7.00v Hypertext links for LaTeX

(c:/texlive/2023/texmf-dist/tex/generic/kvdefinekeys/kvdefinekeys.sty
Package: kvdefinekeys 2019-12-19 v1.6 Define keys (HO)
)
(c:/texlive/2023/texmf-dist/tex/latex/hycolor/hycolor.sty
Package: hycolor 2020-01-27 v1.10 Color options for hyperref/bookmark (HO)
)
(c:/texlive/2023/texmf-dist/tex/latex/letltxmacro/letltxmacro.sty
Package: letltxmacro 2019/12/03 v1.6 Let assignment for LaTeX macros (HO)
)
(c:/texlive/2023/texmf-dist/tex/latex/auxhook/auxhook.sty
Package: auxhook 2019-12-17 v1.6 Hooks for auxiliary files (HO)
)
(c:/texlive/2023/texmf-dist/tex/latex/hyperref/nameref.sty
Package: nameref 2022-05-17 v2.50 Cross-referencing by name of section

(c:/texlive/2023/texmf-dist/tex/latex/refcount/refcount.sty
Package: refcount 2019/12/15 v3.6 Data extraction from label references (HO)
)
(c:/texlive/2023/texmf-dist/tex/generic/gettitlestring/gettitlestring.sty
Package: gettitlestring 2019/12/15 v1.6 Cleanup title references (HO)
)
\c@section@level=\count306
)
\@linkdim=\dimen170
\Hy@linkcounter=\count307
\Hy@pagecounter=\count308

(c:/texlive/2023/texmf-dist/tex/latex/hyperref/pd1enc.def
File: pd1enc.def 2023-02-07 v7.00v Hyperref: PDFDocEncoding definition (HO)
)
(c:/texlive/2023/texmf-dist/tex/generic/intcalc/intcalc.sty
Package: intcalc 2019/12/15 v1.3 Expandable calculations with integers (HO)
)
\Hy@SavedSpaceFactor=\count309

(c:/texlive/2023/texmf-dist/tex/latex/hyperref/puenc.def
File: puenc.def 2023-02-07 v7.00v Hyperref: PDF Unicode definition (HO)
)
Package hyperref Info: Hyper figures OFF on input line 4177.
Package hyperref Info: Link nesting OFF on input line 4182.
Package hyperref Info: Hyper index ON on input line 4185.
Package hyperref Info: Plain pages OFF on input line 4192.
Package hyperref Info: Backreferencing OFF on input line 4197.
Package hyperref Info: Implicit mode ON; LaTeX internals redefined.
Package hyperref Info: Bookmarks ON on input line 4425.
\c@Hy@tempcnt=\count310

(c:/texlive/2023/texmf-dist/tex/latex/url/url.sty
\Urlmuskip=\muskip16
Package: url 2013/09/16  ver 3.4  Verb mode for urls, etc.
)
LaTeX Info: Redefining \url on input line 4763.
\XeTeXLinkMargin=\dimen171

(c:/texlive/2023/texmf-dist/tex/generic/bitset/bitset.sty
Package: bitset 2019/12/09 v1.3 Handle bit-vector datatype (HO)

(c:/texlive/2023/texmf-dist/tex/generic/bigintcalc/bigintcalc.sty
Package: bigintcalc 2019/12/15 v1.5 Expandable calculations on big integers (HO
)
))
\Fld@menulength=\count311
\Field@Width=\dimen172
\Fld@charsize=\dimen173
Package hyperref Info: Hyper figures OFF on input line 6042.
Package hyperref Info: Link nesting OFF on input line 6047.
Package hyperref Info: Hyper index ON on input line 6050.
Package hyperref Info: backreferencing OFF on input line 6057.
Package hyperref Info: Link coloring OFF on input line 6062.
Package hyperref Info: Link coloring with OCG OFF on input line 6067.
Package hyperref Info: PDF/A mode OFF on input line 6072.

(c:/texlive/2023/texmf-dist/tex/latex/base/atbegshi-ltx.sty
Package: atbegshi-ltx 2021/01/10 v1.0c Emulation of the original atbegshi
package with kernel methods
)
\Hy@abspage=\count312
\c@Item=\count313
\c@Hfootnote=\count314
)
Package hyperref Info: Driver (autodetected): hxetex.

(c:/texlive/2023/texmf-dist/tex/latex/hyperref/hxetex.def
File: hxetex.def 2023-02-07 v7.00v Hyperref driver for XeTeX

(c:/texlive/2023/texmf-dist/tex/generic/stringenc/stringenc.sty
Package: stringenc 2019/11/29 v1.12 Convert strings between diff. encodings (HO
)
)
\pdfm@box=\box61
\c@Hy@AnnotLevel=\count315
\HyField@AnnotCount=\count316
\Fld@listcount=\count317
\c@bookmark@seq@number=\count318

(c:/texlive/2023/texmf-dist/tex/latex/rerunfilecheck/rerunfilecheck.sty
Package: rerunfilecheck 2022-07-10 v1.10 Rerun checks for auxiliary files (HO)

(c:/texlive/2023/texmf-dist/tex/latex/base/atveryend-ltx.sty
Package: atveryend-ltx 2020/08/19 v1.0a Emulation of the original atveryend pac
kage
with kernel methods
)
(c:/texlive/2023/texmf-dist/tex/generic/uniquecounter/uniquecounter.sty
Package: uniquecounter 2019/12/15 v1.4 Provide unlimited unique counter (HO)
)
Package uniquecounter Info: New unique counter `rerunfilecheck' on input line 2
85.
)
\Hy@SectionHShift=\skip55
)
(c:/texlive/2023/texmf-dist/tex/latex/enumitem/enumitem.sty
Package: enumitem 2019/06/20 v3.9 Customized lists
\enitkv@toks@=\toks23
\labelindent=\skip56
\enit@outerparindent=\dimen174
\enit@toks=\toks24
\enit@inbox=\box62
\enit@count@id=\count319
\enitdp@description=\count320
)
(c:/texlive/2023/texmf-dist/tex/latex/graphics/graphicx.sty
Package: graphicx 2021/09/16 v1.2d Enhanced LaTeX Graphics (DPC,SPQR)

(c:/texlive/2023/texmf-dist/tex/latex/graphics/graphics.sty
Package: graphics 2022/03/10 v1.4e Standard LaTeX Graphics (DPC,SPQR)

(c:/texlive/2023/texmf-dist/tex/latex/graphics/trig.sty
Package: trig 2021/08/11 v1.11 sin cos tan (DPC)
)
(c:/texlive/2023/texmf-dist/tex/latex/graphics-cfg/graphics.cfg
File: graphics.cfg 2016/06/04 v1.11 sample graphics configuration
)
Package graphics Info: Driver file: xetex.def on input line 107.
)
\Gin@req@height=\dimen175
\Gin@req@width=\dimen176
)
(c:/texlive/2023/texmf-dist/tex/latex/amsmath/amsmath.sty
Package: amsmath 2022/04/08 v2.17n AMS math features
\@mathmargin=\skip57

For additional information on amsmath, use the `?' option.
(c:/texlive/2023/texmf-dist/tex/latex/amsmath/amstext.sty
Package: amstext 2021/08/26 v2.01 AMS text

(c:/texlive/2023/texmf-dist/tex/latex/amsmath/amsgen.sty
File: amsgen.sty 1999/11/30 v2.0 generic functions
\@emptytoks=\toks25
\ex@=\dimen177
))
(c:/texlive/2023/texmf-dist/tex/latex/amsmath/amsbsy.sty
Package: amsbsy 1999/11/29 v1.2d Bold Symbols
\pmbraise@=\dimen178
)
(c:/texlive/2023/texmf-dist/tex/latex/amsmath/amsopn.sty
Package: amsopn 2022/04/08 v2.04 operator names
)
\inf@bad=\count321
LaTeX Info: Redefining \frac on input line 234.
\uproot@=\count322
\leftroot@=\count323
LaTeX Info: Redefining \overline on input line 399.
LaTeX Info: Redefining \colon on input line 410.
\classnum@=\count324
\DOTSCASE@=\count325
LaTeX Info: Redefining \ldots on input line 496.
LaTeX Info: Redefining \dots on input line 499.
LaTeX Info: Redefining \cdots on input line 620.
\Mathstrutbox@=\box63
\strutbox@=\box64
LaTeX Info: Redefining \big on input line 722.
LaTeX Info: Redefining \Big on input line 723.
LaTeX Info: Redefining \bigg on input line 724.
LaTeX Info: Redefining \Bigg on input line 725.
\big@size=\dimen179
LaTeX Font Info:    Redeclaring font encoding OML on input line 743.
LaTeX Font Info:    Redeclaring font encoding OMS on input line 744.
\macc@depth=\count326
LaTeX Info: Redefining \bmod on input line 905.
LaTeX Info: Redefining \pmod on input line 910.
LaTeX Info: Redefining \smash on input line 940.
LaTeX Info: Redefining \relbar on input line 970.
LaTeX Info: Redefining \Relbar on input line 971.
\c@MaxMatrixCols=\count327
\dotsspace@=\muskip17
\c@parentequation=\count328
\dspbrk@lvl=\count329
\tag@help=\toks26
\row@=\count330
\column@=\count331
\maxfields@=\count332
\andhelp@=\toks27
\eqnshift@=\dimen180
\alignsep@=\dimen181
\tagshift@=\dimen182
\tagwidth@=\dimen183
\totwidth@=\dimen184
\lineht@=\dimen185
\@envbody=\toks28
\multlinegap=\skip58
\multlinetaggap=\skip59
\mathdisplay@stack=\toks29
LaTeX Info: Redefining \[ on input line 2953.
LaTeX Info: Redefining \] on input line 2954.
)
\linenoamsmath@ams@eqpen=\count333

(c:/texlive/2023/texmf-dist/tex/latex/setspace/setspace.sty
Package: setspace 2022/12/04 v6.7b set line spacing
)
(c:/texlive/2023/texmf-dist/tex/latex/titlesec/titlesec.sty
Package: titlesec 2021/07/05 v2.14 Sectioning titles
\ttl@box=\box65
\beforetitleunit=\skip60
\aftertitleunit=\skip61
\ttl@plus=\dimen186
\ttl@minus=\dimen187
\ttl@toksa=\toks30
\titlewidth=\dimen188
\titlewidthlast=\dimen189
\titlewidthfirst=\dimen190
)
(c:/texlive/2023/texmf-dist/tex/latex/tocloft/tocloft.sty
Package: tocloft 2017/08/31 v2.3i parameterised ToC, etc., typesetting
Package tocloft Info: The document has section divisions on input line 51.
\cftparskip=\skip62
\cftbeforetoctitleskip=\skip63
\cftaftertoctitleskip=\skip64
\cftbeforepartskip=\skip65
\cftpartnumwidth=\skip66
\cftpartindent=\skip67
\cftbeforesecskip=\skip68
\cftsecindent=\skip69
\cftsecnumwidth=\skip70
\cftbeforesubsecskip=\skip71
\cftsubsecindent=\skip72
\cftsubsecnumwidth=\skip73
\cftbeforesubsubsecskip=\skip74
\cftsubsubsecindent=\skip75
\cftsubsubsecnumwidth=\skip76
\cftbeforeparaskip=\skip77
\cftparaindent=\skip78
\cftparanumwidth=\skip79
\cftbeforesubparaskip=\skip80
\cftsubparaindent=\skip81
\cftsubparanumwidth=\skip82
\cftbeforeloftitleskip=\skip83
\cftafterloftitleskip=\skip84
\cftbeforefigskip=\skip85
\cftfigindent=\skip86
\cftfignumwidth=\skip87
\c@lofdepth=\count334
\c@lotdepth=\count335
\cftbeforelottitleskip=\skip88
\cftafterlottitleskip=\skip89
\cftbeforetabskip=\skip90
\cfttabindent=\skip91
\cfttabnumwidth=\skip92
)
runsystem(for ^%i in (pygmentize.exe pygmentize.bat pygmentize.cmd) do set > ma
in.aex <nul: /p x=^%~$PATH:i>> main.aex)...executed.

runsystem(del main.aex)...executed.

 (./main.aux

Package fontspec Info: Font family 'TimesNewRoman(1)' created for font 'Times
(fontspec)             New Roman' with options
(fontspec)             [Ligatures=TeX,Script=Cyrillic].
(fontspec)              
(fontspec)              This font family consists of the following NFSS
(fontspec)             series/shapes:
(fontspec)              
(fontspec)             - 'normal' (m/n) with NFSS spec.: <->"Times New
(fontspec)             Roman/OT:script=cyrl;language=dflt;mapping=tex-text;"
(fontspec)             - 'small caps'  (m/sc) with NFSS spec.: <->"Times New
(fontspec)             Roman/OT:script=cyrl;language=dflt;+smcp;mapping=tex-tex
t;"
(fontspec)             - 'bold' (b/n) with NFSS spec.: <->"Times New
(fontspec)             Roman/B/OT:script=cyrl;language=dflt;mapping=tex-text;"
(fontspec)             - 'bold small caps'  (b/sc) with NFSS spec.: <->"Times
(fontspec)             New
(fontspec)             Roman/B/OT:script=cyrl;language=dflt;+smcp;mapping=tex-t
ext;"
(fontspec)             - 'italic' (m/it) with NFSS spec.: <->"Times New
(fontspec)             Roman/I/OT:script=cyrl;language=dflt;mapping=tex-text;"
(fontspec)             - 'italic small caps'  (m/scit) with NFSS spec.:
(fontspec)             <->"Times New
(fontspec)             Roman/I/OT:script=cyrl;language=dflt;+smcp;mapping=tex-t
ext;"
(fontspec)             - 'bold italic' (b/it) with NFSS spec.: <->"Times New
(fontspec)             Roman/BI/OT:script=cyrl;language=dflt;mapping=tex-text;"

(fontspec)             - 'bold italic small caps'  (b/scit) with NFSS spec.:
(fontspec)             <->"Times New
(fontspec)             Roman/BI/OT:script=cyrl;language=dflt;+smcp;mapping=tex-
text;"

)
\openout1 = `main.aux'.

LaTeX Font Info:    Checking defaults for OML/cmm/m/it on input line 59.
LaTeX Font Info:    ... okay on input line 59.
LaTeX Font Info:    Checking defaults for OMS/cmsy/m/n on input line 59.
LaTeX Font Info:    ... okay on input line 59.
LaTeX Font Info:    Checking defaults for OT1/cmr/m/n on input line 59.
LaTeX Font Info:    ... okay on input line 59.
LaTeX Font Info:    Checking defaults for T1/cmr/m/n on input line 59.
LaTeX Font Info:    ... okay on input line 59.
LaTeX Font Info:    Checking defaults for TS1/cmr/m/n on input line 59.
LaTeX Font Info:    Trying to load font information for TS1+cmr on input line 5
9.

(c:/texlive/2023/texmf-dist/tex/latex/base/ts1cmr.fd
File: ts1cmr.fd 2022/07/10 v2.5l Standard LaTeX font definitions
)
LaTeX Font Info:    ... okay on input line 59.
LaTeX Font Info:    Checking defaults for TU/lmr/m/n on input line 59.
LaTeX Font Info:    ... okay on input line 59.
LaTeX Font Info:    Checking defaults for OMX/cmex/m/n on input line 59.
LaTeX Font Info:    ... okay on input line 59.
LaTeX Font Info:    Checking defaults for U/cmr/m/n on input line 59.
LaTeX Font Info:    ... okay on input line 59.
LaTeX Font Info:    Checking defaults for PD1/pdf/m/n on input line 59.
LaTeX Font Info:    ... okay on input line 59.
LaTeX Font Info:    Checking defaults for PU/pdf/m/n on input line 59.
LaTeX Font Info:    ... okay on input line 59.

Package fontspec Info: Adjusting the maths setup (use [no-math] to avoid
(fontspec)             this).

\symlegacymaths=\mathgroup4
LaTeX Font Info:    Overwriting symbol font `legacymaths' in version `bold'
(Font)                  OT1/cmr/m/n --> OT1/cmr/bx/n on input line 59.
LaTeX Font Info:    Redeclaring math accent \acute on input line 59.
LaTeX Font Info:    Redeclaring math accent \grave on input line 59.
LaTeX Font Info:    Redeclaring math accent \ddot on input line 59.
LaTeX Font Info:    Redeclaring math accent \tilde on input line 59.
LaTeX Font Info:    Redeclaring math accent \bar on input line 59.
LaTeX Font Info:    Redeclaring math accent \breve on input line 59.
LaTeX Font Info:    Redeclaring math accent \check on input line 59.
LaTeX Font Info:    Redeclaring math accent \hat on input line 59.
LaTeX Font Info:    Redeclaring math accent \dot on input line 59.
LaTeX Font Info:    Redeclaring math accent \mathring on input line 59.
LaTeX Font Info:    Redeclaring math symbol \Gamma on input line 59.
LaTeX Font Info:    Redeclaring math symbol \Delta on input line 59.
LaTeX Font Info:    Redeclaring math symbol \Theta on input line 59.
LaTeX Font Info:    Redeclaring math symbol \Lambda on input line 59.
LaTeX Font Info:    Redeclaring math symbol \Xi on input line 59.
LaTeX Font Info:    Redeclaring math symbol \Pi on input line 59.
LaTeX Font Info:    Redeclaring math symbol \Sigma on input line 59.
LaTeX Font Info:    Redeclaring math symbol \Upsilon on input line 59.
LaTeX Font Info:    Redeclaring math symbol \Phi on input line 59.
LaTeX Font Info:    Redeclaring math symbol \Psi on input line 59.
LaTeX Font Info:    Redeclaring math symbol \Omega on input line 59.
LaTeX Font Info:    Redeclaring math symbol \mathdollar on input line 59.
LaTeX Font Info:    Redeclaring symbol font `operators' on input line 59.
LaTeX Font Info:    Encoding `OT1' has changed to `TU' for symbol font
(Font)              `operators' in the math version `normal' on input line 59.
LaTeX Font Info:    Overwriting symbol font `operators' in version `normal'
(Font)                  OT1/cmr/m/n --> TU/TimesNewRoman(0)/m/n on input line 5
9.
LaTeX Font Info:    Encoding `OT1' has changed to `TU' for symbol font
(Font)              `operators' in the math version `bold' on input line 59.
LaTeX Font Info:    Overwriting symbol font `operators' in version `bold'
(Font)                  OT1/cmr/bx/n --> TU/TimesNewRoman(0)/m/n on input line 
59.
LaTeX Font Info:    Overwriting symbol font `operators' in version `normal'
(Font)                  TU/TimesNewRoman(0)/m/n --> TU/TimesNewRoman(0)/m/n on 
input line 59.
LaTeX Font Info:    Overwriting math alphabet `\mathit' in version `normal'
(Font)                  OT1/cmr/m/it --> TU/TimesNewRoman(0)/m/it on input line
 59.
LaTeX Font Info:    Overwriting math alphabet `\mathbf' in version `normal'
(Font)                  OT1/cmr/bx/n --> TU/TimesNewRoman(0)/b/n on input line 
59.
LaTeX Font Info:    Overwriting math alphabet `\mathsf' in version `normal'
(Font)                  OT1/cmss/m/n --> TU/Arial(0)/m/n on input line 59.
LaTeX Font Info:    Overwriting math alphabet `\mathtt' in version `normal'
(Font)                  OT1/cmtt/m/n --> TU/Consolas(0)/m/n on input line 59.
LaTeX Font Info:    Overwriting symbol font `operators' in version `bold'
(Font)                  TU/TimesNewRoman(0)/m/n --> TU/TimesNewRoman(0)/b/n on 
input line 59.
LaTeX Font Info:    Overwriting math alphabet `\mathit' in version `bold'
(Font)                  OT1/cmr/bx/it --> TU/TimesNewRoman(0)/b/it on input lin
e 59.
LaTeX Font Info:    Overwriting math alphabet `\mathsf' in version `bold'
(Font)                  OT1/cmss/bx/n --> TU/Arial(0)/b/n on input line 59.
LaTeX Font Info:    Overwriting math alphabet `\mathtt' in version `bold'
(Font)                  OT1/cmtt/m/n --> TU/Consolas(0)/b/n on input line 59.
The property list \__xpg_alias contains the pairs (without outer braces):
>  {latex/target}  =>  {latex}
>  {russian/target}  =>  {russian}
>  {ru/target}  =>  {russian}
>  {ru-luna1918/target}  =>  {russian}
>  {ru-luna1918/options}  =>  {spelling=modern}
>  {ru-petr1708/target}  =>  {russian}
>  {ru-petr1708/options}  =>  {spelling=old}.

*geometry* driver: auto-detecting
*geometry* detected driver: xetex
*geometry* verbose mode - [ preamble ] result:
* driver: xetex
* paper: a4paper
* layout: <same size as paper>
* layoutoffset:(h,v)=(0.0pt,0.0pt)
* modes: 
* h-part:(L,W,R)=(85.35826pt, 455.24411pt, 56.9055pt)
* v-part:(T,H,B)=(56.9055pt, 731.23584pt, 56.9055pt)
* \paperwidth=597.50787pt
* \paperheight=845.04684pt
* \textwidth=455.24411pt
* \textheight=731.23584pt
* \oddsidemargin=13.08827pt
* \evensidemargin=13.08827pt
* \topmargin=-54.36449pt
* \headheight=14.0pt
* \headsep=25.0pt
* \topskip=14.0pt
* \footskip=30.0pt
* \marginparwidth=15.0pt
* \marginparsep=10.0pt
* \columnsep=10.0pt
* \skip\footins=12.0pt plus 4.0pt minus 2.0pt
* \hoffset=0.0pt
* \voffset=0.0pt
* \mag=1000
* \@twocolumnfalse
* \@twosidefalse
* \@mparswitchfalse
* \@reversemarginfalse
* (1in=72.27pt=25.4mm, 1cm=28.453pt)

Package hyperref Info: Link coloring OFF on input line 59.
(./main.out) (./main.out)
\@outlinefile=\write5
\openout5 = `main.out'.

 [1

] (./main.toc [1])
\tf@toc=\write6
\openout6 = `main.toc'.

 [2] (./lua.tex

Package fontspec Info: Font family 'Consolas(1)' created for font 'Consolas'
(fontspec)             with options
(fontspec)             [WordSpace={1,0,0},HyphenChar=None,PunctuationSpace=Word
Space,Script=Cyrillic].
(fontspec)              
(fontspec)              This font family consists of the following NFSS
(fontspec)             series/shapes:
(fontspec)              
(fontspec)             - 'normal' (m/n) with NFSS spec.:
(fontspec)             <->"Consolas/OT:script=cyrl;language=dflt;"
(fontspec)             - 'small caps'  (m/sc) with NFSS spec.: 
(fontspec)             and font adjustment code:
(fontspec)             \fontdimen 2\font =1\fontdimen 2\font \fontdimen 3\font
(fontspec)             =0\fontdimen 3\font \fontdimen 4\font =0\fontdimen
(fontspec)             4\font \fontdimen 7\font =0\fontdimen 2\font
(fontspec)             \tex_hyphenchar:D \font =-1\scan_stop: 
(fontspec)             - 'bold' (b/n) with NFSS spec.:
(fontspec)             <->"Consolas/B/OT:script=cyrl;language=dflt;"
(fontspec)             - 'bold small caps'  (b/sc) with NFSS spec.: 
(fontspec)             and font adjustment code:
(fontspec)             \fontdimen 2\font =1\fontdimen 2\font \fontdimen 3\font
(fontspec)             =0\fontdimen 3\font \fontdimen 4\font =0\fontdimen
(fontspec)             4\font \fontdimen 7\font =0\fontdimen 2\font
(fontspec)             \tex_hyphenchar:D \font =-1\scan_stop: 
(fontspec)             - 'italic' (m/it) with NFSS spec.:
(fontspec)             <->"Consolas/I/OT:script=cyrl;language=dflt;"
(fontspec)             - 'italic small caps'  (m/scit) with NFSS spec.: 
(fontspec)             and font adjustment code:
(fontspec)             \fontdimen 2\font =1\fontdimen 2\font \fontdimen 3\font
(fontspec)             =0\fontdimen 3\font \fontdimen 4\font =0\fontdimen
(fontspec)             4\font \fontdimen 7\font =0\fontdimen 2\font
(fontspec)             \tex_hyphenchar:D \font =-1\scan_stop: 
(fontspec)             - 'bold italic' (b/it) with NFSS spec.:
(fontspec)             <->"Consolas/BI/OT:script=cyrl;language=dflt;"
(fontspec)             - 'bold italic small caps'  (b/scit) with NFSS spec.: 
(fontspec)             and font adjustment code:
(fontspec)             \fontdimen 2\font =1\fontdimen 2\font \fontdimen 3\font
(fontspec)             =0\fontdimen 3\font \fontdimen 4\font =0\fontdimen
(fontspec)             4\font \fontdimen 7\font =0\fontdimen 2\font
(fontspec)             \tex_hyphenchar:D \font =-1\scan_stop: 


Underfull \hbox (badness 1622) in paragraph at lines 9--10
[]\TU/TimesNewRoman(1)/m/n/14.4 вещественное значение (обычно двойной точности)
, например
 []


Underfull \hbox (badness 10000) in paragraph at lines 17--18
[]\TU/TimesNewRoman(1)/m/n/14.4 символ или слово, выполняющее действие:
 []

[3

]
Underfull \hbox (badness 10000) in paragraph at lines 23--24
[]\TU/TimesNewRoman(1)/m/n/14.4 распаковывает таблицу в список аргументов:
 []

\openout3 = `main.pyg'.

(./_minted-main/default.pygstyle)
(./_minted-main/51CBFFECD9CA8E036DD2D02851D9BB4A3A5B508510DE1E0853F2BCC4F280259
F.pygtex) [4]
\openout3 = `main.pyg'.


(./_minted-main/4A4874E8DEB0BDB7AA5F4B6DC7B321CD3A5B508510DE1E0853F2BCC4F280259
F.pygtex)
\openout3 = `main.pyg'.


(./_minted-main/E1457202153401A512A0CB8F94B715473A5B508510DE1E0853F2BCC4F280259
F.pygtex) [5]
Underfull \hbox (badness 10000) in paragraph at lines 102--103
[]\TU/TimesNewRoman(1)/m/n/14.4 Объявите [][]\TU/Consolas(1)/m/n/14.4 local con
fig = nil []\TU/TimesNewRoman(1)/m/n/14.4 и затем присвойте
 []

\openout3 = `main.pyg'.


(./_minted-main/7A93E9FE11549CE0132AEB3D4223B93B3A5B508510DE1E0853F2BCC4F280259
F.pygtex [6])
Underfull \hbox (badness 3333) in paragraph at lines 127--130
[] []\TU/TimesNewRoman(1)/b/n/14.4 Пояснения.[] \TU/TimesNewRoman(1)/m/n/14.4 -
 [][]\TU/Consolas(1)/m/n/14.4 math.sqrt []\TU/TimesNewRoman(1)/m/n/14.4 возвращ
ает корень квадратный; [][]\TU/Consolas(1)/m/n/14.4 math.pi
 []


Underfull \hbox (badness 10000) in paragraph at lines 127--130
[]\TU/TimesNewRoman(1)/m/n/14.4 — число $\OML/cmm/m/it/14.4 $\TU/TimesNewRoman
(1)/m/n/14.4 . - [][]\TU/Consolas(1)/m/n/14.4 math.max []\TU/TimesNewRoman(1)/m
/n/14.4 и [][]\TU/Consolas(1)/m/n/14.4 math.min []\TU/TimesNewRoman(1)/m/n/14.4
 ограничивают значения:
 []


Underfull \hbox (badness 10000) in paragraph at lines 127--130
[][]\TU/Consolas(1)/m/n/14.4 v = math.max(0, math.min(1, v))[]\TU/TimesNewRoman
(1)/m/n/14.4 . - Деление на ноль следует
 []


Overfull \hbox (15.58363pt too wide) in paragraph at lines 140--141
[]\TU/TimesNewRoman(1)/m/n/14.4 Ограничьте [][]\TU/Consolas(1)/m/n/14.4 v []\TU
/TimesNewRoman(1)/m/n/14.4 в диапазоне [][]\TU/Consolas(1)/m/n/14.4 [0,1][]\TU/
TimesNewRoman(1)/m/n/14.4 : [][]\TU/Consolas(1)/m/n/14.4 v = math.max(0, math.m
in(1, v))[]\TU/TimesNewRoman(1)/m/n/14.4 . 
 []

[7]
\openout3 = `main.pyg'.


(./_minted-main/AC396BA179F3F7F5BCE17B6722C7438A3A5B508510DE1E0853F2BCC4F280259
F.pygtex)
Underfull \hbox (badness 10000) in paragraph at lines 174--175
[]\TU/TimesNewRoman(1)/m/n/14.4 Запишите де Моргана: [][]\TU/Consolas(1)/m/n/14
.4 not(a and b) []\TU/TimesNewRoman(1)/m/n/14.4 эквивалент
 []

[8]
Overfull \hbox (53.01324pt too wide) in paragraph at lines 177--178
[]\TU/TimesNewRoman(1)/m/n/14.4 Составьте логическое выражение: [][]\TU/Consola
s(1)/m/n/14.4 t.enabled == true or t.mode=="auto"[]\TU/TimesNewRoman(1)/m/n/14.
4 . 
 []


Underfull \hbox (badness 6016) in paragraph at lines 183--184
[]\TU/TimesNewRoman(1)/m/n/14.4 Напишите логическую функцию «входит ли символ [
][]\TU/Consolas(1)/m/n/14.4 c []\TU/TimesNewRoman(1)/m/n/14.4 в набор
 []

\openout3 = `main.pyg'.


(./_minted-main/F252AE452FB852CE4F9BFC71FB223E363A5B508510DE1E0853F2BCC4F280259
F.pygtex
Overfull \hbox (80.25063pt too wide) in paragraph at lines 187--1
[]\TU/TimesNewRoman(1)/m/n/14.4 Ветвления выполняются через [][]\TU/Consolas(1)
/m/n/14.4 if ... then ... elseif ... else ... end[]\TU/TimesNewRoman(1)/m/n/14.
4 .
 []


Underfull \hbox (badness 6173) in paragraph at lines 187--1
\TU/TimesNewRoman(1)/m/n/14.4 «охранные условия» (ранний выход), таблица перехо
дов (эмуляция
 []

)
\openout3 = `main.pyg'.


(./_minted-main/279D2400BB97C2C2D515969B1A838D553A5B508510DE1E0853F2BCC4F280259
F.pygtex)
Underfull \hbox (badness 10000) in paragraph at lines 210--211
[]\TU/TimesNewRoman(1)/m/n/14.4 Напишите условие, присваивающее [][]\TU/Consola
s(1)/m/n/14.4 sign="+" []\TU/TimesNewRoman(1)/m/n/14.4 если [][]\TU/Consolas(1)
/m/n/14.4 x>0[]\TU/TimesNewRoman(1)/m/n/14.4 , иначе
 []

[9]
Underfull \hbox (badness 10000) in paragraph at lines 216--217
[]\TU/TimesNewRoman(1)/m/n/14.4 Напишите ветвление, присваивающее цвет: [][]\TU
/Consolas(1)/m/n/14.4 r=1,g=0,b=0 []\TU/TimesNewRoman(1)/m/n/14.4 при
 []


Underfull \hbox (badness 4254) in paragraph at lines 221--222
[]\TU/TimesNewRoman(1)/m/n/14.4 Составьте ветвление: если [][]\TU/Consolas(1)/m
/n/14.4 t.mode=="manual" []\TU/TimesNewRoman(1)/m/n/14.4 и [][]\TU/Consolas(1)/
m/n/14.4 t.enabled[]\TU/TimesNewRoman(1)/m/n/14.4 , то
 []

\openout3 = `main.pyg'.


(./_minted-main/351E41EA14D7C60B5016FEA002745AE03A5B508510DE1E0853F2BCC4F280259
F.pygtex [10])
\openout3 = `main.pyg'.


(./_minted-main/325EAE8F0C3663229461835AA0A683473A5B508510DE1E0853F2BCC4F280259
F.pygtex)
\openout3 = `main.pyg'.


(./_minted-main/BF8A9154C0F266302C9F6E9C8B11F0F43A5B508510DE1E0853F2BCC4F280259
F.pygtex) [11]
Underfull \hbox (badness 10000) in paragraph at lines 277--278
[]\TU/TimesNewRoman(1)/m/n/14.4 Создайте таблицу [][]\TU/Consolas(1)/m/n/14.4 s
quares []\TU/TimesNewRoman(1)/m/n/14.4 с полями
 []


Underfull \hbox (badness 1189) in paragraph at lines 283--287
[]\TU/TimesNewRoman(1)/m/n/14.4 - [][]\TU/Consolas(1)/m/n/14.4 Ledbar.new(N) []
\TU/TimesNewRoman(1)/m/n/14.4 создаёт объект управления светодиодами (ис-
 []

\openout3 = `main.pyg'.


(./_minted-main/F5B99275B3E1CDCE9613C612BD4EAF793A5B508510DE1E0853F2BCC4F280259
F.pygtex)
\openout3 = `main.pyg'.


(./_minted-main/5A9A6B031AB626A1B69960A54E29A8673A5B508510DE1E0853F2BCC4F280259
F.pygtex)
\openout3 = `main.pyg'.


(./_minted-main/0845C47EA894B2107AA16C2FFAEA7BA73A5B508510DE1E0853F2BCC4F280259
F.pygtex [12])) [13] (./leds.tex [14

]
Underfull \hbox (badness 6741) in paragraph at lines 31--32
[]\TU/TimesNewRoman(1)/b/n/14.4 Требование: [][]\TU/Consolas(1)/m/n/14.4 Ledbar
.new(25)[]\TU/TimesNewRoman(1)/m/n/14.4 . Значение [][]\TU/Consolas(1)/m/n/14.4
 4 []\TU/TimesNewRoman(1)/m/n/14.4 использовать
 []

\openout3 = `main.pyg'.


(./_minted-main/B8BAFDFAB635A2272E1EB3F72B97AC6F3A5B508510DE1E0853F2BCC4F280259
F.pygtex) [15]
Underfull \hbox (badness 5475) in paragraph at lines 57--58
[][][]\TU/Consolas(1)/m/n/14.4 leds:set(i, r, g, b) []\TU/TimesNewRoman(1)/m/n/
14.4 — задаёт цвет индекса [][]\TU/Consolas(1)/m/n/14.4 i []\TU/TimesNewRoman(1
)/m/n/14.4 ([][]\TU/Consolas(1)/m/n/14.4 r,g,b []\TU/TimesNewRoman(1)/m/n/14.4 
в
 []


Underfull \hbox (badness 10000) in paragraph at lines 64--65
[][][]\TU/Consolas(1)/m/n/14.4 Timer.new(period, fn) []\TU/TimesNewRoman(1)/m/n
/14.4 — создаёт []периодический таймер[];
 []


Underfull \hbox (badness 2698) in paragraph at lines 66--67
[][][]\TU/Consolas(1)/m/n/14.4 Timer.callLater(delay, fn) []\TU/TimesNewRoman(1
)/m/n/14.4 — единичный вызов [][]\TU/Consolas(1)/m/n/14.4 fn []\TU/TimesNewRoma
n(1)/m/n/14.4 через
 []

[16]
\openout3 = `main.pyg'.


(./_minted-main/C50E4893900161E1F9DADC4C72822EB43A5B508510DE1E0853F2BCC4F280259
F.pygtex)
\openout3 = `main.pyg'.


(./_minted-main/50E01F2D0D1AFD0A3447C687074DE2D03A5B508510DE1E0853F2BCC4F280259
F.pygtex)
\openout3 = `main.pyg'.


(./_minted-main/915E6E4A140CB93F6827A82CE877F8843A5B508510DE1E0853F2BCC4F280259
F.pygtex)
\openout3 = `main.pyg'.


(./_minted-main/7D4E7F96ACE2137B59F40ED6DE6710153A5B508510DE1E0853F2BCC4F280259
F.pygtex [17])
Underfull \hbox (badness 10000) in paragraph at lines 135--139
[]\TU/TimesNewRoman(1)/m/n/14.4 Рекомендуемый подход: все анимации строятся на
 []


Underfull \hbox (badness 1436) in paragraph at lines 135--139
\TU/TimesNewRoman(1)/m/n/14.4 небольшие приращения компонент цвета, полная пере
рисовка буфера
 []

[18]
\openout3 = `main.pyg'.


(./_minted-main/B1E4422AAF511E00896BDF5358DAFA343A5B508510DE1E0853F2BCC4F280259
F.pygtex [19])
\openout3 = `main.pyg'.


(./_minted-main/FEFF4657A143E17F9F22838E12C4CBE03A5B508510DE1E0853F2BCC4F280259
F.pygtex [20])
\openout3 = `main.pyg'.


(./_minted-main/699B720343D7F9B55435A8FAB4B6FE703A5B508510DE1E0853F2BCC4F280259
F.pygtex [21])
Underfull \hbox (badness 10000) in paragraph at lines 301--302
[]\TU/TimesNewRoman(1)/m/n/14.4 Чем должно быть начальное значение счётчика в ц
икле?
 []

[22]
Overfull \hbox (26.19243pt too wide) in paragraph at lines 321--321
[][][]\TU/Consolas(1)/m/n/14.4 Timer.callLater(3, function() changeColor({0,0,1
}) end) 
 []


Underfull \hbox (badness 10000) in paragraph at lines 325--326
[]\TU/TimesNewRoman(1)/m/n/14.4 Какой период задать для мигания раз в полсекунд
ы?
 []

[23] [24]
Underfull \hbox (badness 1742) in paragraph at lines 359--360
\TU/TimesNewRoman(1)/m/n/14.4 Ответ: (b). Пояснение: платформа вызывает [][]\TU
/Consolas(1)/m/n/14.4 callback []\TU/TimesNewRoman(1)/m/n/14.4 и передаёт
 []

[25] [26] [27] [28]) [29] (./missions_part1.tex
Underfull \hbox (badness 1087) in paragraph at lines 4--5
[]\TU/TimesNewRoman(1)/m/n/14.4 Автономная миссия — заранее запрограммированная
 последова-
 []


Underfull \hbox (badness 10000) in paragraph at lines 11--12
[]\TU/TimesNewRoman(1)/m/n/14.4 механизм неблокирующих вызовов:
 []


Underfull \hbox (badness 10000) in paragraph at lines 11--12
\TU/Consolas(1)/m/n/14.4 Timer.new(period, fn) \TU/TimesNewRoman(1)/m/n/14.4 — 
периодический,
 []

[30

]
Underfull \hbox (badness 1430) in paragraph at lines 23--24
\TU/TimesNewRoman(1)/m/n/14.4 ной высоты \TU/Consolas(1)/m/n/14.4 Flight_com_ta
keoffAlt\TU/TimesNewRoman(1)/m/n/14.4 . По достижению высоты
 []


Underfull \hbox (badness 10000) in paragraph at lines 29--30
[]\TU/TimesNewRoman(1)/m/n/14.4 Обработчик событий: \TU/Consolas(1)/m/n/14.4 fu
nction callback(event) \TU/TimesNewRoman(1)/m/n/14.4 —
 []


Underfull \hbox (badness 10000) in paragraph at lines 29--30
\TU/TimesNewRoman(1)/m/n/14.4 функция, вызываемая платформой при наступлении \T
U/Consolas(1)/m/n/14.4 Ev.*
 []


Underfull \hbox (badness 3189) in paragraph at lines 29--30
\TU/TimesNewRoman(1)/m/n/14.4 (\TU/Consolas(1)/m/n/14.4 TAKEOFF_COMPLETE\TU/Tim
esNewRoman(1)/m/n/14.4 , \TU/Consolas(1)/m/n/14.4 POINT_REACHED\TU/TimesNewRoma
n(1)/m/n/14.4 , \TU/Consolas(1)/m/n/14.4 COPTER_LANDED\TU/TimesNewRoman(1)/m/n/
14.4 , \TU/Consolas(1)/m/n/14.4 SHOCK\TU/TimesNewRoman(1)/m/n/14.4 ,
 []


Underfull \hbox (badness 1845) in paragraph at lines 29--30
\TU/Consolas(1)/m/n/14.4 LOW_VOLTAGE2\TU/TimesNewRoman(1)/m/n/14.4 ). Внутри \T
U/Consolas(1)/m/n/14.4 callback \TU/TimesNewRoman(1)/m/n/14.4 строятся переходы
 автомата
 []

[31] [32]
Underfull \hbox (badness 1215) in paragraph at lines 43--44
\TU/TimesNewRoman(1)/m/n/14.4 кальной системе координат (метры); оси: X — вперё
д/назад, Y
 []

\openout3 = `main.pyg'.


(./_minted-main/AFE21B7D1BDFFC29F587D397E46B78DB3A5B508510DE1E0853F2BCC4F280259
F.pygtex) [33]
\openout3 = `main.pyg'.


(./_minted-main/988D967D8EC9E9DD7D30F912CB55A3563A5B508510DE1E0853F2BCC4F280259
F.pygtex)
\openout3 = `main.pyg'.


(./_minted-main/57D76E27285647B41261C3923EF460DE3A5B508510DE1E0853F2BCC4F280259
F.pygtex)
Underfull \hbox (badness 10000) in paragraph at lines 98--99
\TU/TimesNewRoman(1)/b/n/14.4 Пояснение. \TU/TimesNewRoman(1)/m/n/14.4 После вз
лёта выполняем полёт к точке
 []

\openout3 = `main.pyg'.


(./_minted-main/5BE5E212CF2632E6902253A0D18CCA8C3A5B508510DE1E0853F2BCC4F280259
F.pygtex [34])
Underfull \hbox (badness 10000) in paragraph at lines 127--128
\TU/TimesNewRoman(1)/b/n/14.4 Пояснение. \TU/TimesNewRoman(1)/m/n/14.4 Идиомати
чный «пошаговый» обход точек: каждое
 []

\openout3 = `main.pyg'.


(./_minted-main/FBB40D984C9448C3E7AAE6639E1EB74F3A5B508510DE1E0853F2BCC4F280259
F.pygtex [35])
Underfull \hbox (badness 1418) in paragraph at lines 156--157
\TU/TimesNewRoman(1)/b/n/14.4 Пояснение. \TU/TimesNewRoman(1)/m/n/14.4 Вершины 
равностороннего треугольника расположены на
 []

\openout3 = `main.pyg'.


(./_minted-main/CE4DD054B1B40F612F6206E8CB0FE6FA3A5B508510DE1E0853F2BCC4F280259
F.pygtex)
\openout3 = `main.pyg'.


(./_minted-main/42F59F0B18931E63B9BABACB12C109FF3A5B508510DE1E0853F2BCC4F280259
F.pygtex [36]) [37]
\openout3 = `main.pyg'.


(./_minted-main/754614B6011EC38400284F851AED06763A5B508510DE1E0853F2BCC4F280259
F.pygtex [38] [39])
Underfull \hbox (badness 10000) in paragraph at lines 314--315
\TU/TimesNewRoman(1)/b/n/14.4 Комментарий. \TU/TimesNewRoman(1)/m/n/14.4 Генера
ция 12 точек окружности, переходы по
 []


Underfull \hbox (badness 10000) in paragraph at lines 314--315
\TU/TimesNewRoman(1)/m/n/14.4 событиям. Рекомендуется заменить \TU/Consolas(1)/
m/n/14.4 while/break \TU/TimesNewRoman(1)/m/n/14.4 на явный
 []


Underfull \hbox (badness 10000) in paragraph at lines 314--315
\TU/TimesNewRoman(1)/m/n/14.4 шаг через таймер или по событию \TU/Consolas(1)/m
/n/14.4 POINT_REACHED\TU/TimesNewRoman(1)/m/n/14.4 . Команда
 []


Underfull \hbox (badness 1609) in paragraph at lines 314--315
\TU/Consolas(1)/m/n/14.4 ap.push(ENGINES_DISARM) \TU/TimesNewRoman(1)/m/n/14.4 
должна использовать пространство имён
 []

\openout3 = `main.pyg'.


(./_minted-main/256653642D8CEC88B6D7E48E4F202EE73A5B508510DE1E0853F2BCC4F280259
F.pygtex [40] [41])
\openout3 = `main.pyg'.


(./_minted-main/50CC03C067CB76A76E6A83E41D051BD63A5B508510DE1E0853F2BCC4F280259
F.pygtex)
\openout3 = `main.pyg'.


(./_minted-main/6FFD34F464517CE3AAEE61A61666034B3A5B508510DE1E0853F2BCC4F280259
F.pygtex [42]) [43]) [44] (./missions_part2.tex
Overfull \hbox (18.27525pt too wide) in paragraph at lines 8--8
[]\TU/Consolas(1)/m/n/14.4 function callback(event) if event==Ev.TAKEOFF_COMPLE
TE
 []

[45

]
Underfull \hbox (badness 10000) in paragraph at lines 29--29
[]\TU/Consolas(1)/m/n/14.4 Timer.new(period, function() ap.goToLocalPoint(...)
 []

[46] [47]
Underfull \hbox (badness 4981) in paragraph at lines 51--54
[]\TU/TimesNewRoman(1)/b/n/14.4 Полёт по окружности радиуса \TU/Consolas(1)/b/n
/14.4 r=0.5 \TU/TimesNewRoman(1)/b/n/14.4 на высоте \TU/Consolas(1)/b/n/14.4 z=
1.0\TU/TimesNewRoman(1)/b/n/14.4 . \TU/TimesNewRoman(1)/m/n/14.4 Тре-
 []


Underfull \hbox (badness 10000) in paragraph at lines 51--54
\TU/TimesNewRoman(1)/m/n/14.4 буется реализовать алгоритм, обеспечивающий устой
чивый по-
 []


Underfull \hbox (badness 10000) in paragraph at lines 51--54
\TU/TimesNewRoman(1)/m/n/14.4 лёт по окружности: выполнить \TU/Consolas(1)/m/n/
14.4 ap.push(Ev.MCE_PREFLIGHT)
 []


Underfull \hbox (badness 10000) in paragraph at lines 51--54
\TU/TimesNewRoman(1)/m/n/14.4 и \TU/Consolas(1)/m/n/14.4 ap.push(Ev.MCE_TAKEOFF
)\TU/TimesNewRoman(1)/m/n/14.4 , запускать обновление точки че-
 []


Underfull \hbox (badness 10000) in paragraph at lines 51--54
\TU/TimesNewRoman(1)/m/n/14.4 рез \TU/Consolas(1)/m/n/14.4 Timer.new(0.1, fn) \
TU/TimesNewRoman(1)/m/n/14.4 после \TU/Consolas(1)/m/n/14.4 Ev.TAKEOFF_COMPLETE
\TU/TimesNewRoman(1)/m/n/14.4 , вы-
 []


Underfull \hbox (badness 6493) in paragraph at lines 51--54
\TU/TimesNewRoman(1)/m/n/14.4 числять \TU/Consolas(1)/m/n/14.4 x=r*cos(theta)\T
U/TimesNewRoman(1)/m/n/14.4 , \TU/Consolas(1)/m/n/14.4 y=r*sin(theta) \TU/Times
NewRoman(1)/m/n/14.4 с переводом граду-
 []


Underfull \hbox (badness 5260) in paragraph at lines 51--54
\TU/TimesNewRoman(1)/m/n/14.4 сов в радианы; при необходимости сопровождать кур
с вызовом
 []


Underfull \hbox (badness 10000) in paragraph at lines 51--54
\TU/Consolas(1)/m/n/14.4 ap.updateYaw(angle*math.pi/180)\TU/TimesNewRoman(1)/m/
n/14.4 ; использовать индикацию
 []

[48]
Underfull \hbox (badness 7740) in paragraph at lines 57--60
[]\TU/TimesNewRoman(1)/b/n/14.4 Траектория «восьмёрка». \TU/TimesNewRoman(1)/m/
n/14.4 Требуется реализовать два состояния
 []


Underfull \hbox (badness 10000) in paragraph at lines 63--66
[]\TU/TimesNewRoman(1)/b/n/14.4 Сопровождение курса \TU/Consolas(1)/b/n/14.4 ya
w\TU/TimesNewRoman(1)/b/n/14.4 . \TU/TimesNewRoman(1)/m/n/14.4 Требуется синхро
низировать
 []


Underfull \hbox (badness 3792) in paragraph at lines 63--66
\TU/Consolas(1)/m/n/14.4 ap.updateYaw \TU/TimesNewRoman(1)/m/n/14.4 с параметро
м окружности, использовать радианы;
 []


Underfull \hbox (badness 5681) in paragraph at lines 66--69
[]\TU/TimesNewRoman(1)/b/n/14.4 Запуск и останов миссии RC-тумблером. \TU/Times
NewRoman(1)/m/n/14.4 Требуется считывать
 []


Underfull \hbox (badness 6526) in paragraph at lines 72--75
[]\TU/TimesNewRoman(1)/b/n/14.4 Посадка при низком напряжении \TU/Consolas(1)/b
/n/14.4 Ev.LOW_VOLTAGE2\TU/TimesNewRoman(1)/b/n/14.4 . \TU/TimesNewRoman(1)/m/n
/14.4 Требует-
 []


Underfull \hbox (badness 1735) in paragraph at lines 72--75
\TU/TimesNewRoman(1)/m/n/14.4 ся остановить миссию, перейти в безопасную точку 
и выполнить
 []

[49]
Underfull \hbox (badness 1205) in paragraph at lines 88--91
[]\TU/TimesNewRoman(1)/b/n/14.4 Динамический радиус окружности по RC7. \TU/Time
sNewRoman(1)/m/n/14.4 Требуется считывать
 []


Underfull \hbox (badness 6220) in paragraph at lines 91--94
[]\TU/TimesNewRoman(1)/b/n/14.4 Ограничение скорости изменения угла \TU/Consola
s(1)/b/n/14.4 angle\TU/TimesNewRoman(1)/b/n/14.4 . \TU/TimesNewRoman(1)/m/n/14.
4 Требуется реа-
 []


Underfull \hbox (badness 2680) in paragraph at lines 91--94
\TU/TimesNewRoman(1)/m/n/14.4 лизовать \TU/Consolas(1)/m/n/14.4 advanceAngle(st
ep) \TU/TimesNewRoman(1)/m/n/14.4 с ограничением \TU/Consolas(1)/m/n/14.4 step 
\TU/TimesNewRoman(1)/m/n/14.4 диапазоном
 []

[50]
Underfull \hbox (badness 10000) in paragraph at lines 100--103
[]\TU/TimesNewRoman(1)/b/n/14.4 Траектория «лепесток». \TU/TimesNewRoman(1)/m/n
/14.4 Требуется реализовать формулу
 []


Underfull \hbox (badness 1721) in paragraph at lines 100--103
\TU/Consolas(1)/m/n/14.4 k>=3 \TU/TimesNewRoman(1)/m/n/14.4 и обновлять точку п
араметрически. \TU/TimesNewRoman(1)/m/it/14.4 Ожидаемый результат:
 []

)
The property list \polyglossia@langsetup contains the pairs (without outer
braces):
>  {latex/script}  =>  {latin}
>  {latex/lcscript}  =>  {latin}
>  {latex/scripttag}  =>  {}
>  {latex/language}  =>  {Latex}
>  {latex/langtag}  =>  {ENG}
>  {latex/bcp47}  =>  {}
>  {latex/hyphennames}  =>  {english}
>  {latex/direction}  =>  {LR}
>  {latex/hyphenmins}  =>  {2,3}
>  {latex/frenchspacing}  =>  {false}
>  {latex/indentfirst}  =>  {false}
>  {latex/fontsetup}  =>  {true}
>  {latex/envname}  =>  {latex}
>  {latex/babelname}  =>  {latex}
>  {latex/localnumeral}  =>  {polyglossia@C@localnumeral}
>  {latex/Localnumeral}  =>  {polyglossia@C@localnumeral}
>  {latex/DefineCommandsCmd}  =>  {use_none:n}
>  {russian/script}  =>  {Cyrillic}
>  {russian/lcscript}  =>  {cyrillic}
>  {russian/scripttag}  =>  {cyrl}
>  {russian/language}  =>  {Russian}
>  {russian/langtag}  =>  {RUS}
>  {russian/bcp47}  =>  {ru}
>  {russian/hyphennames}  =>  {russian}
>  {russian/direction}  =>  {LR}
>  {russian/hyphenmins}  =>  {2,2}
>  {russian/frenchspacing}  =>  {true}
>  {russian/indentfirst}  =>  {true}
>  {russian/fontsetup}  =>  {true}
>  {russian/envname}  =>  {russian}
>  {russian/babelname}  =>  {russian}
>  {russian/localnumeral}  =>  {russiannumerals}
>  {russian/Localnumeral}  =>  {Russiannumerals}
>  {russian/DefineCommandsCmd}  =>  {xpg_define_language_commands:e}.
The property list \__xpg_alias contains the pairs (without outer braces):
>  {latex/target}  =>  {latex}
>  {russian/target}  =>  {russian}
>  {ru/target}  =>  {russian}
>  {ru-luna1918/target}  =>  {russian}
>  {ru-luna1918/options}  =>  {spelling=modern}
>  {ru-petr1708/target}  =>  {russian}
>  {ru-petr1708/options}  =>  {spelling=old}.
 [51] (./main.aux)

Package rerunfilecheck Warning: File `main.out' has changed.
(rerunfilecheck)                Rerun to get outlines right
(rerunfilecheck)                or use package `bookmark'.

Package rerunfilecheck Info: Checksums for `main.out':
(rerunfilecheck)             Before: 2F8CE5423DDB9A6CDF0A30ECB379E570;11247
(rerunfilecheck)             After:  F8323116A452288D7159622C665E3AD0;10921.
runsystem(del main.pyg)...executed.

 ) 
Here is how much of TeX's memory you used:
 18498 strings out of 476683
 390634 string characters out of 5807576
 1878012 words of memory out of 5000000
 38285 multiletter control sequences out of 15000+600000
 516008 words of font info for 122 fonts, out of 8000000 for 9000
 1348 hyphenation exceptions out of 8191
 74i,11n,89p,712b,801s stack positions out of 10000i,1000n,20000p,200000b,200000s

Output written on main.pdf (52 pages).
